<?xml version="1.0" encoding="utf-8"?><testsuites name="pytest tests"><testsuite name="pytest" errors="0" failures="0" skipped="0" tests="14" time="3.233" timestamp="2026-04-02T10:19:45.689224+00:00" hostname="agent-env-3e59b20a-f0c9-4931-a955-2afd0a2a107c"><testcase classname="tests.test_stock_out.TestStockOutAnalysis" name="test_stock_out_endpoint_returns_200" time="0.279" /><testcase classname="tests.test_stock_out.TestStockOutAnalysis" name="test_response_has_summary_field" time="0.192" /><testcase classname="tests.test_stock_out.TestStockOutAnalysis" name="test_response_has_top_skus_array" time="0.205" /><testcase classname="tests.test_stock_out.TestStockOutAnalysis" name="test_response_has_top_stores_array" time="0.261" /><testcase classname="tests.test_stock_out.TestStockOutAnalysis" name="test_response_has_category_impact_array" time="0.197" /><testcase classname="tests.test_stock_out.TestStockOutAnalysis" name="test_response_has_daily_trend_array" time="0.202" /><testcase classname="tests.test_stock_out.TestStockOutAnalysis" name="test_response_has_high_risk_skus_array" time="0.211" /><testcase classname="tests.test_stock_out.TestStockOutAnalysis" name="test_summary_values_are_valid" time="0.200" /><testcase classname="tests.test_stock_out.TestStockOutAnalysis" name="test_filters_work_correctly" time="0.360" /><testcase classname="tests.test_stock_out.TestStockOutAnalysis" name="test_high_risk_sku_risk_values" time="0.284" /><testcase classname="tests.test_stock_out.TestRegressionExistingEndpoints" name="test_gap_analysis_noos_still_works" time="0.178" /><testcase classname="tests.test_stock_out.TestRegressionExistingEndpoints" name="test_gap_analysis_size_gap_still_works" time="0.167" /><testcase classname="tests.test_stock_out.TestRegressionExistingEndpoints" name="test_gap_analysis_ros_gap_still_works" time="0.310" /><testcase classname="tests.test_stock_out.TestRegressionExistingEndpoints" name="test_filter_options_still_works" time="0.119" /></testsuite></testsuites>