<?xml version="1.0" encoding="utf-8"?><testsuites name="pytest tests"><testsuite name="pytest" errors="0" failures="0" skipped="0" tests="24" time="8.703" timestamp="2026-04-03T08:33:41.152650+00:00" hostname="agent-env-3e59b20a-f0c9-4931-a955-2afd0a2a107c"><testcase classname="backend.tests.test_buy_plan_refactoring_iter36.TestBuyPlanOptionsEndpoint" name="test_options_endpoint_exists" time="0.669" /><testcase classname="backend.tests.test_buy_plan_refactoring_iter36.TestBuyPlanOptionsEndpoint" name="test_options_returns_has_data_field" time="0.233" /><testcase classname="backend.tests.test_buy_plan_refactoring_iter36.TestBuyPlanOptionsEndpoint" name="test_options_returns_categories" time="0.229" /><testcase classname="backend.tests.test_buy_plan_refactoring_iter36.TestBuyPlanOptionsEndpoint" name="test_options_returns_channels" time="0.223" /><testcase classname="backend.tests.test_buy_plan_refactoring_iter36.TestBuyPlanOptionsEndpoint" name="test_options_returns_asp_by_category" time="0.217" /><testcase classname="backend.tests.test_buy_plan_refactoring_iter36.TestBuyPlanOptionsEndpoint" name="test_options_returns_data_status" time="0.214" /><testcase classname="backend.tests.test_buy_plan_refactoring_iter36.TestBuyPlanOptionsEndpoint" name="test_options_returns_seasonality" time="0.224" /><testcase classname="backend.tests.test_buy_plan_refactoring_iter36.TestBuyPlanOptionsEndpoint" name="test_options_returns_channel_splits" time="0.222" /><testcase classname="backend.tests.test_buy_plan_refactoring_iter36.TestBuyPlanGenerateWithDynamicData" name="test_generate_returns_data_source_field" time="0.696" /><testcase classname="backend.tests.test_buy_plan_refactoring_iter36.TestBuyPlanGenerateWithDynamicData" name="test_generate_without_categories_uses_dynamic" time="0.334" /><testcase classname="backend.tests.test_buy_plan_refactoring_iter36.TestBuyPlanGenerateWithDynamicData" name="test_generate_with_specific_categories" time="0.530" /><testcase classname="backend.tests.test_buy_plan_refactoring_iter36.TestBuyPlanGenerateWithDynamicData" name="test_generate_uses_dynamic_channels" time="0.555" /><testcase classname="backend.tests.test_buy_plan_refactoring_iter36.TestBuyPlanSummaryEndpoint" name="test_summary_returns_has_uploaded_data_flag" time="0.452" /><testcase classname="backend.tests.test_buy_plan_refactoring_iter36.TestBuyPlanSummaryEndpoint" name="test_summary_returns_dynamic_categories" time="0.139" /><testcase classname="backend.tests.test_buy_plan_refactoring_iter36.TestBuyPlanSummaryEndpoint" name="test_summary_returns_dynamic_channels" time="0.131" /><testcase classname="backend.tests.test_buy_plan_refactoring_iter36.TestBuyPlanSummaryEndpoint" name="test_summary_returns_data_status" time="0.155" /><testcase classname="backend.tests.test_buy_plan_refactoring_iter36.TestExistingEndpointsStillWork" name="test_export_excel_still_works" time="0.823" /><testcase classname="backend.tests.test_buy_plan_refactoring_iter36.TestExistingEndpointsStillWork" name="test_history_still_works" time="0.097" /><testcase classname="backend.tests.test_buy_plan_refactoring_iter36.TestExistingEndpointsStillWork" name="test_generate_still_works_with_full_params" time="0.303" /><testcase classname="backend.tests.test_buy_plan_refactoring_iter36.TestDynamicDataFromUploadedCSV" name="test_options_categories_match_expected_uploaded_data" time="0.541" /><testcase classname="backend.tests.test_buy_plan_refactoring_iter36.TestDynamicDataFromUploadedCSV" name="test_options_channels_match_expected_uploaded_data" time="0.232" /><testcase classname="backend.tests.test_buy_plan_refactoring_iter36.TestOtherModulesNotBroken" name="test_executive_dashboard_still_works" time="1.118" /><testcase classname="backend.tests.test_buy_plan_refactoring_iter36.TestOtherModulesNotBroken" name="test_filter_options_still_works" time="0.158" /><testcase classname="backend.tests.test_buy_plan_refactoring_iter36.TestOtherModulesNotBroken" name="test_upload_status_still_works" time="0.098" /></testsuite></testsuites>