<?xml version="1.0" encoding="utf-8"?><testsuites name="pytest tests"><testsuite name="pytest" errors="0" failures="1" skipped="6" tests="19" time="10.314" timestamp="2026-04-11T17:40:21.234526+00:00" hostname="agent-env-3e59b20a-f0c9-4931-a955-2afd0a2a107c"><testcase classname="backend.tests.test_mfa_endpoints.TestMFAStatus" name="test_mfa_status_unauthenticated" time="0.155" /><testcase classname="backend.tests.test_mfa_endpoints.TestMFAStatus" name="test_mfa_status_authenticated" time="0.281"><skipped type="pytest.skip" message="MFA already enabled - need to disable first">/app/backend/tests/test_mfa_endpoints.py:131: MFA already enabled - need to disable first</skipped></testcase><testcase classname="backend.tests.test_mfa_endpoints.TestMFASetupTOTP" name="test_setup_totp_unauthenticated" time="0.123" /><testcase classname="backend.tests.test_mfa_endpoints.TestMFASetupTOTP" name="test_setup_totp_success" time="0.000"><skipped type="pytest.skip" message="MFA already enabled - need to disable first">/app/backend/tests/test_mfa_endpoints.py:159: MFA already enabled - need to disable first</skipped></testcase><testcase classname="backend.tests.test_mfa_endpoints.TestMFAVerifySetup" name="test_verify_setup_invalid_token" time="0.000"><skipped type="pytest.skip" message="MFA already enabled - need to disable first">/app/backend/tests/test_mfa_endpoints.py:188: MFA already enabled - need to disable first</skipped></testcase><testcase classname="backend.tests.test_mfa_endpoints.TestMFAVerifySetup" name="test_verify_setup_invalid_code" time="0.000"><skipped type="pytest.skip" message="MFA already enabled - need to disable first">/app/backend/tests/test_mfa_endpoints.py:197: MFA already enabled - need to disable first</skipped></testcase><testcase classname="backend.tests.test_mfa_endpoints.TestMFAVerifySetup" name="test_verify_setup_success" time="0.000"><skipped type="pytest.skip" message="MFA already enabled - need to disable first">/app/backend/tests/test_mfa_endpoints.py:214: MFA already enabled - need to disable first</skipped></testcase><testcase classname="backend.tests.test_mfa_endpoints.TestMFALoginFlow" name="test_login_with_mfa_enabled" time="0.705" /><testcase classname="backend.tests.test_mfa_endpoints.TestMFAVerifyTOTP" name="test_verify_totp_invalid_token" time="0.056" /><testcase classname="backend.tests.test_mfa_endpoints.TestMFAVerifyTOTP" name="test_verify_totp_success" time="1.743" /><testcase classname="backend.tests.test_mfa_endpoints.TestMFAEmailOTP" name="test_send_email_otp_invalid_token" time="0.058" /><testcase classname="backend.tests.test_mfa_endpoints.TestMFAEmailOTP" name="test_send_email_otp_success" time="2.029" /><testcase classname="backend.tests.test_mfa_endpoints.TestMFAEmailOTP" name="test_verify_email_otp_invalid_code" time="2.154" /><testcase classname="backend.tests.test_mfa_endpoints.TestMFADisable" name="test_disable_mfa_wrong_password" time="0.681" /><testcase classname="backend.tests.test_mfa_endpoints.TestMFADisable" name="test_disable_mfa_success" time="0.756"><failure message="assert 403 == 200&#10; +  where 403 = &lt;Response [403]&gt;.status_code">backend/tests/test_mfa_endpoints.py:504: in test_disable_mfa_success
    assert response.status_code == 200
E   assert 403 == 200
E    +  where 403 = &lt;Response [403]&gt;.status_code</failure></testcase><testcase classname="backend.tests.test_mfa_endpoints.TestMFATenantEnforce" name="test_tenant_enforce_non_admin" time="0.001"><skipped type="pytest.skip" message="MFA already enabled - need to disable first">/app/backend/tests/test_mfa_endpoints.py:519: MFA already enabled - need to disable first</skipped></testcase><testcase classname="backend.tests.test_mfa_endpoints.TestMFATenantEnforce" name="test_tenant_enforce_admin" time="0.513" /><testcase classname="backend.tests.test_mfa_endpoints.TestMFAEdgeCases" name="test_setup_when_already_enabled" time="0.479" /><testcase classname="backend.tests.test_mfa_endpoints.TestMFAEdgeCases" name="test_disable_when_not_enabled" time="0.369" /></testsuite></testsuites>