<?xml version="1.0" encoding="utf-8"?><testsuites name="pytest tests"><testsuite name="pytest" errors="0" failures="0" skipped="0" tests="10" time="7.124" timestamp="2026-04-16T04:42:08.457779+00:00" hostname="agent-env-3e59b20a-f0c9-4931-a955-2afd0a2a107c"><testcase classname="backend.tests.test_impersonation_iter87.TestImpersonationEndpoint" name="test_01_impersonate_returns_access_token" time="3.683" /><testcase classname="backend.tests.test_impersonation_iter87.TestImpersonationEndpoint" name="test_02_impersonate_returns_user_object" time="0.382" /><testcase classname="backend.tests.test_impersonation_iter87.TestImpersonationEndpoint" name="test_03_impersonate_returns_impersonated_by" time="0.427" /><testcase classname="backend.tests.test_impersonation_iter87.TestImpersonationEndpoint" name="test_04_impersonate_returns_company_name" time="0.382" /><testcase classname="backend.tests.test_impersonation_iter87.TestImpersonationEndpoint" name="test_05_impersonate_returns_tenant_id" time="0.390" /><testcase classname="backend.tests.test_impersonation_iter87.TestImpersonationEndpoint" name="test_06_regular_user_cannot_impersonate" time="0.403" /><testcase classname="backend.tests.test_impersonation_iter87.TestImpersonationEndpoint" name="test_07_impersonate_nonexistent_tenant_404" time="0.415" /><testcase classname="backend.tests.test_impersonation_iter87.TestImpersonationEndpoint" name="test_08_impersonate_without_auth_401" time="0.151" /><testcase classname="backend.tests.test_impersonation_iter87.TestImpersonationEndpoint" name="test_09_impersonation_token_contains_required_fields" time="0.392" /><testcase classname="backend.tests.test_impersonation_iter87.TestImpersonationEndpoint" name="test_10_user_object_contains_permissions" time="0.410" /></testsuite></testsuites>