<?xml version="1.0" encoding="utf-8"?><testsuites name="pytest tests"><testsuite name="pytest" errors="0" failures="0" skipped="0" tests="19" time="4.522" timestamp="2026-04-03T09:51:43.745587+00:00" hostname="agent-env-3e59b20a-f0c9-4931-a955-2afd0a2a107c"><testcase classname="tests.test_onboarding_wizard_iter40.TestOnboardingStatus" name="test_demo_tenant_auto_onboarded" time="0.678" /><testcase classname="tests.test_onboarding_wizard_iter40.TestOnboardingStatus" name="test_acme_tenant_status" time="0.418" /><testcase classname="tests.test_onboarding_wizard_iter40.TestOnboardingReset" name="test_reset_onboarding_acme" time="0.166" /><testcase classname="tests.test_onboarding_wizard_iter40.TestMarketplaceCRUD" name="test_add_marketplace_with_all_fields" time="0.143" /><testcase classname="tests.test_onboarding_wizard_iter40.TestMarketplaceCRUD" name="test_duplicate_marketplace_rejected" time="0.101" /><testcase classname="tests.test_onboarding_wizard_iter40.TestMarketplaceCRUD" name="test_add_second_marketplace" time="0.122" /><testcase classname="tests.test_onboarding_wizard_iter40.TestMarketplaceCRUD" name="test_delete_marketplace" time="0.225" /><testcase classname="tests.test_onboarding_wizard_iter40.TestStoreCRUD" name="test_add_store_with_marketplace_mapping" time="0.143" /><testcase classname="tests.test_onboarding_wizard_iter40.TestStoreCRUD" name="test_duplicate_store_code_rejected" time="0.094" /><testcase classname="tests.test_onboarding_wizard_iter40.TestStoreCRUD" name="test_update_store_marketplace_mapping" time="0.143" /><testcase classname="tests.test_onboarding_wizard_iter40.TestStoreCRUD" name="test_delete_store" time="0.189" /><testcase classname="tests.test_onboarding_wizard_iter40.TestCategoryCRUD" name="test_build_nested_category_hierarchy" time="0.305" /><testcase classname="tests.test_onboarding_wizard_iter40.TestCategoryCRUD" name="test_duplicate_category_rejected" time="0.101" /><testcase classname="tests.test_onboarding_wizard_iter40.TestCategoryCRUD" name="test_delete_parent_cascades_to_children" time="0.359" /><testcase classname="tests.test_onboarding_wizard_iter40.TestSkipStep" name="test_skip_step_marks_complete" time="0.266" /><testcase classname="tests.test_onboarding_wizard_iter40.TestCompleteOnboarding" name="test_complete_onboarding_with_minimum_data" time="0.443" /><testcase classname="tests.test_onboarding_wizard_iter40.TestCompleteOnboarding" name="test_complete_fails_without_required_data" time="0.154" /><testcase classname="tests.test_onboarding_wizard_iter40.TestConcurrentUsers" name="test_concurrent_marketplace_additions" time="0.243" /><testcase classname="tests.test_onboarding_wizard_iter40.TestCleanup" name="test_cleanup_acme_data" time="0.095" /></testsuite></testsuites>