<?xml version="1.0" encoding="utf-8"?><testsuites name="pytest tests"><testsuite name="pytest" errors="0" failures="0" skipped="0" tests="9" time="2.960" timestamp="2026-04-10T10:52:24.262571+00:00" hostname="agent-env-3e59b20a-f0c9-4931-a955-2afd0a2a107c"><testcase classname="backend.tests.test_data_requirements_panel_iter68.TestDataDaysEndpoint" name="test_data_days_increff_returns_90" time="0.698" /><testcase classname="backend.tests.test_data_requirements_panel_iter68.TestDataDaysEndpoint" name="test_data_days_demo_returns_29" time="0.442" /><testcase classname="backend.tests.test_data_requirements_panel_iter68.TestDataDaysEndpoint" name="test_data_days_tenant_isolation" time="0.334" /><testcase classname="backend.tests.test_data_requirements_panel_iter68.TestUploadTemplates" name="test_daily_sales_template" time="0.509" /><testcase classname="backend.tests.test_data_requirements_panel_iter68.TestUploadTemplates" name="test_sku_master_template" time="0.108" /><testcase classname="backend.tests.test_data_requirements_panel_iter68.TestUploadTemplates" name="test_cogs_template" time="0.111" /><testcase classname="backend.tests.test_data_requirements_panel_iter68.TestUploadStatus" name="test_daily_status" time="0.425" /><testcase classname="backend.tests.test_data_requirements_panel_iter68.TestUploadStatus" name="test_master_status" time="0.124" /><testcase classname="backend.tests.test_data_requirements_panel_iter68.TestUploadStatus" name="test_history_days" time="0.124" /></testsuite></testsuites>