<?xml version="1.0" encoding="utf-8"?><testsuites name="pytest tests"><testsuite name="pytest" errors="0" failures="0" skipped="0" tests="63" time="52.428" timestamp="2026-04-03T03:41:57.670909+00:00" hostname="agent-env-3e59b20a-f0c9-4931-a955-2afd0a2a107c"><testcase classname="backend.tests.test_planogram_bi_iter27.TestPlanogramAnalysis" name="test_plan_01_fill_rate_formula" time="0.663" /><testcase classname="backend.tests.test_planogram_bi_iter27.TestPlanogramAnalysis" name="test_plan_02_fill_rate_100_when_stock_equals_norm" time="0.288" /><testcase classname="backend.tests.test_planogram_bi_iter27.TestPlanogramAnalysis" name="test_plan_03_fill_rate_0_when_stock_is_zero" time="0.328" /><testcase classname="backend.tests.test_planogram_bi_iter27.TestPlanogramAnalysis" name="test_plan_04_overall_fill_rate_weighted_average" time="0.275" /><testcase classname="backend.tests.test_planogram_bi_iter27.TestPlanogramAnalysis" name="test_plan_05_category_data_aggregation" time="0.300" /><testcase classname="backend.tests.test_planogram_bi_iter27.TestPlanogramAnalysis" name="test_plan_06_store_data_aggregation" time="0.275" /><testcase classname="backend.tests.test_planogram_bi_iter27.TestPlanogramAnalysis" name="test_plan_07_fill_rate_over_100_when_overstocked" time="0.275" /><testcase classname="backend.tests.test_planogram_bi_iter27.TestPlanogramAnalysis" name="test_plan_08_missing_facings_when_understocked" time="0.283" /><testcase classname="backend.tests.test_planogram_bi_iter27.TestPlanogramAnalysis" name="test_plan_09_status_good_when_fill_rate_gte_90" time="0.289" /><testcase classname="backend.tests.test_planogram_bi_iter27.TestPlanogramAnalysis" name="test_plan_10_status_moderate_when_fill_rate_80_90" time="0.264" /><testcase classname="backend.tests.test_planogram_bi_iter27.TestPlanogramAnalysis" name="test_plan_11_status_critical_when_fill_rate_lt_80" time="0.316" /><testcase classname="backend.tests.test_planogram_bi_iter27.TestPlanogramAnalysis" name="test_plan_12_store_data_has_critical_status" time="0.360" /><testcase classname="backend.tests.test_planogram_bi_iter27.TestPlanogramAnalysis" name="test_plan_13_compliance_trend_weekly" time="0.289" /><testcase classname="backend.tests.test_planogram_bi_iter27.TestPlanogramAnalysis" name="test_plan_14_category_data_has_status" time="0.275" /><testcase classname="backend.tests.test_planogram_bi_iter27.TestPlanogramAnalysis" name="test_plan_21_lost_sales_formula" time="0.291" /><testcase classname="backend.tests.test_planogram_bi_iter27.TestPlanogramAnalysis" name="test_plan_22_lost_sales_zero_when_no_missing" time="0.297" /><testcase classname="backend.tests.test_planogram_bi_iter27.TestPlanogramAnalysis" name="test_plan_23_lost_sales_by_category" time="0.302" /><testcase classname="backend.tests.test_planogram_bi_iter27.TestPlanogramAnalysis" name="test_plan_24_lost_sales_by_store" time="0.270" /><testcase classname="backend.tests.test_planogram_bi_iter27.TestPlanogramAnalysis" name="test_plan_25_total_lost_sales" time="0.272" /><testcase classname="backend.tests.test_planogram_bi_iter27.TestPlanogramPrePost" name="test_plan_15_pre_fill_rate" time="0.518" /><testcase classname="backend.tests.test_planogram_bi_iter27.TestPlanogramPrePost" name="test_plan_16_post_fill_rate" time="0.413" /><testcase classname="backend.tests.test_planogram_bi_iter27.TestPlanogramPrePost" name="test_plan_17_improvement" time="0.428" /><testcase classname="backend.tests.test_planogram_bi_iter27.TestPlanogramPrePost" name="test_plan_18_improvement_pct" time="0.422" /><testcase classname="backend.tests.test_planogram_bi_iter27.TestPlanogramPrePost" name="test_plan_19_status_distributions" time="0.433" /><testcase classname="backend.tests.test_planogram_bi_iter27.TestPlanogramPrePost" name="test_plan_20_stores_improved_counts" time="0.432" /><testcase classname="backend.tests.test_planogram_bi_iter27.TestPlanogramTrend" name="test_plan_26_daily_trend" time="0.162" /><testcase classname="backend.tests.test_planogram_bi_iter27.TestPlanogramTrend" name="test_plan_27_weekly_trend" time="0.150" /><testcase classname="backend.tests.test_planogram_bi_iter27.TestPlanogramTrend" name="test_plan_28_monthly_trend" time="0.131" /><testcase classname="backend.tests.test_planogram_bi_iter27.TestPlanogramTrend" name="test_plan_29_target_field" time="0.204" /><testcase classname="backend.tests.test_planogram_bi_iter27.TestPlanogramTrend" name="test_plan_30_moving_avg_field" time="0.146" /><testcase classname="backend.tests.test_planogram_bi_iter27.TestPlanogramTrend" name="test_plan_31_alerts_array" time="0.141" /><testcase classname="backend.tests.test_planogram_bi_iter27.TestBIOverview" name="test_bi_01_revenue_value" time="0.214" /><testcase classname="backend.tests.test_planogram_bi_iter27.TestBIOverview" name="test_bi_02_quantity_value" time="0.211" /><testcase classname="backend.tests.test_planogram_bi_iter27.TestBIOverview" name="test_bi_03_asp_value" time="0.202" /><testcase classname="backend.tests.test_planogram_bi_iter27.TestBIOverview" name="test_bi_04_discount_pct" time="0.232" /><testcase classname="backend.tests.test_planogram_bi_iter27.TestBIOverview" name="test_bi_05_trend_field" time="0.247" /><testcase classname="backend.tests.test_planogram_bi_iter27.TestBIOverview" name="test_bi_06_wow_change" time="0.221" /><testcase classname="backend.tests.test_planogram_bi_iter27.TestBIOverview" name="test_bi_07_yoy_change" time="0.278" /><testcase classname="backend.tests.test_planogram_bi_iter27.TestBIOverview" name="test_bi_08_target_and_progress" time="0.206" /><testcase classname="backend.tests.test_planogram_bi_iter27.TestBIRevenueTrend" name="test_bi_09_daily_revenue_trend" time="0.190" /><testcase classname="backend.tests.test_planogram_bi_iter27.TestBIRevenueTrend" name="test_bi_10_weekly_revenue_trend" time="0.187" /><testcase classname="backend.tests.test_planogram_bi_iter27.TestBIRevenueTrend" name="test_bi_11_monthly_revenue_trend" time="0.204" /><testcase classname="backend.tests.test_planogram_bi_iter27.TestBIRevenueTrend" name="test_bi_12_revenue_trend_filters" time="0.197" /><testcase classname="backend.tests.test_planogram_bi_iter27.TestBIRevenueTrend" name="test_bi_13_previous_period_comparison" time="0.199" /><testcase classname="backend.tests.test_planogram_bi_iter27.TestBIRevenueTrend" name="test_bi_14_drill_down_array" time="0.212" /><testcase classname="backend.tests.test_planogram_bi_iter27.TestBIChannels" name="test_bi_15_channel_revenue" time="0.229" /><testcase classname="backend.tests.test_planogram_bi_iter27.TestBIChannels" name="test_bi_16_channel_quantity" time="0.271" /><testcase classname="backend.tests.test_planogram_bi_iter27.TestBIChannels" name="test_bi_17_marketplace_names" time="0.216" /><testcase classname="backend.tests.test_planogram_bi_iter27.TestBIChannels" name="test_bi_18_channel_growth_pct" time="0.216" /><testcase classname="backend.tests.test_planogram_bi_iter27.TestBIChannels" name="test_bi_19_channel_filter" time="0.198" /><testcase classname="backend.tests.test_planogram_bi_iter27.TestBICategories" name="test_bi_21_category_revenue" time="0.218" /><testcase classname="backend.tests.test_planogram_bi_iter27.TestBICategories" name="test_bi_22_category_quantity" time="0.217" /><testcase classname="backend.tests.test_planogram_bi_iter27.TestBICategories" name="test_bi_23_top5_categories" time="0.212" /><testcase classname="backend.tests.test_planogram_bi_iter27.TestBICategories" name="test_bi_24_category_growth_pct" time="35.915" /><testcase classname="backend.tests.test_planogram_bi_iter27.TestBICategories" name="test_bi_25_category_filter" time="0.247" /><testcase classname="backend.tests.test_planogram_bi_iter27.TestBICategories" name="test_bi_26_style_breakdown" time="0.220" /><testcase classname="backend.tests.test_planogram_bi_iter27.TestBIRegions" name="test_bi_27_region_revenue" time="0.231" /><testcase classname="backend.tests.test_planogram_bi_iter27.TestBIRegions" name="test_bi_28_region_growth_pct" time="0.233" /><testcase classname="backend.tests.test_planogram_bi_iter27.TestBIRegions" name="test_bi_29_top_region" time="0.298" /><testcase classname="backend.tests.test_planogram_bi_iter27.TestBIRegions" name="test_bi_30_region_filter" time="0.215" /><testcase classname="backend.tests.test_planogram_bi_iter27.TestBIRegions" name="test_bi_31_city_breakdown" time="0.243" /><testcase classname="backend.tests.test_planogram_bi_iter27.TestBIFutureFeatures" name="test_bi_34_schedule_email_not_implemented" time="0.235" /><testcase classname="backend.tests.test_planogram_bi_iter27.TestBIFutureFeatures" name="test_bi_35_share_link_not_implemented" time="0.221" /></testsuite></testsuites>