<?xml version="1.0" encoding="utf-8"?><testsuites name="pytest tests"><testsuite name="pytest" errors="0" failures="0" skipped="0" tests="18" time="13.616" timestamp="2026-04-03T07:03:52.321425+00:00" hostname="agent-env-3e59b20a-f0c9-4931-a955-2afd0a2a107c"><testcase classname="backend.tests.test_ai_demand_25point_compliance.TestAIDemand25PointCompliance" name="test_des_03_forecast_models_used" time="2.480" /><testcase classname="backend.tests.test_ai_demand_25point_compliance.TestAIDemand25PointCompliance" name="test_des_05_multi_tenant_context" time="0.783" /><testcase classname="backend.tests.test_ai_demand_25point_compliance.TestAIDemand25PointCompliance" name="test_des_06_stockout_ros_field" time="0.480" /><testcase classname="backend.tests.test_ai_demand_25point_compliance.TestAIDemand25PointCompliance" name="test_des_07_forecast_seasonality_factors" time="0.628" /><testcase classname="backend.tests.test_ai_demand_25point_compliance.TestAIDemand25PointCompliance" name="test_des_08_supply_feasibility_doh_status" time="0.441" /><testcase classname="backend.tests.test_ai_demand_25point_compliance.TestAIDemand25PointCompliance" name="test_des_09_reorder_point_safety_stock" time="0.505" /><testcase classname="backend.tests.test_ai_demand_25point_compliance.TestAIDemand25PointCompliance" name="test_des_10_stockout_risk_levels" time="0.489" /><testcase classname="backend.tests.test_ai_demand_25point_compliance.TestAIDemand25PointCompliance" name="test_des_11_topseller_x_factor" time="0.451" /><testcase classname="backend.tests.test_ai_demand_25point_compliance.TestAIDemand25PointCompliance" name="test_des_17_demand_plan_persistence" time="0.764" /><testcase classname="backend.tests.test_ai_demand_25point_compliance.TestAIDemand25PointCompliance" name="test_des_20_rbac_generate_plan" time="1.038" /><testcase classname="backend.tests.test_ai_demand_25point_compliance.TestAIDemand25PointCompliance" name="test_des_21_new_tenant_fallback" time="0.677" /><testcase classname="backend.tests.test_ai_demand_25point_compliance.TestAIDemand25PointCompliance" name="test_des_22_insufficient_data_flag" time="0.617" /><testcase classname="backend.tests.test_ai_demand_25point_compliance.TestAIDemand25PointCompliance" name="test_des_23_rate_limiting" time="1.315" /><testcase classname="backend.tests.test_ai_demand_25point_compliance.TestAIDemand25PointCompliance" name="test_des_24_optimistic_locking" time="0.815" /><testcase classname="backend.tests.test_ai_demand_25point_compliance.TestAIDemand25PointCompliance" name="test_supply_feasibility_endpoint_exists" time="0.440" /><testcase classname="backend.tests.test_ai_demand_25point_compliance.TestAIDemand25PointCompliance" name="test_stockout_doh_status_in_items" time="0.491" /><testcase classname="backend.tests.test_ai_demand_25point_compliance.TestAIDemand25PointCompliance" name="test_reorder_doh_status_in_items" time="0.451" /><testcase classname="backend.tests.test_ai_demand_25point_compliance.TestAIDemand25PointCompliance" name="test_plans_list_endpoint" time="0.477" /></testsuite></testsuites>