<?xml version="1.0" encoding="utf-8"?><testsuites name="pytest tests"><testsuite name="pytest" errors="0" failures="0" skipped="0" tests="17" time="4.164" timestamp="2026-04-09T09:51:53.077711+00:00" hostname="agent-env-3e59b20a-f0c9-4931-a955-2afd0a2a107c"><testcase classname="backend.tests.test_data_health_iter56.TestDataHealthEndpoint" name="test_data_health_endpoint_returns_200" time="0.550" /><testcase classname="backend.tests.test_data_health_iter56.TestDataHealthEndpoint" name="test_data_health_has_required_fields" time="0.172" /><testcase classname="backend.tests.test_data_health_iter56.TestDataHealthEndpoint" name="test_daily_sales_structure" time="0.203" /><testcase classname="backend.tests.test_data_health_iter56.TestDataHealthEndpoint" name="test_store_inventory_structure" time="0.185" /><testcase classname="backend.tests.test_data_health_iter56.TestDataHealthEndpoint" name="test_warehouse_inventory_structure" time="0.169" /><testcase classname="backend.tests.test_data_health_iter56.TestDataHealthEndpoint" name="test_sku_master_structure" time="0.155" /><testcase classname="backend.tests.test_data_health_iter56.TestDataHealthEndpoint" name="test_store_master_structure" time="0.172" /><testcase classname="backend.tests.test_data_health_iter56.TestDataHealthEndpoint" name="test_lead_times_structure" time="0.160" /><testcase classname="backend.tests.test_data_health_iter56.TestDataHealthEndpoint" name="test_forecast_readiness_structure" time="0.158" /><testcase classname="backend.tests.test_data_health_iter56.TestDataHealthEndpoint" name="test_data_source_field" time="0.195" /><testcase classname="backend.tests.test_data_health_iter56.TestAIDemandRegressionEndpoints" name="test_forecast_endpoint" time="0.902" /><testcase classname="backend.tests.test_data_health_iter56.TestAIDemandRegressionEndpoints" name="test_stockout_risk_endpoint" time="0.201" /><testcase classname="backend.tests.test_data_health_iter56.TestAIDemandRegressionEndpoints" name="test_reorder_optimisation_endpoint" time="0.183" /><testcase classname="backend.tests.test_data_health_iter56.TestAIDemandRegressionEndpoints" name="test_supply_feasibility_endpoint" time="0.179" /><testcase classname="backend.tests.test_data_health_iter56.TestAIDemandRegressionEndpoints" name="test_topseller_prediction_endpoint" time="0.198" /><testcase classname="backend.tests.test_data_health_iter56.TestAIDemandRegressionEndpoints" name="test_options_endpoint" time="0.166" /><testcase classname="backend.tests.test_data_health_iter56.TestAIDemandRegressionEndpoints" name="test_plans_list_endpoint" time="0.122" /></testsuite></testsuites>