<?xml version="1.0" encoding="utf-8"?><testsuites name="pytest tests"><testsuite name="pytest" errors="0" failures="1" skipped="0" tests="19" time="12.928" timestamp="2026-04-10T11:07:32.700723+00:00" hostname="agent-env-3e59b20a-f0c9-4931-a955-2afd0a2a107c"><testcase classname="backend.tests.test_onboarding_iter69.TestOnboardingStatusStructure" name="test_01_status_endpoint_returns_200" time="4.409" /><testcase classname="backend.tests.test_onboarding_iter69.TestOnboardingStatusStructure" name="test_02_status_has_is_onboarded_field" time="0.642" /><testcase classname="backend.tests.test_onboarding_iter69.TestOnboardingStatusStructure" name="test_03_status_has_current_step_field" time="0.566" /><testcase classname="backend.tests.test_onboarding_iter69.TestOnboardingStatusStructure" name="test_04_status_has_progress_percentage_field" time="0.588" /><testcase classname="backend.tests.test_onboarding_iter69.TestOnboardingStatusStructure" name="test_05_status_has_sample_data_loaded_field" time="0.548" /><testcase classname="backend.tests.test_onboarding_iter69.TestOnboardingStatusStructure" name="test_06_status_has_master_data_object" time="0.550" /><testcase classname="backend.tests.test_onboarding_iter69.TestOnboardingStatusStructure" name="test_07_status_has_transactional_data_object" time="0.562" /><testcase classname="backend.tests.test_onboarding_iter69.TestOnboardingStatusIncreffTenant" name="test_08_increff_is_onboarded_true" time="0.550" /><testcase classname="backend.tests.test_onboarding_iter69.TestOnboardingStatusIncreffTenant" name="test_09_increff_current_step_4" time="0.540" /><testcase classname="backend.tests.test_onboarding_iter69.TestOnboardingStatusIncreffTenant" name="test_10_increff_progress_100" time="0.585" /><testcase classname="backend.tests.test_onboarding_iter69.TestOnboardingStatusDemoTenant" name="test_11_demo_is_onboarded_true" time="0.447" /><testcase classname="backend.tests.test_onboarding_iter69.TestOnboardingStatusDemoTenant" name="test_12_demo_has_all_data_types" time="0.389" /><testcase classname="backend.tests.test_onboarding_iter69.TestOnboardingSkipEndpoint" name="test_13_skip_returns_200" time="0.397" /><testcase classname="backend.tests.test_onboarding_iter69.TestOnboardingSkipEndpoint" name="test_14_skip_returns_success" time="0.400" /><testcase classname="backend.tests.test_onboarding_iter69.TestOnboardingCompleteEndpoint" name="test_15_complete_returns_200" time="0.380" /><testcase classname="backend.tests.test_onboarding_iter69.TestOnboardingCompleteEndpoint" name="test_16_complete_returns_success" time="0.379" /><testcase classname="backend.tests.test_onboarding_iter69.TestOnboardingResetEndpoint" name="test_17_reset_returns_200" time="0.376" /><testcase classname="backend.tests.test_onboarding_iter69.TestOnboardingResetEndpoint" name="test_18_reset_returns_success" time="0.403" /><testcase classname="backend.tests.test_onboarding_iter69.TestOnboardingWithoutAuth" name="test_19_status_without_auth" time="0.097"><failure message="AssertionError: Expected 200, got 401&#10;assert 401 == 200&#10; +  where 401 = &lt;Response [401]&gt;.status_code">backend/tests/test_onboarding_iter69.py:301: in test_19_status_without_auth
    assert response.status_code == 200, f"Expected 200, got {response.status_code}"
E   AssertionError: Expected 200, got 401
E   assert 401 == 200
E    +  where 401 = &lt;Response [401]&gt;.status_code</failure></testcase></testsuite></testsuites>