<?xml version="1.0" encoding="utf-8"?><testsuites name="pytest tests"><testsuite name="pytest" errors="0" failures="0" skipped="0" tests="35" time="4.687" timestamp="2026-04-02T19:56:16.120222+00:00" hostname="agent-env-3e59b20a-f0c9-4931-a955-2afd0a2a107c"><testcase classname="backend.tests.test_stock_out_module6.TestStockOutIdentification" name="test_SO_01_stockout_when_soh_zero_and_ros_positive" time="0.610" /><testcase classname="backend.tests.test_stock_out_module6.TestStockOutIdentification" name="test_SO_02_non_stockout_when_soh_positive_and_ros_positive" time="0.000" /><testcase classname="backend.tests.test_stock_out_module6.TestStockOutIdentification" name="test_SO_03_not_stockout_when_soh_zero_and_ros_zero" time="0.000" /><testcase classname="backend.tests.test_stock_out_module6.TestStockOutIdentification" name="test_SO_04_not_stockout_when_soh_zero_and_ros_undefined" time="0.000" /><testcase classname="backend.tests.test_stock_out_module6.TestStockOutIdentification" name="test_SO_05_daily_trend_has_daily_stockout_counts" time="0.000" /><testcase classname="backend.tests.test_stock_out_module6.TestStockOutIdentification" name="test_SO_06_weekly_trend_has_weekly_stockout_counts" time="0.000" /><testcase classname="backend.tests.test_stock_out_module6.TestStockOutIdentification" name="test_SO_07_monthly_trend_has_monthly_stockout_counts" time="0.000" /><testcase classname="backend.tests.test_stock_out_module6.TestStockOutIdentification" name="test_SO_08_stockout_rate_formula" time="0.000" /><testcase classname="backend.tests.test_stock_out_module6.TestSalesLossCalculation" name="test_SO_09_daily_sales_loss_formula" time="0.395" /><testcase classname="backend.tests.test_stock_out_module6.TestSalesLossCalculation" name="test_SO_10_non_stockout_items_not_in_loss_calculation" time="0.000" /><testcase classname="backend.tests.test_stock_out_module6.TestSalesLossCalculation" name="test_SO_11_stockout_days_and_severity_fields" time="0.000" /><testcase classname="backend.tests.test_stock_out_module6.TestSalesLossCalculation" name="test_SO_12_top_skus_have_avg_asp" time="0.000" /><testcase classname="backend.tests.test_stock_out_module6.TestSalesLossCalculation" name="test_SO_13_category_impact_array" time="0.000" /><testcase classname="backend.tests.test_stock_out_module6.TestSalesLossCalculation" name="test_SO_14_top_stores_array" time="0.000" /><testcase classname="backend.tests.test_stock_out_module6.TestSalesLossCalculation" name="test_SO_15_total_lost_sales_grand_total" time="0.000" /><testcase classname="backend.tests.test_stock_out_module6.TestStockOutTrends" name="test_SO_16_period_trends_wtd" time="0.388" /><testcase classname="backend.tests.test_stock_out_module6.TestStockOutTrends" name="test_SO_17_period_trends_mtd" time="0.000" /><testcase classname="backend.tests.test_stock_out_module6.TestStockOutTrends" name="test_SO_18_period_trends_qtd" time="0.000" /><testcase classname="backend.tests.test_stock_out_module6.TestStockOutTrends" name="test_SO_19_period_trends_ytd" time="0.000" /><testcase classname="backend.tests.test_stock_out_module6.TestStockOutTrends" name="test_SO_20_prev_period_trend" time="0.000" /><testcase classname="backend.tests.test_stock_out_module6.TestStockOutTrends" name="test_SO_21_projected_trend" time="0.000" /><testcase classname="backend.tests.test_stock_out_module6.TestStockOutTrends" name="test_SO_22_moving_avg_with_ma7" time="0.000" /><testcase classname="backend.tests.test_stock_out_module6.TestHeatmapAnalysis" name="test_SO_23_store_heatmap_array" time="0.502" /><testcase classname="backend.tests.test_stock_out_module6.TestHeatmapAnalysis" name="test_SO_24_category_heatmap_array" time="0.000" /><testcase classname="backend.tests.test_stock_out_module6.TestHeatmapAnalysis" name="test_SO_27_region_filter_affects_data" time="0.368" /><testcase classname="backend.tests.test_stock_out_module6.TestPredictiveAnalysis" name="test_SO_29_high_risk_skus_identification" time="0.402" /><testcase classname="backend.tests.test_stock_out_module6.TestPredictiveAnalysis" name="test_SO_30_days_to_stockout_formula" time="0.000" /><testcase classname="backend.tests.test_stock_out_module6.TestPredictiveAnalysis" name="test_SO_31_critical_risk_threshold" time="0.000" /><testcase classname="backend.tests.test_stock_out_module6.TestPredictiveAnalysis" name="test_SO_32_alternative_suggestions_array" time="0.000" /><testcase classname="backend.tests.test_stock_out_module6.TestPredictiveAnalysis" name="test_SO_33_reorder_recommendations_array" time="0.000" /><testcase classname="backend.tests.test_stock_out_module6.TestPredictiveAnalysis" name="test_SO_34_reorder_uses_safety_days" time="0.000" /><testcase classname="backend.tests.test_stock_out_module6.TestPredictiveAnalysis" name="test_SO_35_seasonal_demand_adjustment" time="0.000" /><testcase classname="backend.tests.test_stock_out_module6.TestResponseStructure" name="test_endpoint_returns_200" time="0.392" /><testcase classname="backend.tests.test_stock_out_module6.TestResponseStructure" name="test_complete_response_structure" time="0.380" /><testcase classname="backend.tests.test_stock_out_module6.TestResponseStructure" name="test_filters_work" time="1.007" /></testsuite></testsuites>