<?xml version="1.0" encoding="utf-8"?><testsuites name="pytest tests"><testsuite name="pytest" errors="0" failures="0" skipped="0" tests="31" time="5.242" timestamp="2026-04-03T09:20:03.405413+00:00" hostname="agent-env-3e59b20a-f0c9-4931-a955-2afd0a2a107c"><testcase classname="backend.tests.test_onboarding_wizard_iter38.TestOnboardingAuth" name="test_login_demo_tenant" time="0.351" /><testcase classname="backend.tests.test_onboarding_wizard_iter38.TestOnboardingStatus" name="test_get_onboarding_status" time="0.388" /><testcase classname="backend.tests.test_onboarding_wizard_iter38.TestOnboardingStatus" name="test_demo_tenant_auto_onboarded" time="0.043" /><testcase classname="backend.tests.test_onboarding_wizard_iter38.TestMarketplacesCRUD" name="test_get_marketplaces" time="0.380" /><testcase classname="backend.tests.test_onboarding_wizard_iter38.TestMarketplacesCRUD" name="test_create_marketplace" time="0.153" /><testcase classname="backend.tests.test_onboarding_wizard_iter38.TestMarketplacesCRUD" name="test_duplicate_marketplace_rejected" time="0.047" /><testcase classname="backend.tests.test_onboarding_wizard_iter38.TestMarketplacesCRUD" name="test_delete_marketplace" time="0.095" /><testcase classname="backend.tests.test_onboarding_wizard_iter38.TestMarketplacesCRUD" name="test_delete_nonexistent_marketplace" time="0.050" /><testcase classname="backend.tests.test_onboarding_wizard_iter38.TestStoresCRUD" name="test_get_stores" time="0.368" /><testcase classname="backend.tests.test_onboarding_wizard_iter38.TestStoresCRUD" name="test_create_store" time="0.137" /><testcase classname="backend.tests.test_onboarding_wizard_iter38.TestStoresCRUD" name="test_duplicate_store_rejected" time="0.044" /><testcase classname="backend.tests.test_onboarding_wizard_iter38.TestStoresCRUD" name="test_update_store_marketplaces" time="0.186" /><testcase classname="backend.tests.test_onboarding_wizard_iter38.TestStoresCRUD" name="test_delete_store" time="0.095" /><testcase classname="backend.tests.test_onboarding_wizard_iter38.TestStoresCRUD" name="test_delete_nonexistent_store" time="0.044" /><testcase classname="backend.tests.test_onboarding_wizard_iter38.TestCategoriesCRUD" name="test_get_category_tree" time="0.375" /><testcase classname="backend.tests.test_onboarding_wizard_iter38.TestCategoriesCRUD" name="test_create_root_category" time="0.096" /><testcase classname="backend.tests.test_onboarding_wizard_iter38.TestCategoriesCRUD" name="test_create_child_category" time="0.181" /><testcase classname="backend.tests.test_onboarding_wizard_iter38.TestCategoriesCRUD" name="test_create_category_invalid_parent" time="0.045" /><testcase classname="backend.tests.test_onboarding_wizard_iter38.TestCategoriesCRUD" name="test_duplicate_category_rejected" time="0.043" /><testcase classname="backend.tests.test_onboarding_wizard_iter38.TestCategoriesCRUD" name="test_delete_category_with_children" time="0.098" /><testcase classname="backend.tests.test_onboarding_wizard_iter38.TestCategoriesCRUD" name="test_delete_nonexistent_category" time="0.048" /><testcase classname="backend.tests.test_onboarding_wizard_iter38.TestOnboardingWorkflow" name="test_skip_step" time="0.462" /><testcase classname="backend.tests.test_onboarding_wizard_iter38.TestOnboardingWorkflow" name="test_skip_invalid_step" time="0.089" /><testcase classname="backend.tests.test_onboarding_wizard_iter38.TestOnboardingWorkflow" name="test_complete_onboarding_requires_all_steps" time="0.096" /><testcase classname="backend.tests.test_onboarding_wizard_iter38.TestOnboardingWorkflow" name="test_complete_onboarding_after_skips" time="0.185" /><testcase classname="backend.tests.test_onboarding_wizard_iter38.TestOnboardingWorkflow" name="test_reset_onboarding" time="0.145" /><testcase classname="backend.tests.test_onboarding_wizard_iter38.TestOnboardingDataValidation" name="test_marketplace_required_fields" time="0.384" /><testcase classname="backend.tests.test_onboarding_wizard_iter38.TestOnboardingDataValidation" name="test_store_required_fields" time="0.045" /><testcase classname="backend.tests.test_onboarding_wizard_iter38.TestOnboardingDataValidation" name="test_category_required_fields" time="0.047" /><testcase classname="backend.tests.test_onboarding_wizard_iter38.TestOnboardingDataValidation" name="test_marketplace_currency_enum" time="0.243" /><testcase classname="backend.tests.test_onboarding_wizard_iter38.TestOnboardingDataValidation" name="test_store_type_enum" time="0.142" /></testsuite></testsuites>