<?xml version="1.0" encoding="utf-8"?><testsuites name="pytest tests"><testsuite name="pytest" errors="0" failures="0" skipped="0" tests="18" time="4.482" timestamp="2026-04-16T07:42:53.870231+00:00" hostname="agent-env-3e59b20a-f0c9-4931-a955-2afd0a2a107c"><testcase classname="tests.test_ip_whitelist_upload_iter94.TestIPWhitelistAPI" name="test_01_get_ip_whitelist_returns_config" time="0.454" /><testcase classname="tests.test_ip_whitelist_upload_iter94.TestIPWhitelistAPI" name="test_02_put_ip_whitelist_sets_ips_and_enabled" time="0.467" /><testcase classname="tests.test_ip_whitelist_upload_iter94.TestIPWhitelistAPI" name="test_03_put_ip_whitelist_validates_invalid_ip" time="0.567" /><testcase classname="tests.test_ip_whitelist_upload_iter94.TestIPWhitelistAPI" name="test_04_put_ip_whitelist_accepts_cidr_ranges" time="0.456" /><testcase classname="tests.test_ip_whitelist_upload_iter94.TestIPWhitelistAPI" name="test_05_put_ip_whitelist_accepts_mixed_ips_and_cidr" time="0.447" /><testcase classname="tests.test_ip_whitelist_upload_iter94.TestIPWhitelistAPI" name="test_06_verify_whitelist_persisted" time="0.557" /><testcase classname="tests.test_ip_whitelist_upload_iter94.TestIPWhitelistAPI" name="test_07_cleanup_whitelist" time="0.458" /><testcase classname="tests.test_ip_whitelist_upload_iter94.TestIPWhitelistAuthorization" name="test_08_get_whitelist_without_auth_returns_error" time="0.105" /><testcase classname="tests.test_ip_whitelist_upload_iter94.TestIPWhitelistAuthorization" name="test_09_put_whitelist_without_auth_returns_error" time="0.120" /><testcase classname="tests.test_ip_whitelist_upload_iter94.TestUploadPipelineOptimizations" name="test_10_batch_size_is_5000" time="0.000" /><testcase classname="tests.test_ip_whitelist_upload_iter94.TestUploadPipelineOptimizations" name="test_11_parallel_master_data_fetches" time="0.000" /><testcase classname="tests.test_ip_whitelist_upload_iter94.TestUploadPipelineOptimizations" name="test_12_bulk_delete_uses_in_operator" time="0.000" /><testcase classname="tests.test_ip_whitelist_upload_iter94.TestUploadPipelineOptimizations" name="test_13_no_per_day_loop_for_delete" time="0.000" /><testcase classname="tests.test_ip_whitelist_upload_iter94.TestIPWhitelistMiddleware" name="test_14_middleware_exists" time="0.001" /><testcase classname="tests.test_ip_whitelist_upload_iter94.TestIPWhitelistMiddleware" name="test_15_middleware_super_admin_bypass" time="0.001" /><testcase classname="tests.test_ip_whitelist_upload_iter94.TestIPWhitelistMiddleware" name="test_16_middleware_uses_ipaddress_module" time="0.000" /><testcase classname="tests.test_ip_whitelist_upload_iter94.TestTenantNotFound" name="test_17_get_whitelist_nonexistent_tenant_returns_404" time="0.378" /><testcase classname="tests.test_ip_whitelist_upload_iter94.TestTenantNotFound" name="test_18_put_whitelist_nonexistent_tenant_returns_404" time="0.374" /></testsuite></testsuites>