<?xml version="1.0" encoding="utf-8"?><testsuites name="pytest tests"><testsuite name="pytest" errors="0" failures="0" skipped="0" tests="19" time="4.371" timestamp="2026-04-02T10:43:29.132783+00:00" hostname="agent-env-3e59b20a-f0c9-4931-a955-2afd0a2a107c"><testcase classname="backend.tests.test_doh_analysis.TestDOHAnalysisAPI" name="test_doh_endpoint_returns_200" time="0.266" /><testcase classname="backend.tests.test_doh_analysis.TestDOHAnalysisAPI" name="test_doh_response_has_summary" time="0.201" /><testcase classname="backend.tests.test_doh_analysis.TestDOHAnalysisAPI" name="test_doh_response_has_store_data" time="0.224" /><testcase classname="backend.tests.test_doh_analysis.TestDOHAnalysisAPI" name="test_doh_response_has_category_data" time="0.263" /><testcase classname="backend.tests.test_doh_analysis.TestDOHAnalysisAPI" name="test_doh_response_has_trend_data" time="0.243" /><testcase classname="backend.tests.test_doh_analysis.TestDOHAnalysisAPI" name="test_doh_response_has_detail" time="0.204" /><testcase classname="backend.tests.test_doh_analysis.TestDOHAnalysisAPI" name="test_doh_response_has_recommendations" time="0.212" /><testcase classname="backend.tests.test_doh_analysis.TestDOHAnalysisAPI" name="test_ideal_doh_parameter_default" time="0.208" /><testcase classname="backend.tests.test_doh_analysis.TestDOHAnalysisAPI" name="test_ideal_doh_parameter_custom" time="0.282" /><testcase classname="backend.tests.test_doh_analysis.TestDOHAnalysisAPI" name="test_ideal_doh_recalculates_classification" time="0.439" /><testcase classname="backend.tests.test_doh_analysis.TestDOHAnalysisAPI" name="test_status_values_are_valid" time="0.211" /><testcase classname="backend.tests.test_doh_analysis.TestDOHAnalysisAPI" name="test_summary_values_are_valid_numbers" time="0.208" /><testcase classname="backend.tests.test_doh_analysis.TestDOHAnalysisAPI" name="test_detail_sorted_by_lowest_doh" time="0.214" /><testcase classname="backend.tests.test_doh_analysis.TestDOHAnalysisFilters" name="test_date_filter" time="0.268" /><testcase classname="backend.tests.test_doh_analysis.TestDOHAnalysisFilters" name="test_channel_filter" time="0.148" /><testcase classname="backend.tests.test_doh_analysis.TestDOHAnalysisFilters" name="test_region_filter" time="0.185" /><testcase classname="backend.tests.test_doh_analysis.TestRegressionExistingEndpoints" name="test_stock_out_endpoint_still_works" time="0.202" /><testcase classname="backend.tests.test_doh_analysis.TestRegressionExistingEndpoints" name="test_replenishment_endpoint_still_works" time="0.204" /><testcase classname="backend.tests.test_doh_analysis.TestRegressionExistingEndpoints" name="test_filter_options_endpoint_still_works" time="0.122" /></testsuite></testsuites>