<?xml version="1.0" encoding="utf-8"?><testsuites name="pytest tests"><testsuite name="pytest" errors="0" failures="0" skipped="0" tests="12" time="3.021" timestamp="2026-04-10T03:53:09.368637+00:00" hostname="agent-env-3e59b20a-f0c9-4931-a955-2afd0a2a107c"><testcase classname="backend.tests.test_upload_preview_sample_iter65.TestPreviewEndpoint" name="test_preview_style_master" time="0.490" /><testcase classname="backend.tests.test_upload_preview_sample_iter65.TestPreviewEndpoint" name="test_preview_store_master" time="0.098" /><testcase classname="backend.tests.test_upload_preview_sample_iter65.TestPreviewEndpoint" name="test_preview_planogram" time="0.115" /><testcase classname="backend.tests.test_upload_preview_sample_iter65.TestPreviewEndpoint" name="test_preview_warehouse_master" time="0.114" /><testcase classname="backend.tests.test_upload_preview_sample_iter65.TestPreviewEndpoint" name="test_preview_sku_master" time="0.122" /><testcase classname="backend.tests.test_upload_preview_sample_iter65.TestPreviewEndpoint" name="test_preview_daily_sales" time="0.122" /><testcase classname="backend.tests.test_upload_preview_sample_iter65.TestPreviewEndpoint" name="test_preview_invalid_type_returns_400" time="0.105" /><testcase classname="backend.tests.test_upload_preview_sample_iter65.TestPreviewEndpoint" name="test_preview_hyphenated_type" time="0.105" /><testcase classname="backend.tests.test_upload_preview_sample_iter65.TestPreviewEndpoint" name="test_preview_returns_max_10_rows" time="0.115" /><testcase classname="backend.tests.test_upload_preview_sample_iter65.TestSampleDataEndpoint" name="test_sample_data_returns_false_when_data_exists" time="0.567" /><testcase classname="backend.tests.test_upload_preview_sample_iter65.TestMasterStatusEndpoint" name="test_master_status_returns_counts" time="0.442" /><testcase classname="backend.tests.test_upload_preview_sample_iter65.TestDailyStatusEndpoint" name="test_daily_status_returns_all_types" time="0.489" /></testsuite></testsuites>