<?xml version="1.0" encoding="utf-8"?><testsuites name="pytest tests"><testsuite name="pytest" errors="0" failures="0" skipped="0" tests="27" time="2.220" timestamp="2026-04-11T18:34:33.075369+00:00" hostname="agent-env-3e59b20a-f0c9-4931-a955-2afd0a2a107c"><testcase classname="backend.tests.test_drip_campaigns.TestDripCampaignsAuth" name="test_01_campaigns_requires_auth" time="0.130" /><testcase classname="backend.tests.test_drip_campaigns.TestDripCampaignsAuth" name="test_02_toggle_requires_auth" time="0.048" /><testcase classname="backend.tests.test_drip_campaigns.TestDripCampaignsAuth" name="test_03_run_requires_auth" time="0.049" /><testcase classname="backend.tests.test_drip_campaigns.TestDripCampaignsAuth" name="test_04_history_requires_auth" time="0.049" /><testcase classname="backend.tests.test_drip_campaigns.TestDripCampaignsAuth" name="test_05_runs_requires_auth" time="0.046" /><testcase classname="backend.tests.test_drip_campaigns.TestDripCampaignsList" name="test_06_list_campaigns_success" time="0.329" /><testcase classname="backend.tests.test_drip_campaigns.TestDripCampaignsList" name="test_07_campaigns_has_4_default_campaigns" time="0.047" /><testcase classname="backend.tests.test_drip_campaigns.TestDripCampaignsList" name="test_08_campaign_structure" time="0.048" /><testcase classname="backend.tests.test_drip_campaigns.TestDripCampaignsList" name="test_09_campaign_drip_days_structure" time="0.052" /><testcase classname="backend.tests.test_drip_campaigns.TestDripCampaignsList" name="test_10_campaign_enabled_is_boolean" time="0.051" /><testcase classname="backend.tests.test_drip_campaigns.TestDripCampaignsList" name="test_11_campaign_total_sent_is_integer" time="0.045" /><testcase classname="backend.tests.test_drip_campaigns.TestDripCampaignToggle" name="test_12_toggle_campaign_off" time="0.046" /><testcase classname="backend.tests.test_drip_campaigns.TestDripCampaignToggle" name="test_13_verify_toggle_persisted" time="0.053" /><testcase classname="backend.tests.test_drip_campaigns.TestDripCampaignToggle" name="test_14_toggle_campaign_on" time="0.047" /><testcase classname="backend.tests.test_drip_campaigns.TestDripCampaignToggle" name="test_15_toggle_nonexistent_campaign" time="0.046" /><testcase classname="backend.tests.test_drip_campaigns.TestDripRun" name="test_16_run_drip_success" time="0.055" /><testcase classname="backend.tests.test_drip_campaigns.TestDripRun" name="test_17_run_drip_returns_details" time="0.070" /><testcase classname="backend.tests.test_drip_campaigns.TestDripDedup" name="test_18_dedup_check" time="0.105" /><testcase classname="backend.tests.test_drip_campaigns.TestDripHistory" name="test_19_history_success" time="0.050" /><testcase classname="backend.tests.test_drip_campaigns.TestDripHistory" name="test_20_history_log_structure" time="0.049" /><testcase classname="backend.tests.test_drip_campaigns.TestDripHistory" name="test_21_history_limit_param" time="0.044" /><testcase classname="backend.tests.test_drip_campaigns.TestDripRuns" name="test_22_runs_success" time="0.047" /><testcase classname="backend.tests.test_drip_campaigns.TestDripRuns" name="test_23_runs_structure" time="0.046" /><testcase classname="backend.tests.test_drip_campaigns.TestDripRuns" name="test_24_runs_limit_param" time="0.046" /><testcase classname="backend.tests.test_drip_campaigns.TestDisabledCampaignSkipped" name="test_25_disabled_campaign_skipped" time="0.140" /><testcase classname="backend.tests.test_drip_campaigns.TestTenantAdminAccess" name="test_26_tenant_admin_can_list_campaigns" time="0.321" /><testcase classname="backend.tests.test_drip_campaigns.TestTenantAdminAccess" name="test_27_tenant_admin_can_view_history" time="0.046" /></testsuite></testsuites>