<?xml version="1.0" encoding="utf-8"?><testsuites name="pytest tests"><testsuite name="pytest" errors="0" failures="0" skipped="0" tests="14" time="6.855" timestamp="2026-04-10T10:06:11.753597+00:00" hostname="agent-env-3e59b20a-f0c9-4931-a955-2afd0a2a107c"><testcase classname="backend.tests.test_enterprise_sample_data_iter66.TestSampleDataGuard" name="test_demo_tenant_rejects_sample_data" time="0.565" /><testcase classname="backend.tests.test_enterprise_sample_data_iter66.TestSampleDataGuard" name="test_increff_tenant_rejects_sample_data" time="0.492" /><testcase classname="backend.tests.test_enterprise_sample_data_iter66.TestPreviewEndpointsIncreFF" name="test_preview_style_master" time="0.112" /><testcase classname="backend.tests.test_enterprise_sample_data_iter66.TestPreviewEndpointsIncreFF" name="test_preview_store_master" time="0.106" /><testcase classname="backend.tests.test_enterprise_sample_data_iter66.TestPreviewEndpointsIncreFF" name="test_preview_daily_sales" time="0.101" /><testcase classname="backend.tests.test_enterprise_sample_data_iter66.TestPreviewEndpointsIncreFF" name="test_preview_cogs" time="0.120" /><testcase classname="backend.tests.test_enterprise_sample_data_iter66.TestPreviewEndpointsIncreFF" name="test_preview_open_orders" time="0.116" /><testcase classname="backend.tests.test_enterprise_sample_data_iter66.TestPreviewEndpointsIncreFF" name="test_preview_sku_ean_master_returns_400" time="0.100" /><testcase classname="backend.tests.test_enterprise_sample_data_iter66.TestDataStatusIncreFF" name="test_data_status_enterprise_data" time="0.548" /><testcase classname="backend.tests.test_enterprise_sample_data_iter66.TestExecutiveDashboardIncreFF" name="test_executive_kpis" time="1.355" /><testcase classname="backend.tests.test_enterprise_sample_data_iter66.TestExecutiveDashboardIncreFF" name="test_executive_dashboard" time="2.226" /><testcase classname="backend.tests.test_enterprise_sample_data_iter66.TestBIDashboardsIncreFF" name="test_bi_dashboard" time="0.709" /><testcase classname="backend.tests.test_enterprise_sample_data_iter66.TestMasterStatusBug" name="test_master_status_returns_zero_counts" time="0.107" /><testcase classname="backend.tests.test_enterprise_sample_data_iter66.TestPreviewEndpointsDemo" name="test_preview_style_master_demo" time="0.100" /></testsuite></testsuites>