<?xml version="1.0" encoding="utf-8"?><testsuites name="pytest tests"><testsuite name="pytest" errors="0" failures="0" skipped="0" tests="23" time="10.454" timestamp="2026-04-17T11:47:17.088307+00:00" hostname="agent-env-3e59b20a-f0c9-4931-a955-2afd0a2a107c"><testcase classname="backend.tests.test_orders_promotions_iter105.TestOrdersPromotions" name="test_01_list_orders_returns_array" time="0.430" /><testcase classname="backend.tests.test_orders_promotions_iter105.TestOrdersPromotions" name="test_02_orders_have_required_fields" time="0.408" /><testcase classname="backend.tests.test_orders_promotions_iter105.TestOrdersPromotions" name="test_03_get_single_order_by_po_number" time="0.458" /><testcase classname="backend.tests.test_orders_promotions_iter105.TestOrdersPromotions" name="test_04_get_nonexistent_order_returns_404" time="0.416" /><testcase classname="backend.tests.test_orders_promotions_iter105.TestOrdersPromotions" name="test_05_update_po_status_valid" time="0.566" /><testcase classname="backend.tests.test_orders_promotions_iter105.TestOrdersPromotions" name="test_06_update_po_status_invalid_returns_400" time="0.453" /><testcase classname="backend.tests.test_orders_promotions_iter105.TestOrdersPromotions" name="test_07_po_status_workflow_all_valid_statuses" time="0.762" /><testcase classname="backend.tests.test_orders_promotions_iter105.TestOrdersPromotions" name="test_08_list_phased_pos" time="0.384" /><testcase classname="backend.tests.test_orders_promotions_iter105.TestOrdersPromotions" name="test_09_create_phased_po_percentages_must_sum_100" time="0.459" /><testcase classname="backend.tests.test_orders_promotions_iter105.TestOrdersPromotions" name="test_10_create_phased_po_weeks_pcts_same_length" time="0.466" /><testcase classname="backend.tests.test_orders_promotions_iter105.TestOrdersPromotions" name="test_11_phased_po_has_shipments" time="0.391" /><testcase classname="backend.tests.test_orders_promotions_iter105.TestOrdersPromotions" name="test_12_list_promotions" time="0.407" /><testcase classname="backend.tests.test_orders_promotions_iter105.TestOrdersPromotions" name="test_13_create_promotion" time="0.421" /><testcase classname="backend.tests.test_orders_promotions_iter105.TestOrdersPromotions" name="test_14_promotion_has_required_fields" time="0.430" /><testcase classname="backend.tests.test_orders_promotions_iter105.TestOrdersPromotions" name="test_15_create_promotion_lift_factor_validation" time="0.432" /><testcase classname="backend.tests.test_orders_promotions_iter105.TestOrdersPromotions" name="test_16_delete_promotion" time="0.506" /><testcase classname="backend.tests.test_orders_promotions_iter105.TestOrdersPromotions" name="test_17_delete_nonexistent_promotion_returns_404" time="0.410" /><testcase classname="backend.tests.test_orders_promotions_iter105.TestOrdersPromotions" name="test_18_get_active_lift_factors" time="0.374" /><testcase classname="backend.tests.test_orders_promotions_iter105.TestOrdersPromotions" name="test_19_buy_formula_includes_promo_lift" time="0.573" /><testcase classname="backend.tests.test_orders_promotions_iter105.TestOrdersPromotions" name="test_20_consolidate_orders_requires_plan_id" time="0.376" /><testcase classname="backend.tests.test_orders_promotions_iter105.TestOrdersPromotions" name="test_21_consolidate_orders_invalid_plan_returns_404" time="0.393" /><testcase classname="backend.tests.test_orders_promotions_iter105.TestOrdersPromotions" name="test_22_orders_filter_by_status" time="0.398" /><testcase classname="backend.tests.test_orders_promotions_iter105.TestOrdersPromotions" name="test_99_cleanup_test_promotions" time="0.457" /></testsuite></testsuites>