<?xml version="1.0" encoding="utf-8"?><testsuites name="pytest tests"><testsuite name="pytest" errors="0" failures="0" skipped="0" tests="28" time="4.633" timestamp="2026-04-17T11:09:13.416657+00:00" hostname="agent-env-3e59b20a-f0c9-4931-a955-2afd0a2a107c"><testcase classname="backend.tests.test_store_attrs_exclusions_iter102.TestStoreAttributeUpdate" name="test_update_store_format_hypermarket" time="0.603" /><testcase classname="backend.tests.test_store_attrs_exclusions_iter102.TestStoreAttributeUpdate" name="test_update_store_format_supermarket" time="0.158" /><testcase classname="backend.tests.test_store_attrs_exclusions_iter102.TestStoreAttributeUpdate" name="test_update_store_format_convenience" time="0.146" /><testcase classname="backend.tests.test_store_attrs_exclusions_iter102.TestStoreAttributeUpdate" name="test_update_city_tier_tier1" time="0.113" /><testcase classname="backend.tests.test_store_attrs_exclusions_iter102.TestStoreAttributeUpdate" name="test_update_city_tier_tier2" time="0.139" /><testcase classname="backend.tests.test_store_attrs_exclusions_iter102.TestStoreAttributeUpdate" name="test_update_city_tier_tier3" time="0.110" /><testcase classname="backend.tests.test_store_attrs_exclusions_iter102.TestStoreAttributeUpdate" name="test_update_region_north" time="0.114" /><testcase classname="backend.tests.test_store_attrs_exclusions_iter102.TestStoreAttributeUpdate" name="test_update_region_south" time="0.108" /><testcase classname="backend.tests.test_store_attrs_exclusions_iter102.TestStoreAttributeUpdate" name="test_update_region_east" time="0.111" /><testcase classname="backend.tests.test_store_attrs_exclusions_iter102.TestStoreAttributeUpdate" name="test_update_region_west" time="0.108" /><testcase classname="backend.tests.test_store_attrs_exclusions_iter102.TestStoreAttributeUpdate" name="test_update_region_central" time="0.121" /><testcase classname="backend.tests.test_store_attrs_exclusions_iter102.TestStoreAttributeUpdate" name="test_update_area_sqft" time="0.124" /><testcase classname="backend.tests.test_store_attrs_exclusions_iter102.TestStoreAttributeUpdate" name="test_update_multiple_attributes" time="0.128" /><testcase classname="backend.tests.test_store_attrs_exclusions_iter102.TestStoreAttributeValidation" name="test_invalid_store_format" time="0.111" /><testcase classname="backend.tests.test_store_attrs_exclusions_iter102.TestStoreAttributeValidation" name="test_invalid_city_tier" time="0.108" /><testcase classname="backend.tests.test_store_attrs_exclusions_iter102.TestStoreAttributeValidation" name="test_invalid_region" time="0.112" /><testcase classname="backend.tests.test_store_attrs_exclusions_iter102.TestStoreAttributeValidation" name="test_nonexistent_store" time="0.106" /><testcase classname="backend.tests.test_store_attrs_exclusions_iter102.TestStoreAttributeValidation" name="test_empty_update" time="0.108" /><testcase classname="backend.tests.test_store_attrs_exclusions_iter102.TestExclusionCRUD" name="test_add_exclusion" time="0.137" /><testcase classname="backend.tests.test_store_attrs_exclusions_iter102.TestExclusionCRUD" name="test_list_exclusions" time="0.148" /><testcase classname="backend.tests.test_store_attrs_exclusions_iter102.TestExclusionCRUD" name="test_exclusion_has_required_fields" time="0.107" /><testcase classname="backend.tests.test_store_attrs_exclusions_iter102.TestExclusionCRUD" name="test_add_duplicate_exclusion_upserts" time="0.106" /><testcase classname="backend.tests.test_store_attrs_exclusions_iter102.TestExclusionCRUD" name="test_remove_exclusion" time="0.116" /><testcase classname="backend.tests.test_store_attrs_exclusions_iter102.TestExclusionCRUD" name="test_remove_nonexistent_exclusion" time="0.107" /><testcase classname="backend.tests.test_store_attrs_exclusions_iter102.TestBuyFormulaExclusions" name="test_buy_formula_returns_excluded_skus_count" time="0.549" /><testcase classname="backend.tests.test_store_attrs_exclusions_iter102.TestBuyFormulaExclusions" name="test_buy_formula_structure" time="0.273" /><testcase classname="backend.tests.test_store_attrs_exclusions_iter102.TestStoreWedgeEndpoint" name="test_store_wedge_returns_stores_with_attributes" time="0.109" /><testcase classname="backend.tests.test_store_attrs_exclusions_iter102.TestVerifyStoreAttributesPersistence" name="test_update_and_verify_persistence" time="0.232" /></testsuite></testsuites>