<?xml version="1.0" encoding="utf-8"?><testsuites name="pytest tests"><testsuite name="pytest" errors="0" failures="0" skipped="0" tests="19" time="10.497" timestamp="2026-04-02T17:01:06.661086+00:00" hostname="agent-env-3e59b20a-f0c9-4931-a955-2afd0a2a107c"><testcase classname="backend.tests.test_p0_executive_dashboard.TestAuthAndLogin" name="test_admin_login_success" time="0.390" /><testcase classname="backend.tests.test_p0_executive_dashboard.TestAuthAndLogin" name="test_merchandiser_login_success" time="0.339" /><testcase classname="backend.tests.test_p0_executive_dashboard.TestAuthAndLogin" name="test_store_manager_login_success" time="0.355" /><testcase classname="backend.tests.test_p0_executive_dashboard.TestAuthAndLogin" name="test_invalid_credentials_returns_401" time="0.122" /><testcase classname="backend.tests.test_p0_executive_dashboard.TestExecutiveKPIs" name="test_executive_kpis_endpoint_returns_200" time="0.548" /><testcase classname="backend.tests.test_p0_executive_dashboard.TestExecutiveKPIs" name="test_executive_kpis_has_required_fields" time="0.492" /><testcase classname="backend.tests.test_p0_executive_dashboard.TestExecutiveKPIs" name="test_executive_kpis_wow_data" time="0.622" /><testcase classname="backend.tests.test_p0_executive_dashboard.TestExecutiveKPIs" name="test_executive_kpis_yoy_data" time="0.537" /><testcase classname="backend.tests.test_p0_executive_dashboard.TestExecutiveKPIs" name="test_executive_kpis_with_date_filters" time="0.485" /><testcase classname="backend.tests.test_p0_executive_dashboard.TestExecutiveDashboard" name="test_executive_dashboard_endpoint_returns_200" time="1.055" /><testcase classname="backend.tests.test_p0_executive_dashboard.TestExecutiveDashboard" name="test_executive_dashboard_has_health_score" time="1.174" /><testcase classname="backend.tests.test_p0_executive_dashboard.TestExecutiveDashboard" name="test_executive_dashboard_has_modules" time="1.077" /><testcase classname="backend.tests.test_p0_executive_dashboard.TestFilterOptions" name="test_filter_options_endpoint_returns_200" time="0.497" /><testcase classname="backend.tests.test_p0_executive_dashboard.TestFilterOptions" name="test_filter_options_has_date_range" time="0.481" /><testcase classname="backend.tests.test_p0_executive_dashboard.Test401Interceptor" name="test_expired_token_returns_401" time="0.108" /><testcase classname="backend.tests.test_p0_executive_dashboard.Test401Interceptor" name="test_missing_token_returns_401" time="0.117" /><testcase classname="backend.tests.test_p0_executive_dashboard.TestRBACRegression" name="test_admin_can_access_users_list" time="0.449" /><testcase classname="backend.tests.test_p0_executive_dashboard.TestRBACRegression" name="test_merchandiser_cannot_access_users_list" time="0.496" /><testcase classname="backend.tests.test_p0_executive_dashboard.TestRBACRegression" name="test_store_manager_can_access_executive_dashboard" time="1.068" /></testsuite></testsuites>