<?xml version="1.0" encoding="utf-8"?><testsuites name="pytest tests"><testsuite name="pytest" errors="0" failures="0" skipped="0" tests="20" time="2.155" timestamp="2026-04-08T04:53:13.758254+00:00" hostname="agent-env-3e59b20a-f0c9-4931-a955-2afd0a2a107c"><testcase classname="backend.tests.test_data_quality_rules_iter50.TestRulesListEndpoint" name="test_list_rules_returns_array" time="0.413" /><testcase classname="backend.tests.test_data_quality_rules_iter50.TestRulesCreateEndpoint" name="test_create_threshold_rule" time="0.051" /><testcase classname="backend.tests.test_data_quality_rules_iter50.TestRulesCreateEndpoint" name="test_create_null_check_rule" time="0.049" /><testcase classname="backend.tests.test_data_quality_rules_iter50.TestRulesCreateEndpoint" name="test_create_pattern_rule" time="0.052" /><testcase classname="backend.tests.test_data_quality_rules_iter50.TestRulesCreateEndpoint" name="test_create_uniqueness_rule" time="0.055" /><testcase classname="backend.tests.test_data_quality_rules_iter50.TestRulesCreateEndpoint" name="test_create_range_rule" time="0.059" /><testcase classname="backend.tests.test_data_quality_rules_iter50.TestRulesCreateEndpoint" name="test_create_cross_reference_rule" time="0.052" /><testcase classname="backend.tests.test_data_quality_rules_iter50.TestRulesValidation" name="test_invalid_file_type_returns_400" time="0.055" /><testcase classname="backend.tests.test_data_quality_rules_iter50.TestRulesValidation" name="test_invalid_rule_type_returns_400" time="0.052" /><testcase classname="backend.tests.test_data_quality_rules_iter50.TestRulesValidation" name="test_range_requires_min_max" time="0.055" /><testcase classname="backend.tests.test_data_quality_rules_iter50.TestRulesValidation" name="test_cross_reference_requires_ref_file_type" time="0.074" /><testcase classname="backend.tests.test_data_quality_rules_iter50.TestRulesUpdateDelete" name="test_update_rule" time="0.158" /><testcase classname="backend.tests.test_data_quality_rules_iter50.TestRulesUpdateDelete" name="test_delete_rule" time="0.106" /><testcase classname="backend.tests.test_data_quality_rules_iter50.TestRulesUpdateDelete" name="test_delete_nonexistent_returns_404" time="0.052" /><testcase classname="backend.tests.test_data_quality_rules_iter50.TestRulesToggle" name="test_toggle_rule" time="0.159" /><testcase classname="backend.tests.test_data_quality_rules_iter50.TestRulesEvaluate" name="test_evaluate_rules_returns_results" time="0.057" /><testcase classname="backend.tests.test_data_quality_rules_iter50.TestRulesEvaluate" name="test_evaluate_with_no_active_rules" time="0.056" /><testcase classname="backend.tests.test_data_quality_rules_iter50.TestFileColumns" name="test_file_columns_valid_file_type" time="0.055" /><testcase classname="backend.tests.test_data_quality_rules_iter50.TestFileColumns" name="test_file_columns_invalid_file_type" time="0.054" /><testcase classname="backend.tests.test_data_quality_rules_iter50.TestCleanup" name="test_cleanup_test_rules" time="0.378" /></testsuite></testsuites>