<?xml version="1.0" encoding="utf-8"?><testsuites name="pytest tests"><testsuite name="pytest" errors="0" failures="0" skipped="0" tests="28" time="10.608" timestamp="2026-04-03T10:07:38.415322+00:00" hostname="agent-env-3e59b20a-f0c9-4931-a955-2afd0a2a107c"><testcase classname="backend.tests.test_onboarding_buyplan_iter41.TestOnboardingEdgeCases" name="test_OW_ED_03_long_category_name_validation" time="0.763" /><testcase classname="backend.tests.test_onboarding_buyplan_iter41.TestOnboardingEdgeCases" name="test_OW_ED_03_max_length_boundary" time="0.200" /><testcase classname="backend.tests.test_onboarding_buyplan_iter41.TestOnboardingEdgeCases" name="test_OW_ED_03_deep_nesting_5_levels" time="0.757" /><testcase classname="backend.tests.test_onboarding_buyplan_iter41.TestOnboardingEdgeCases" name="test_OW_ED_04_special_characters_marketplace" time="0.313" /><testcase classname="backend.tests.test_onboarding_buyplan_iter41.TestOnboardingEdgeCases" name="test_OW_ED_04_special_characters_store" time="0.293" /><testcase classname="backend.tests.test_onboarding_buyplan_iter41.TestOnboardingEdgeCases" name="test_OW_ED_04_special_characters_category" time="0.316" /><testcase classname="backend.tests.test_onboarding_buyplan_iter41.TestOnboardingEdgeCases" name="test_OW_ED_05_empty_database_state" time="0.499" /><testcase classname="backend.tests.test_onboarding_buyplan_iter41.TestOnboardingEdgeCases" name="test_OW_ED_07_concurrent_step_completion" time="0.300" /><testcase classname="backend.tests.test_onboarding_buyplan_iter41.TestOnboardingEdgeCases" name="test_OW_ED_08_browser_refresh_persistence" time="0.417" /><testcase classname="backend.tests.test_onboarding_buyplan_iter41.TestOnboardingEdgeCases" name="test_OW_ED_10_invalid_tax_rate_negative" time="0.103" /><testcase classname="backend.tests.test_onboarding_buyplan_iter41.TestOnboardingEdgeCases" name="test_OW_ED_10_invalid_tax_rate_over_100" time="0.103" /><testcase classname="backend.tests.test_onboarding_buyplan_iter41.TestOnboardingEdgeCases" name="test_OW_ED_10_invalid_commission_negative" time="0.099" /><testcase classname="backend.tests.test_onboarding_buyplan_iter41.TestOnboardingEdgeCases" name="test_OW_ED_10_invalid_commission_over_50" time="0.105" /><testcase classname="backend.tests.test_onboarding_buyplan_iter41.TestOnboardingEdgeCases" name="test_OW_ED_11_duplicate_marketplace_case_insensitive" time="0.411" /><testcase classname="backend.tests.test_onboarding_buyplan_iter41.TestBuyPlanWorkflow" name="test_BP_WF_01_complete_buy_plan_generation" time="0.643" /><testcase classname="backend.tests.test_onboarding_buyplan_iter41.TestBuyPlanWorkflow" name="test_BP_WF_06_excel_export" time="0.358" /><testcase classname="backend.tests.test_onboarding_buyplan_iter41.TestBuyPlanWorkflow" name="test_BP_WF_08_history_tracking" time="0.419" /><testcase classname="backend.tests.test_onboarding_buyplan_iter41.TestBuyPlanWorkflow" name="test_BP_WF_12_multi_tenant_isolation" time="0.397" /><testcase classname="backend.tests.test_onboarding_buyplan_iter41.TestBuyPlanWorkflow" name="test_BP_WF_15_parameter_validation_negative_revenue" time="0.307" /><testcase classname="backend.tests.test_onboarding_buyplan_iter41.TestBuyPlanWorkflow" name="test_BP_WF_15_parameter_validation_out_of_range_safety_stock" time="0.303" /><testcase classname="backend.tests.test_onboarding_buyplan_iter41.TestBuyPlanWorkflow" name="test_BP_WF_15_parameter_validation_extreme_lead_time" time="0.388" /><testcase classname="backend.tests.test_onboarding_buyplan_iter41.TestBuyPlanEdgeCases" name="test_BP_ED_01_zero_sales_data_tenant" time="0.300" /><testcase classname="backend.tests.test_onboarding_buyplan_iter41.TestBuyPlanEdgeCases" name="test_BP_ED_02_single_category_selection" time="0.293" /><testcase classname="backend.tests.test_onboarding_buyplan_iter41.TestBuyPlanEdgeCases" name="test_BP_ED_04_high_revenue_target_100cr" time="0.294" /><testcase classname="backend.tests.test_onboarding_buyplan_iter41.TestBuyPlanEdgeCases" name="test_BP_ED_06_concurrent_plan_generation" time="0.527" /><testcase classname="backend.tests.test_onboarding_buyplan_iter41.TestBuyPlanEdgeCases" name="test_BP_ED_09_negative_override_in_upload" time="0.101" /><testcase classname="backend.tests.test_onboarding_buyplan_iter41.TestBuyPlanEdgeCases" name="test_BP_ED_13_duplicate_plan_generation" time="1.247" /><testcase classname="backend.tests.test_onboarding_buyplan_iter41.TestBuyPlanOptions" name="test_buy_plan_options_endpoint" time="0.230" /></testsuite></testsuites>