<?xml version="1.0" encoding="utf-8"?><testsuites name="pytest tests"><testsuite name="pytest" errors="0" failures="0" skipped="0" tests="19" time="26.912" timestamp="2026-04-10T10:34:49.622838+00:00" hostname="agent-env-3e59b20a-f0c9-4931-a955-2afd0a2a107c"><testcase classname="backend.tests.test_redis_caching_iter67.TestLoginFlow" name="test_login_increff_user" time="0.459" /><testcase classname="backend.tests.test_redis_caching_iter67.TestLoginFlow" name="test_login_demo_user" time="0.348" /><testcase classname="backend.tests.test_redis_caching_iter67.TestExecutiveKPIsCache" name="test_executive_kpis_first_call" time="3.270" /><testcase classname="backend.tests.test_redis_caching_iter67.TestExecutiveKPIsCache" name="test_executive_kpis_second_call_faster" time="1.159" /><testcase classname="backend.tests.test_redis_caching_iter67.TestExecutiveDashboardCache" name="test_executive_dashboard_cache_miss_then_hit" time="4.482" /><testcase classname="backend.tests.test_redis_caching_iter67.TestExecutiveRevenueTrendCache" name="test_executive_revenue_trend_cache" time="1.894" /><testcase classname="backend.tests.test_redis_caching_iter67.TestBIOverviewCache" name="test_bi_overview_cache" time="1.870" /><testcase classname="backend.tests.test_redis_caching_iter67.TestAIDemandForecastCache" name="test_ai_demand_forecast_cache" time="1.152" /><testcase classname="backend.tests.test_redis_caching_iter67.TestTopsellerPredictionCache" name="test_topseller_prediction_cache" time="1.990" /><testcase classname="backend.tests.test_redis_caching_iter67.TestPlanogramFillRateCache" name="test_planogram_fill_rate_cache" time="2.032" /><testcase classname="backend.tests.test_redis_caching_iter67.TestReplenishmentCache" name="test_replenishment_cache" time="2.019" /><testcase classname="backend.tests.test_redis_caching_iter67.TestBIDashboardCache" name="test_bi_dashboard_cache" time="1.948" /><testcase classname="backend.tests.test_redis_caching_iter67.TestCacheInvalidationOnUpload" name="test_cache_invalidation_concept" time="0.324" /><testcase classname="backend.tests.test_redis_caching_iter67.TestCacheKeyFormat" name="test_cache_key_format_verification" time="0.326" /><testcase classname="backend.tests.test_redis_caching_iter67.TestDifferentTenantsCacheIsolation" name="test_tenant_cache_isolation" time="1.294" /><testcase classname="backend.tests.test_redis_caching_iter67.TestCacheTTLConfiguration" name="test_ttl_configuration_exists" time="0.000" /><testcase classname="backend.tests.test_redis_caching_iter67.TestStockOutCache" name="test_stockout_analysis_cache" time="2.000" /><testcase classname="backend.tests.test_redis_caching_iter67.TestDOHAnalysisCache" name="test_doh_analysis_cache" time="0.120" /><testcase classname="backend.tests.test_redis_caching_iter67.TestGapAnalysisCache" name="test_gap_analysis_cache" time="0.115" /></testsuite></testsuites>