<?xml version="1.0" encoding="utf-8"?><testsuites name="pytest tests"><testsuite name="pytest" errors="0" failures="0" skipped="0" tests="30" time="24.662" timestamp="2026-04-02T18:55:48.775202+00:00" hostname="agent-env-3e59b20a-f0c9-4931-a955-2afd0a2a107c"><testcase classname="backend.tests.test_gap_analysis.TestROSGapAnalysis" name="test_gap_01_ros_gap_calculation" time="0.917" /><testcase classname="backend.tests.test_gap_analysis.TestROSGapAnalysis" name="test_gap_02_zero_actual_ros" time="0.483" /><testcase classname="backend.tests.test_gap_analysis.TestROSGapAnalysis" name="test_gap_03_zero_healthy_ros" time="0.400" /><testcase classname="backend.tests.test_gap_analysis.TestROSGapAnalysis" name="test_gap_04_negative_gap" time="0.392" /><testcase classname="backend.tests.test_gap_analysis.TestROSGapAnalysis" name="test_gap_05_filter_by_category" time="0.773" /><testcase classname="backend.tests.test_gap_analysis.TestROSGapAnalysis" name="test_gap_06_filter_by_brand" time="0.272" /><testcase classname="backend.tests.test_gap_analysis.TestROSGapAnalysis" name="test_gap_07_store_level_gap" time="0.281" /><testcase classname="backend.tests.test_gap_analysis.TestROSGapAnalysis" name="test_gap_08_sort_by_gap_size" time="0.461" /><testcase classname="backend.tests.test_gap_analysis.TestROSGapAnalysis" name="test_gap_10_weekly_trend" time="0.439" /><testcase classname="backend.tests.test_gap_analysis.TestSizeGapAnalysis" name="test_gap_11_healthy_store_styles" time="0.520" /><testcase classname="backend.tests.test_gap_analysis.TestSizeGapAnalysis" name="test_gap_12_store_health_100_percent" time="0.501" /><testcase classname="backend.tests.test_gap_analysis.TestSizeGapAnalysis" name="test_gap_13_store_health_0_percent" time="0.519" /><testcase classname="backend.tests.test_gap_analysis.TestSizeGapAnalysis" name="test_gap_14_total_estimated_loss" time="0.497" /><testcase classname="backend.tests.test_gap_analysis.TestSizeGapAnalysis" name="test_gap_15_zero_broken_days_zero_loss" time="0.450" /><testcase classname="backend.tests.test_gap_analysis.TestSizeGapAnalysis" name="test_gap_16_store_comparison" time="0.469" /><testcase classname="backend.tests.test_gap_analysis.TestSizeGapAnalysis" name="test_gap_17_category_breakdown" time="0.488" /><testcase classname="backend.tests.test_gap_analysis.TestSizeGapAnalysis" name="test_gap_18_gender_breakdown" time="0.515" /><testcase classname="backend.tests.test_gap_analysis.TestSizeGapAnalysis" name="test_gap_19_weekly_trend" time="0.461" /><testcase classname="backend.tests.test_gap_analysis.TestNOOSAnalysis" name="test_gap_20_noos_candidate_criteria" time="1.650" /><testcase classname="backend.tests.test_gap_analysis.TestNOOSAnalysis" name="test_gap_21_100_percent_availability" time="1.543" /><testcase classname="backend.tests.test_gap_analysis.TestNOOSAnalysis" name="test_gap_22_50_percent_availability" time="1.532" /><testcase classname="backend.tests.test_gap_analysis.TestNOOSAnalysis" name="test_gap_23_new_styles_excluded" time="1.597" /><testcase classname="backend.tests.test_gap_analysis.TestNOOSAnalysis" name="test_gap_24_seasonal_excluded" time="1.552" /><testcase classname="backend.tests.test_gap_analysis.TestNOOSAnalysis" name="test_gap_25_inventory_no_sales" time="1.646" /><testcase classname="backend.tests.test_gap_analysis.TestNOOSAnalysis" name="test_gap_26_low_stock_alert" time="1.552" /><testcase classname="backend.tests.test_gap_analysis.TestNOOSAnalysis" name="test_gap_27_csv_export" time="0.498" /><testcase classname="backend.tests.test_gap_analysis.TestNOOSAnalysis" name="test_gap_28_recovery_plan" time="1.638" /><testcase classname="backend.tests.test_gap_analysis.TestGapAnalysisSummary" name="test_ros_gap_response_structure" time="0.405" /><testcase classname="backend.tests.test_gap_analysis.TestGapAnalysisSummary" name="test_size_gap_response_structure" time="0.523" /><testcase classname="backend.tests.test_gap_analysis.TestGapAnalysisSummary" name="test_noos_response_structure" time="1.567" /></testsuite></testsuites>