<?xml version="1.0" encoding="utf-8"?><testsuites name="pytest tests"><testsuite name="pytest" errors="0" failures="0" skipped="0" tests="12" time="8.861" timestamp="2026-04-16T07:19:10.902831+00:00" hostname="agent-env-3e59b20a-f0c9-4931-a955-2afd0a2a107c"><testcase classname="backend.tests.test_global_config_store_limits_iter93.TestGlobalConfigBackend" name="test_01_get_global_config_success" time="0.959" /><testcase classname="backend.tests.test_global_config_store_limits_iter93.TestGlobalConfigBackend" name="test_02_get_global_config_403_non_super_admin" time="0.783" /><testcase classname="backend.tests.test_global_config_store_limits_iter93.TestGlobalConfigBackend" name="test_03_put_global_config_success" time="1.181" /><testcase classname="backend.tests.test_global_config_store_limits_iter93.TestGlobalConfigBackend" name="test_04_put_global_config_403_non_super_admin" time="0.804" /><testcase classname="backend.tests.test_global_config_store_limits_iter93.TestGlobalConfigBackend" name="test_05_apply_global_config_to_tenant_success" time="0.764" /><testcase classname="backend.tests.test_global_config_store_limits_iter93.TestGlobalConfigBackend" name="test_06_apply_global_config_to_nonexistent_tenant" time="0.783" /><testcase classname="backend.tests.test_global_config_store_limits_iter93.TestGlobalConfigBackend" name="test_07_apply_global_config_403_non_super_admin" time="0.809" /><testcase classname="backend.tests.test_global_config_store_limits_iter93.TestStorePlanLimits" name="test_08_plan_limits_in_analytics" time="0.477" /><testcase classname="backend.tests.test_global_config_store_limits_iter93.TestStorePlanLimits" name="test_09_verify_plan_features_structure" time="0.442" /><testcase classname="backend.tests.test_global_config_store_limits_iter93.TestTenantCreationWithGlobalConfig" name="test_10_create_tenant_applies_global_config" time="0.864" /><testcase classname="backend.tests.test_global_config_store_limits_iter93.TestGlobalConfigDefaultValues" name="test_11_verify_default_analysis_params" time="0.461" /><testcase classname="backend.tests.test_global_config_store_limits_iter93.TestGlobalConfigDefaultValues" name="test_12_verify_default_module_toggles" time="0.442" /></testsuite></testsuites>