<?xml version="1.0" encoding="utf-8"?><testsuites name="pytest tests"><testsuite name="pytest" errors="0" failures="0" skipped="0" tests="35" time="23.896" timestamp="2026-04-02T18:32:00.557128+00:00" hostname="agent-env-3e59b20a-f0c9-4931-a955-2afd0a2a107c"><testcase classname="backend.tests.test_core_logic.TestROSCalculation" name="test_core_01_ros_basic_calculation" time="1.029" /><testcase classname="backend.tests.test_core_logic.TestROSCalculation" name="test_core_02_ros_zero_sales" time="0.222" /><testcase classname="backend.tests.test_core_logic.TestROSCalculation" name="test_core_03_ros_exclude_closed_days" time="0.479" /><testcase classname="backend.tests.test_core_logic.TestROSCalculation" name="test_core_04_ros_exclude_returns" time="0.986" /><testcase classname="backend.tests.test_core_logic.TestROSCalculation" name="test_core_05_ros_exclude_promos" time="1.030" /><testcase classname="backend.tests.test_core_logic.TestROSCalculation" name="test_core_06_ros_per_store_independence" time="0.476" /><testcase classname="backend.tests.test_core_logic.TestROSCalculation" name="test_core_07_ros_new_style_limited_days" time="0.790" /><testcase classname="backend.tests.test_core_logic.TestROSCalculation" name="test_core_08_ros_period_change" time="1.074" /><testcase classname="backend.tests.test_core_logic.TestHealthySizeSet" name="test_core_09_healthy_all_sizes" time="0.587" /><testcase classname="backend.tests.test_core_logic.TestHealthySizeSet" name="test_core_10_healthy_above_threshold" time="0.259" /><testcase classname="backend.tests.test_core_logic.TestHealthySizeSet" name="test_core_11_unhealthy_below_threshold" time="0.293" /><testcase classname="backend.tests.test_core_logic.TestHealthySizeSet" name="test_core_12_zero_sizes_unhealthy" time="0.326" /><testcase classname="backend.tests.test_core_logic.TestHealthySizeSet" name="test_core_13_threshold_adjusts_to_style" time="0.249" /><testcase classname="backend.tests.test_core_logic.TestHealthySizeSet" name="test_core_14_per_store_independence" time="0.247" /><testcase classname="backend.tests.test_core_logic.TestTrueROSWeighted" name="test_core_15_trueros_70_30_weight" time="1.297" /><testcase classname="backend.tests.test_core_logic.TestTrueROSWeighted" name="test_core_16_trueros_only_recent" time="0.956" /><testcase classname="backend.tests.test_core_logic.TestTrueROSWeighted" name="test_core_17_trueros_only_historical" time="1.316" /><testcase classname="backend.tests.test_core_logic.TestTrueROSWeighted" name="test_core_18_trueros_both_zero" time="1.098" /><testcase classname="backend.tests.test_core_logic.TestTrueROSWeighted" name="test_core_19_trueros_weight_change" time="1.914" /><testcase classname="backend.tests.test_core_logic.TestTrueROSWeighted" name="test_core_20_trueros_promo_exclusion" time="1.956" /><testcase classname="backend.tests.test_core_logic.TestTrueROSWeighted" name="test_core_21_trueros_weekend_weekday_weight" time="1.915" /><testcase classname="backend.tests.test_core_logic.TestAttributeGrouping" name="test_core_22_group_by_color" time="0.549" /><testcase classname="backend.tests.test_core_logic.TestAttributeGrouping" name="test_core_23_group_by_size" time="0.207" /><testcase classname="backend.tests.test_core_logic.TestAttributeGrouping" name="test_core_24_group_by_fit" time="0.227" /><testcase classname="backend.tests.test_core_logic.TestAttributeGrouping" name="test_core_25_nested_multi_attribute" time="0.255" /><testcase classname="backend.tests.test_core_logic.TestAttributeGrouping" name="test_core_26_null_values_unknown" time="0.209" /><testcase classname="backend.tests.test_core_logic.TestAttributeGrouping" name="test_core_27_latest_attribute_value" time="0.192" /><testcase classname="backend.tests.test_core_logic.TestStoreStyleRanking" name="test_core_28_rank_by_revenue" time="0.590" /><testcase classname="backend.tests.test_core_logic.TestStoreStyleRanking" name="test_core_29_rank_by_ros" time="0.316" /><testcase classname="backend.tests.test_core_logic.TestStoreStyleRanking" name="test_core_30_rank_by_doh" time="0.252" /><testcase classname="backend.tests.test_core_logic.TestStoreStyleRanking" name="test_core_31_tie_breaking" time="0.238" /><testcase classname="backend.tests.test_core_logic.TestStoreStyleRanking" name="test_core_32_pagination" time="0.477" /><testcase classname="backend.tests.test_core_logic.TestStoreStyleRanking" name="test_core_33_filter_before_ranking" time="0.535" /><testcase classname="backend.tests.test_core_logic.TestStoreStyleRanking" name="test_core_34_top_bottom_n" time="0.509" /><testcase classname="backend.tests.test_core_logic.TestStoreStyleRanking" name="test_core_35_csv_export" time="0.603" /></testsuite></testsuites>