<?xml version="1.0" encoding="utf-8"?><testsuites name="pytest tests"><testsuite name="pytest" errors="0" failures="0" skipped="0" tests="40" time="7.765" timestamp="2026-04-11T19:10:58.086234+00:00" hostname="agent-env-3e59b20a-f0c9-4931-a955-2afd0a2a107c"><testcase classname="backend.tests.test_invoices_sftp_chunked_iter82.TestInvoiceAuth" name="test_01_list_invoices_requires_auth" time="0.303" /><testcase classname="backend.tests.test_invoices_sftp_chunked_iter82.TestInvoiceAuth" name="test_02_generate_invoice_requires_auth" time="0.148" /><testcase classname="backend.tests.test_invoices_sftp_chunked_iter82.TestInvoiceAuth" name="test_03_get_invoice_requires_auth" time="0.131" /><testcase classname="backend.tests.test_invoices_sftp_chunked_iter82.TestInvoiceAuth" name="test_04_update_status_requires_auth" time="0.112" /><testcase classname="backend.tests.test_invoices_sftp_chunked_iter82.TestInvoiceAuth" name="test_05_download_requires_auth" time="0.119" /><testcase classname="backend.tests.test_invoices_sftp_chunked_iter82.TestInvoiceAuth" name="test_06_delete_requires_auth" time="0.104" /><testcase classname="backend.tests.test_invoices_sftp_chunked_iter82.TestInvoiceGeneration" name="test_07_list_invoices_success" time="0.449" /><testcase classname="backend.tests.test_invoices_sftp_chunked_iter82.TestInvoiceGeneration" name="test_08_generate_invoice_success" time="0.129" /><testcase classname="backend.tests.test_invoices_sftp_chunked_iter82.TestInvoiceGeneration" name="test_09_generate_invoice_with_custom_amount" time="0.108" /><testcase classname="backend.tests.test_invoices_sftp_chunked_iter82.TestInvoiceGeneration" name="test_10_get_invoice_detail" time="0.241" /><testcase classname="backend.tests.test_invoices_sftp_chunked_iter82.TestInvoiceGeneration" name="test_11_invoice_has_8_usage_metrics" time="0.198" /><testcase classname="backend.tests.test_invoices_sftp_chunked_iter82.TestInvoiceGeneration" name="test_12_update_invoice_status_to_paid" time="0.222" /><testcase classname="backend.tests.test_invoices_sftp_chunked_iter82.TestInvoiceGeneration" name="test_13_update_invoice_status_to_cancelled" time="0.183" /><testcase classname="backend.tests.test_invoices_sftp_chunked_iter82.TestInvoiceGeneration" name="test_14_update_invoice_status_to_overdue" time="0.221" /><testcase classname="backend.tests.test_invoices_sftp_chunked_iter82.TestInvoiceGeneration" name="test_15_download_invoice_html" time="0.204" /><testcase classname="backend.tests.test_invoices_sftp_chunked_iter82.TestInvoiceGeneration" name="test_16_delete_invoice_admin_only" time="0.228" /><testcase classname="backend.tests.test_invoices_sftp_chunked_iter82.TestInvoiceGeneration" name="test_17_invalid_invoice_id_returns_400" time="0.111" /><testcase classname="backend.tests.test_invoices_sftp_chunked_iter82.TestInvoiceGeneration" name="test_18_nonexistent_invoice_returns_404" time="0.103" /><testcase classname="backend.tests.test_invoices_sftp_chunked_iter82.TestInvoiceTenantIsolation" name="test_19_tenant_admin_can_generate_invoice" time="0.458" /><testcase classname="backend.tests.test_invoices_sftp_chunked_iter82.TestInvoiceTenantIsolation" name="test_20_tenant_admin_sees_only_own_invoices" time="0.238" /><testcase classname="backend.tests.test_invoices_sftp_chunked_iter82.TestSFTPScheduleAuth" name="test_21_get_schedule_requires_auth" time="0.111" /><testcase classname="backend.tests.test_invoices_sftp_chunked_iter82.TestSFTPScheduleAuth" name="test_22_update_schedule_requires_auth" time="0.108" /><testcase classname="backend.tests.test_invoices_sftp_chunked_iter82.TestSFTPScheduleAuth" name="test_23_history_requires_auth" time="0.117" /><testcase classname="backend.tests.test_invoices_sftp_chunked_iter82.TestSFTPSchedule" name="test_24_get_schedule_returns_config" time="0.122" /><testcase classname="backend.tests.test_invoices_sftp_chunked_iter82.TestSFTPSchedule" name="test_25_update_schedule_success" time="0.113" /><testcase classname="backend.tests.test_invoices_sftp_chunked_iter82.TestSFTPSchedule" name="test_26_schedule_persists" time="0.158" /><testcase classname="backend.tests.test_invoices_sftp_chunked_iter82.TestSFTPSchedule" name="test_27_schedule_history_returns_runs" time="0.167" /><testcase classname="backend.tests.test_invoices_sftp_chunked_iter82.TestChunkedUploadAuth" name="test_28_init_upload_requires_auth" time="0.127" /><testcase classname="backend.tests.test_invoices_sftp_chunked_iter82.TestChunkedUploadAuth" name="test_29_upload_chunk_requires_auth" time="0.142" /><testcase classname="backend.tests.test_invoices_sftp_chunked_iter82.TestChunkedUploadAuth" name="test_30_complete_upload_requires_auth" time="0.111" /><testcase classname="backend.tests.test_invoices_sftp_chunked_iter82.TestChunkedUploadAuth" name="test_31_status_requires_auth" time="0.106" /><testcase classname="backend.tests.test_invoices_sftp_chunked_iter82.TestChunkedUploadAuth" name="test_32_cancel_requires_auth" time="0.121" /><testcase classname="backend.tests.test_invoices_sftp_chunked_iter82.TestChunkedUpload" name="test_33_init_upload_success" time="0.110" /><testcase classname="backend.tests.test_invoices_sftp_chunked_iter82.TestChunkedUpload" name="test_34_upload_chunk_success" time="0.247" /><testcase classname="backend.tests.test_invoices_sftp_chunked_iter82.TestChunkedUpload" name="test_35_upload_all_chunks_and_complete" time="0.487" /><testcase classname="backend.tests.test_invoices_sftp_chunked_iter82.TestChunkedUpload" name="test_36_get_upload_status" time="0.219" /><testcase classname="backend.tests.test_invoices_sftp_chunked_iter82.TestChunkedUpload" name="test_37_cancel_upload" time="0.295" /><testcase classname="backend.tests.test_invoices_sftp_chunked_iter82.TestChunkedUpload" name="test_38_complete_with_missing_chunks_fails" time="0.372" /><testcase classname="backend.tests.test_invoices_sftp_chunked_iter82.TestChunkedUpload" name="test_39_invalid_upload_id_returns_404" time="0.128" /><testcase classname="backend.tests.test_invoices_sftp_chunked_iter82.TestChunkedUpload" name="test_40_invalid_chunk_index_returns_400" time="0.246" /></testsuite></testsuites>