<?xml version="1.0" encoding="utf-8"?><testsuites name="pytest tests"><testsuite name="pytest" errors="0" failures="1" skipped="0" tests="43" time="99.631" timestamp="2026-04-17T13:24:09.683231+00:00" hostname="agent-env-3e59b20a-f0c9-4931-a955-2afd0a2a107c"><testcase classname="backend.tests.test_comprehensive_iter110.TestAuthAndMultiTenant" name="test_T1_login_super_admin" time="0.840" /><testcase classname="backend.tests.test_comprehensive_iter110.TestAuthAndMultiTenant" name="test_T2_get_tenant_modules" time="0.171" /><testcase classname="backend.tests.test_comprehensive_iter110.TestAuthAndMultiTenant" name="test_T3_get_user_module_access" time="0.123" /><testcase classname="backend.tests.test_comprehensive_iter110.TestAuthAndMultiTenant" name="test_T4_update_user_module_access" time="0.140" /><testcase classname="backend.tests.test_comprehensive_iter110.TestAuthAndMultiTenant" name="test_T5_update_user_scope" time="0.135" /><testcase classname="backend.tests.test_comprehensive_iter110.TestAuthAndMultiTenant" name="test_T6_get_roles" time="0.129" /><testcase classname="backend.tests.test_comprehensive_iter110.TestAuthAndMultiTenant" name="test_T7_get_user_list" time="0.112" /><testcase classname="backend.tests.test_comprehensive_iter110.TestCoreClassification" name="test_T10_store_wedge_classify" time="0.672" /><testcase classname="backend.tests.test_comprehensive_iter110.TestCoreClassification" name="test_T11_get_store_wedge" time="0.116" /><testcase classname="backend.tests.test_comprehensive_iter110.TestCoreClassification" name="test_T12_style_mix_classify" time="31.183" /><testcase classname="backend.tests.test_comprehensive_iter110.TestCoreClassification" name="test_T13_get_style_mix" time="0.163" /><testcase classname="backend.tests.test_comprehensive_iter110.TestCoreClassification" name="test_T14_store_wedge_override" time="0.290" /><testcase classname="backend.tests.test_comprehensive_iter110.TestCoreClassification" name="test_T15_get_override_history" time="0.110" /><testcase classname="backend.tests.test_comprehensive_iter110.TestCoreClassification" name="test_T16_get_attribution_matrix" time="0.117" /><testcase classname="backend.tests.test_comprehensive_iter110.TestCoreClassification" name="test_T17_auto_dna_tagging" time="30.937" /><testcase classname="backend.tests.test_comprehensive_iter110.TestCoreClassification" name="test_T18_get_dna_tags" time="0.273" /><testcase classname="backend.tests.test_comprehensive_iter110.TestBuyPlanning" name="test_T19_calculate_buy_formula" time="0.713" /><testcase classname="backend.tests.test_comprehensive_iter110.TestBuyPlanning" name="test_T20_list_buy_plans" time="0.137" /><testcase classname="backend.tests.test_comprehensive_iter110.TestBuyPlanning" name="test_T21_get_single_buy_plan" time="0.122" /><testcase classname="backend.tests.test_comprehensive_iter110.TestBuyPlanning" name="test_T22_to_T26_approval_workflow" time="0.584" /><testcase classname="backend.tests.test_comprehensive_iter110.TestBuyPlanning" name="test_T27_get_approval_history" time="0.104" /><testcase classname="backend.tests.test_comprehensive_iter110.TestBuyPlanning" name="test_T28_add_exclusion" time="0.156" /><testcase classname="backend.tests.test_comprehensive_iter110.TestBuyPlanning" name="test_T29_get_exclusions" time="0.124" /><testcase classname="backend.tests.test_comprehensive_iter110.TestBuyPlanning" name="test_T30_consolidate_orders" time="0.231" /><testcase classname="backend.tests.test_comprehensive_iter110.TestBuyPlanning" name="test_T31_get_orders" time="0.148" /><testcase classname="backend.tests.test_comprehensive_iter110.TestBuyPlanning" name="test_T32_phase_orders" time="0.125"><failure message="AssertionError: Unexpected status: {&quot;detail&quot;:[{&quot;type&quot;:&quot;missing&quot;,&quot;loc&quot;:[&quot;body&quot;,&quot;po_number&quot;],&quot;msg&quot;:&quot;Field required&quot;,&quot;input&quot;:{&quot;order_id&quot;:&quot;test-order&quot;,&quot;phases&quot;:3},&quot;url&quot;:&quot;https://errors.pydantic.dev/2.12/v/missing&quot;}]}&#10;assert 422 in [200, 400, 404]&#10; +  where 422 = &lt;Response [422]&gt;.status_code">backend/tests/test_comprehensive_iter110.py:511: in test_T32_phase_orders
    assert response.status_code in [200, 400, 404], f"Unexpected status: {response.text}"
E   AssertionError: Unexpected status: {"detail":[{"type":"missing","loc":["body","po_number"],"msg":"Field required","input":{"order_id":"test-order","phases":3},"url":"https://errors.pydantic.dev/2.12/v/missing"}]}
E   assert 422 in [200, 400, 404]
E    +  where 422 = &lt;Response [422]&gt;.status_code</failure></testcase><testcase classname="backend.tests.test_comprehensive_iter110.TestInventory" name="test_T33_bulk_upload_inventory" time="0.454" /><testcase classname="backend.tests.test_comprehensive_iter110.TestInventory" name="test_T34_get_inventory" time="0.912" /><testcase classname="backend.tests.test_comprehensive_iter110.TestInventory" name="test_T35_get_inventory_summary" time="0.117" /><testcase classname="backend.tests.test_comprehensive_iter110.TestInventory" name="test_T36_get_safety_stock_config" time="0.119" /><testcase classname="backend.tests.test_comprehensive_iter110.TestInventory" name="test_T37_calculate_safety_stock" time="0.128" /><testcase classname="backend.tests.test_comprehensive_iter110.TestReporting" name="test_T38_planner_performance" time="0.489" /><testcase classname="backend.tests.test_comprehensive_iter110.TestReporting" name="test_T39_category_health" time="0.389" /><testcase classname="backend.tests.test_comprehensive_iter110.TestReporting" name="test_T40_roi_dashboard" time="0.390" /><testcase classname="backend.tests.test_comprehensive_iter110.TestReporting" name="test_T41_readiness_dashboard" time="0.513" /><testcase classname="backend.tests.test_comprehensive_iter110.TestReporting" name="test_T42_forecast_accuracy" time="0.364" /><testcase classname="backend.tests.test_comprehensive_iter110.TestSystemAdmin" name="test_T43_get_audit_log" time="0.458" /><testcase classname="backend.tests.test_comprehensive_iter110.TestSystemAdmin" name="test_T44_get_feature_flags" time="0.241" /><testcase classname="backend.tests.test_comprehensive_iter110.TestSystemAdmin" name="test_T45_get_global_config" time="0.113" /><testcase classname="backend.tests.test_comprehensive_iter110.TestSystemAdmin" name="test_T46_get_tenants" time="0.120" /><testcase classname="backend.tests.test_comprehensive_iter110.TestSystemAdmin" name="test_T47_get_platform_analytics" time="0.139" /><testcase classname="backend.tests.test_comprehensive_iter110.TestE2EWorkflow" name="test_T55_full_workflow" time="26.446" /><testcase classname="backend.tests.test_comprehensive_iter110.TestE2EWorkflow" name="test_T56_verify_audit_log" time="0.111" /></testsuite></testsuites>