<?xml version="1.0" encoding="utf-8"?><testsuites name="pytest tests"><testsuite name="pytest" errors="0" failures="0" skipped="0" tests="21" time="5.374" timestamp="2026-04-06T06:20:33.947922+00:00" hostname="agent-env-3e59b20a-f0c9-4931-a955-2afd0a2a107c"><testcase classname="backend.tests.test_signup_flow_iter42.TestSignupRegister" name="test_register_success" time="0.436" /><testcase classname="backend.tests.test_signup_flow_iter42.TestSignupRegister" name="test_register_duplicate_email" time="0.427" /><testcase classname="backend.tests.test_signup_flow_iter42.TestSignupRegister" name="test_register_duplicate_subdomain" time="0.428" /><testcase classname="backend.tests.test_signup_flow_iter42.TestSignupRegister" name="test_register_reserved_subdomain" time="0.316" /><testcase classname="backend.tests.test_signup_flow_iter42.TestSignupRegister" name="test_register_password_too_short" time="0.109" /><testcase classname="backend.tests.test_signup_flow_iter42.TestSignupRegister" name="test_register_password_no_letter" time="0.101" /><testcase classname="backend.tests.test_signup_flow_iter42.TestSignupRegister" name="test_register_password_no_number" time="0.096" /><testcase classname="backend.tests.test_signup_flow_iter42.TestSignupRegister" name="test_register_invalid_email" time="0.096" /><testcase classname="backend.tests.test_signup_flow_iter42.TestSignupRegister" name="test_register_subdomain_too_short" time="0.102" /><testcase classname="backend.tests.test_signup_flow_iter42.TestEmailVerification" name="test_verify_invalid_token" time="0.098" /><testcase classname="backend.tests.test_signup_flow_iter42.TestEmailVerification" name="test_verify_empty_token" time="0.101" /><testcase classname="backend.tests.test_signup_flow_iter42.TestResendVerification" name="test_resend_nonexistent_email" time="0.102" /><testcase classname="backend.tests.test_signup_flow_iter42.TestResendVerification" name="test_resend_rate_limiting" time="0.463" /><testcase classname="backend.tests.test_signup_flow_iter42.TestLoginTrialInfo" name="test_existing_tenant_login_no_trial_info" time="0.326" /><testcase classname="backend.tests.test_signup_flow_iter42.TestLoginTrialInfo" name="test_unverified_user_blocked" time="0.433" /><testcase classname="backend.tests.test_signup_flow_iter42.TestLoginTrialInfo" name="test_wrong_password_rejected" time="0.327" /><testcase classname="backend.tests.test_signup_flow_iter42.TestLoginTrialInfo" name="test_login_without_tenant_header" time="0.324" /><testcase classname="backend.tests.test_signup_flow_iter42.TestPublicRoutes" name="test_register_no_tenant_header" time="0.373" /><testcase classname="backend.tests.test_signup_flow_iter42.TestPublicRoutes" name="test_verify_email_no_tenant_header" time="0.099" /><testcase classname="backend.tests.test_signup_flow_iter42.TestPublicRoutes" name="test_resend_verification_no_tenant_header" time="0.098" /><testcase classname="backend.tests.test_signup_flow_iter42.TestTenantList" name="test_new_tenant_appears_in_list" time="0.423" /></testsuite></testsuites>