<?xml version="1.0" encoding="utf-8"?><testsuites name="pytest tests"><testsuite name="pytest" errors="0" failures="0" skipped="0" tests="24" time="27.827" timestamp="2026-04-17T09:36:37.070310+00:00" hostname="agent-env-3e59b20a-f0c9-4931-a955-2afd0a2a107c"><testcase classname="backend.tests.test_buy_planning_phase2_3_iter96.TestDisplayMinimums" name="test_get_display_minimums_returns_configs" time="0.617" /><testcase classname="backend.tests.test_buy_planning_phase2_3_iter96.TestDisplayMinimums" name="test_post_display_minimum_creates_config" time="0.118" /><testcase classname="backend.tests.test_buy_planning_phase2_3_iter96.TestDisplayMinimums" name="test_display_minimum_computed_total_correct" time="0.140" /><testcase classname="backend.tests.test_buy_planning_phase2_3_iter96.TestDisplayMinimums" name="test_delete_display_minimum" time="0.236" /><testcase classname="backend.tests.test_buy_planning_phase2_3_iter96.TestDisplayMinimums" name="test_delete_nonexistent_config_returns_404" time="0.124" /><testcase classname="backend.tests.test_buy_planning_phase2_3_iter96.TestBuyFormula" name="test_buy_formula_calculate_returns_plan" time="0.274" /><testcase classname="backend.tests.test_buy_planning_phase2_3_iter96.TestBuyFormula" name="test_buy_formula_returns_required_fields_per_sku" time="0.269" /><testcase classname="backend.tests.test_buy_planning_phase2_3_iter96.TestBuyFormula" name="test_buy_formula_binding_constraint_logic" time="0.274" /><testcase classname="backend.tests.test_buy_planning_phase2_3_iter96.TestBuyFormula" name="test_buy_formula_totals_structure" time="0.272" /><testcase classname="backend.tests.test_buy_planning_phase2_3_iter96.TestBuyFormula" name="test_buy_formula_custom_sell_through_targets" time="0.282" /><testcase classname="backend.tests.test_buy_planning_phase2_3_iter96.TestDNATagging" name="test_auto_dna_tag_tags_styles" time="22.188" /><testcase classname="backend.tests.test_buy_planning_phase2_3_iter96.TestDNATagging" name="test_get_dna_tags_returns_tagged_styles" time="0.124" /><testcase classname="backend.tests.test_buy_planning_phase2_3_iter96.TestDNATagging" name="test_dna_tag_single_sku" time="0.375" /><testcase classname="backend.tests.test_buy_planning_phase2_3_iter96.TestDNATagging" name="test_dna_tag_bulk_style" time="0.242" /><testcase classname="backend.tests.test_buy_planning_phase2_3_iter96.TestDNATagging" name="test_dna_tag_nonexistent_sku_returns_404" time="0.125" /><testcase classname="backend.tests.test_buy_planning_phase2_3_iter96.TestAttributionMatrix" name="test_get_attribution_matrix_returns_allocations" time="0.162" /><testcase classname="backend.tests.test_buy_planning_phase2_3_iter96.TestAttributionMatrix" name="test_attribution_rules_core_all_stores" time="0.109" /><testcase classname="backend.tests.test_buy_planning_phase2_3_iter96.TestAttributionMatrix" name="test_attribution_rules_fashion_a_b_only" time="0.109" /><testcase classname="backend.tests.test_buy_planning_phase2_3_iter96.TestAttributionMatrix" name="test_attribution_rules_test_a_only" time="0.102" /><testcase classname="backend.tests.test_buy_planning_phase2_3_iter96.TestAttributionMatrix" name="test_attribution_style_has_coverage_pct" time="0.106" /><testcase classname="backend.tests.test_buy_planning_phase2_3_iter96.TestAuthRequired" name="test_display_minimums_requires_auth" time="0.106" /><testcase classname="backend.tests.test_buy_planning_phase2_3_iter96.TestAuthRequired" name="test_buy_formula_requires_auth" time="0.099" /><testcase classname="backend.tests.test_buy_planning_phase2_3_iter96.TestAuthRequired" name="test_dna_tags_requires_auth" time="0.129" /><testcase classname="backend.tests.test_buy_planning_phase2_3_iter96.TestAuthRequired" name="test_attribution_matrix_requires_auth" time="1.130" /></testsuite></testsuites>