<?xml version="1.0" encoding="utf-8"?><testsuites name="pytest tests"><testsuite name="pytest" errors="0" failures="0" skipped="0" tests="40" time="11.968" timestamp="2026-04-09T07:49:57.067574+00:00" hostname="agent-env-3e59b20a-f0c9-4931-a955-2afd0a2a107c"><testcase classname="backend.tests.test_upload_v2_validation_iter53.TestMasterDataUpload" name="test_01_valid_sku_master" time="0.601" /><testcase classname="backend.tests.test_upload_v2_validation_iter53.TestMasterDataUpload" name="test_02_sku_master_missing_category" time="0.109" /><testcase classname="backend.tests.test_upload_v2_validation_iter53.TestMasterDataUpload" name="test_03_sku_master_duplicate_sku" time="0.139" /><testcase classname="backend.tests.test_upload_v2_validation_iter53.TestMasterDataUpload" name="test_04_sku_special_characters" time="0.135" /><testcase classname="backend.tests.test_upload_v2_validation_iter53.TestMasterDataUpload" name="test_05_sku_whitespace_trim" time="0.111" /><testcase classname="backend.tests.test_upload_v2_validation_iter53.TestMasterDataUpload" name="test_06_valid_store_master" time="0.124" /><testcase classname="backend.tests.test_upload_v2_validation_iter53.TestMasterDataUpload" name="test_07_store_master_duplicate" time="0.113" /><testcase classname="backend.tests.test_upload_v2_validation_iter53.TestMasterDataUpload" name="test_08_valid_warehouse_master" time="0.114" /><testcase classname="backend.tests.test_upload_v2_validation_iter53.TestMasterDataUpload" name="test_09_warehouse_invalid_flag" time="0.121" /><testcase classname="backend.tests.test_upload_v2_validation_iter53.TestMasterDataUpload" name="test_10_update_existing_sku_master" time="0.107" /><testcase classname="backend.tests.test_upload_v2_validation_iter53.TestDailySalesUpload" name="test_11_valid_daily_sales" time="0.353" /><testcase classname="backend.tests.test_upload_v2_validation_iter53.TestDailySalesUpload" name="test_12_daily_sales_unknown_sku" time="0.367" /><testcase classname="backend.tests.test_upload_v2_validation_iter53.TestDailySalesUpload" name="test_13_daily_sales_unknown_store" time="0.336" /><testcase classname="backend.tests.test_upload_v2_validation_iter53.TestDailySalesUpload" name="test_14_daily_sales_future_date" time="0.326" /><testcase classname="backend.tests.test_upload_v2_validation_iter53.TestDailySalesUpload" name="test_15_daily_sales_negative_quantity" time="0.349" /><testcase classname="backend.tests.test_upload_v2_validation_iter53.TestDailySalesUpload" name="test_17_daily_sales_usd_currency" time="0.348" /><testcase classname="backend.tests.test_upload_v2_validation_iter53.TestDailySalesUpload" name="test_18_daily_sales_inr_currency" time="0.340" /><testcase classname="backend.tests.test_upload_v2_validation_iter53.TestDailySalesUpload" name="test_19_daily_sales_mixed_currency" time="0.339" /><testcase classname="backend.tests.test_upload_v2_validation_iter53.TestDailySalesUpload" name="test_20_daily_sales_zero_revenue" time="0.351" /><testcase classname="backend.tests.test_upload_v2_validation_iter53.TestStoreInventoryUpload" name="test_21_valid_store_inventory" time="0.381" /><testcase classname="backend.tests.test_upload_v2_validation_iter53.TestStoreInventoryUpload" name="test_22_store_inventory_negative_stock" time="0.354" /><testcase classname="backend.tests.test_upload_v2_validation_iter53.TestStoreInventoryUpload" name="test_23_store_inventory_unknown_store" time="0.348" /><testcase classname="backend.tests.test_upload_v2_validation_iter53.TestStoreInventoryUpload" name="test_25_store_inventory_low_stock" time="0.337" /><testcase classname="backend.tests.test_upload_v2_validation_iter53.TestStoreInventoryUpload" name="test_26_store_inventory_decimal_stock" time="0.323" /><testcase classname="backend.tests.test_upload_v2_validation_iter53.TestWarehouseInventoryUpload" name="test_29_valid_warehouse_inventory" time="0.354" /><testcase classname="backend.tests.test_upload_v2_validation_iter53.TestWarehouseInventoryUpload" name="test_30_warehouse_inventory_unknown_warehouse" time="0.335" /><testcase classname="backend.tests.test_upload_v2_validation_iter53.TestWarehouseInventoryUpload" name="test_31_warehouse_inventory_available_exceeds_onhand" time="0.391" /><testcase classname="backend.tests.test_upload_v2_validation_iter53.TestWarehouseInventoryUpload" name="test_32_warehouse_inventory_allocated_calc" time="0.343" /><testcase classname="backend.tests.test_upload_v2_validation_iter53.TestWarehouseInventoryUpload" name="test_33_warehouse_inventory_multiple_warehouses" time="0.343" /><testcase classname="backend.tests.test_upload_v2_validation_iter53.TestWarehouseInventoryUpload" name="test_34_warehouse_inventory_zero_stock" time="0.350" /><testcase classname="backend.tests.test_upload_v2_validation_iter53.TestMultiTenantIsolation" name="test_42_tenant_isolation" time="0.664" /><testcase classname="backend.tests.test_upload_v2_validation_iter53.TestFileStructureValidation" name="test_51_empty_file" time="0.109" /><testcase classname="backend.tests.test_upload_v2_validation_iter53.TestFileStructureValidation" name="test_55_utf8_bom_encoding" time="0.115" /><testcase classname="backend.tests.test_upload_v2_validation_iter53.TestFileStructureValidation" name="test_56_date_format_variations" time="0.331" /><testcase classname="backend.tests.test_upload_v2_validation_iter53.TestFileStructureValidation" name="test_57_revenue_with_commas" time="0.375" /><testcase classname="backend.tests.test_upload_v2_validation_iter53.TestFileStructureValidation" name="test_58_scientific_notation_sku" time="0.113" /><testcase classname="backend.tests.test_upload_v2_validation_iter53.TestFileStructureValidation" name="test_59_sku_case_mismatch" time="0.363" /><testcase classname="backend.tests.test_upload_v2_validation_iter53.TestFileStructureValidation" name="test_64_duplicate_file_upload" time="0.208" /><testcase classname="backend.tests.test_upload_v2_validation_iter53.TestDailyStatusEndpoint" name="test_48_daily_status_all_types" time="0.816" /><testcase classname="backend.tests.test_upload_v2_validation_iter53.TestDailyStatusEndpoint" name="test_49_all_complete_banner" time="0.101" /></testsuite></testsuites>