<?xml version="1.0" encoding="utf-8"?><testsuites name="pytest tests"><testsuite name="pytest" errors="0" failures="0" skipped="0" tests="16" time="7.285" timestamp="2026-04-13T08:36:53.057729+00:00" hostname="agent-env-3e59b20a-f0c9-4931-a955-2afd0a2a107c"><testcase classname="backend.tests.test_stock_out_iter83.TestStockOutAPIResponseShape" name="test_01_stock_out_api_returns_200" time="1.956" /><testcase classname="backend.tests.test_stock_out_iter83.TestStockOutAPIResponseShape" name="test_02_response_has_summary" time="0.345" /><testcase classname="backend.tests.test_stock_out_iter83.TestStockOutAPIResponseShape" name="test_03_total_lost_sales_is_not_zero" time="0.343" /><testcase classname="backend.tests.test_stock_out_iter83.TestStockOutAPIResponseShape" name="test_04_stores_impacted_is_not_zero" time="0.344" /><testcase classname="backend.tests.test_stock_out_iter83.TestStockOutAPIResponseShape" name="test_05_response_has_top_skus" time="0.349" /><testcase classname="backend.tests.test_stock_out_iter83.TestStockOutAPIResponseShape" name="test_06_response_has_top_stores" time="0.347" /><testcase classname="backend.tests.test_stock_out_iter83.TestStockOutAPIResponseShape" name="test_07_response_has_category_impact" time="0.346" /><testcase classname="backend.tests.test_stock_out_iter83.TestStockOutAPIResponseShape" name="test_08_response_has_store_heatmap" time="0.347" /><testcase classname="backend.tests.test_stock_out_iter83.TestStockOutAPIResponseShape" name="test_09_response_has_category_heatmap" time="0.345" /><testcase classname="backend.tests.test_stock_out_iter83.TestStockOutAPIResponseShape" name="test_10_response_has_high_risk_skus" time="0.340" /><testcase classname="backend.tests.test_stock_out_iter83.TestStockOutAPIResponseShape" name="test_11_response_has_reorder_recommendations" time="0.375" /><testcase classname="backend.tests.test_stock_out_iter83.TestStockOutAPIResponseShape" name="test_12_response_has_alternative_suggestions" time="0.342" /><testcase classname="backend.tests.test_stock_out_iter83.TestStockOutAPIResponseShape" name="test_13_summary_field_names_correct" time="0.346" /><testcase classname="backend.tests.test_stock_out_iter83.TestStockOutAPIResponseShape" name="test_14_data_array_present" time="0.345" /><testcase classname="backend.tests.test_stock_out_iter83.TestStockOutAPIResponseShape" name="test_15_no_error_in_response" time="0.343" /><testcase classname="backend.tests.test_stock_out_iter83.TestStockOutAPIRequiresAuth" name="test_16_stock_out_api_accessible" time="0.357" /></testsuite></testsuites>