<?xml version="1.0" encoding="utf-8"?><testsuites name="pytest tests"><testsuite name="pytest" errors="0" failures="0" skipped="0" tests="20" time="3.659" timestamp="2026-04-11T18:08:06.044683+00:00" hostname="agent-env-3e59b20a-f0c9-4931-a955-2afd0a2a107c"><testcase classname="backend.tests.test_funnel_analytics.TestFunnelAnalyticsAuth" name="test_01_unauthenticated_access_denied" time="0.244" /><testcase classname="backend.tests.test_funnel_analytics.TestFunnelAnalyticsAuth" name="test_02_authenticated_access_allowed" time="0.476" /><testcase classname="backend.tests.test_funnel_analytics.TestFunnelDataStructure" name="test_03_response_structure" time="0.151" /><testcase classname="backend.tests.test_funnel_analytics.TestFunnelDataStructure" name="test_04_funnel_stages_structure" time="0.127" /><testcase classname="backend.tests.test_funnel_analytics.TestFunnelDataStructure" name="test_05_funnel_conversions_structure" time="0.160" /><testcase classname="backend.tests.test_funnel_analytics.TestFunnelDataStructure" name="test_06_overall_conversion_rate" time="0.152" /><testcase classname="backend.tests.test_funnel_analytics.TestFunnelDataStructure" name="test_07_time_series_structure" time="0.127" /><testcase classname="backend.tests.test_funnel_analytics.TestFunnelDataStructure" name="test_08_users_list_structure" time="0.159" /><testcase classname="backend.tests.test_funnel_analytics.TestFunnelTimeFiltering" name="test_09_filter_by_days_7" time="0.142" /><testcase classname="backend.tests.test_funnel_analytics.TestFunnelTimeFiltering" name="test_10_filter_by_days_30" time="0.148" /><testcase classname="backend.tests.test_funnel_analytics.TestFunnelTimeFiltering" name="test_11_filter_by_days_90" time="0.127" /><testcase classname="backend.tests.test_funnel_analytics.TestFunnelTimeFiltering" name="test_12_all_time_no_days_filter" time="0.136" /><testcase classname="backend.tests.test_funnel_analytics.TestFunnelTimeFiltering" name="test_13_custom_date_range" time="0.166" /><testcase classname="backend.tests.test_funnel_analytics.TestFunnelAccessControl" name="test_14_super_admin_platform_wide" time="0.138" /><testcase classname="backend.tests.test_funnel_analytics.TestFunnelAccessControl" name="test_15_tenant_admin_scoped" time="0.469" /><testcase classname="backend.tests.test_funnel_analytics.TestFunnelAccessControl" name="test_16_tenant_admin_users_belong_to_tenant" time="0.129" /><testcase classname="backend.tests.test_funnel_analytics.TestFunnelConversionCalculations" name="test_17_conversion_rates_valid" time="0.121" /><testcase classname="backend.tests.test_funnel_analytics.TestFunnelConversionCalculations" name="test_18_drop_off_calculated" time="0.152" /><testcase classname="backend.tests.test_funnel_analytics.TestFunnelConversionCalculations" name="test_19_funnel_is_monotonically_decreasing" time="0.118" /><testcase classname="backend.tests.test_funnel_analytics.TestFunnelUserDetails" name="test_20_user_has_stage_info" time="0.116" /></testsuite></testsuites>