<?xml version="1.0" encoding="utf-8"?><testsuites name="pytest tests"><testsuite name="pytest" errors="0" failures="0" skipped="0" tests="21" time="3.072" timestamp="2026-04-03T07:57:35.100189+00:00" hostname="agent-env-3e59b20a-f0c9-4931-a955-2afd0a2a107c"><testcase classname="backend.tests.test_buy_plan_generator.TestBuyPlanSummary" name="test_summary_returns_categories" time="0.452" /><testcase classname="backend.tests.test_buy_plan_generator.TestBuyPlanSummary" name="test_summary_returns_channels" time="0.111" /><testcase classname="backend.tests.test_buy_plan_generator.TestBuyPlanSummary" name="test_summary_returns_defaults" time="0.093" /><testcase classname="backend.tests.test_buy_plan_generator.TestBuyPlanGenerate" name="test_generate_with_defaults" time="0.108" /><testcase classname="backend.tests.test_buy_plan_generator.TestBuyPlanGenerate" name="test_generate_returns_valid_summary" time="0.124" /><testcase classname="backend.tests.test_buy_plan_generator.TestBuyPlanGenerate" name="test_generate_returns_category_breakdown" time="0.100" /><testcase classname="backend.tests.test_buy_plan_generator.TestBuyPlanGenerate" name="test_generate_returns_monthly_breakdown" time="0.108" /><testcase classname="backend.tests.test_buy_plan_generator.TestBuyPlanGenerate" name="test_generate_returns_channel_breakdown" time="0.104" /><testcase classname="backend.tests.test_buy_plan_generator.TestBuyPlanGenerate" name="test_generate_with_all_categories" time="0.147" /><testcase classname="backend.tests.test_buy_plan_generator.TestBuyPlanGenerate" name="test_generate_metadata_includes_user" time="0.104" /><testcase classname="backend.tests.test_buy_plan_generator.TestBuyPlanHistory" name="test_history_returns_list" time="0.093" /><testcase classname="backend.tests.test_buy_plan_generator.TestBuyPlanHistory" name="test_history_respects_limit" time="0.109" /><testcase classname="backend.tests.test_buy_plan_generator.TestBuyPlanHistory" name="test_history_after_generate" time="0.206" /><testcase classname="backend.tests.test_buy_plan_generator.TestBuyPlanExportExcel" name="test_export_returns_xlsx" time="0.173" /><testcase classname="backend.tests.test_buy_plan_generator.TestBuyPlanExportExcel" name="test_export_file_not_empty" time="0.120" /><testcase classname="backend.tests.test_buy_plan_generator.TestBuyPlanUpload" name="test_upload_requires_file" time="0.104" /><testcase classname="backend.tests.test_buy_plan_generator.TestBuyPlanUpload" name="test_upload_rejects_invalid_file" time="0.097" /><testcase classname="backend.tests.test_buy_plan_generator.TestBuyPlanRateLimiting" name="test_rate_limit_not_triggered_normal_use" time="0.308" /><testcase classname="backend.tests.test_buy_plan_generator.TestBuyPlanRequiresAuth" name="test_generate_requires_auth" time="0.102" /><testcase classname="backend.tests.test_buy_plan_generator.TestBuyPlanRequiresAuth" name="test_history_requires_auth" time="0.097" /><testcase classname="backend.tests.test_buy_plan_generator.TestBuyPlanRequiresAuth" name="test_export_requires_auth" time="0.101" /></testsuite></testsuites>