<?xml version="1.0" encoding="utf-8"?><testsuites name="pytest tests"><testsuite name="pytest" errors="0" failures="0" skipped="0" tests="13" time="1.996" timestamp="2026-04-02T07:46:56.557435+00:00" hostname="agent-env-3e59b20a-f0c9-4931-a955-2afd0a2a107c"><testcase classname="backend.tests.test_sftp_monitor.TestSFTPStatus" name="test_get_sftp_status" time="0.118" /><testcase classname="backend.tests.test_sftp_monitor.TestSFTPConfig" name="test_get_sftp_config" time="0.095" /><testcase classname="backend.tests.test_sftp_monitor.TestSFTPConfig" name="test_save_sftp_config" time="0.315" /><testcase classname="backend.tests.test_sftp_monitor.TestSFTPStats" name="test_get_sftp_stats" time="0.109" /><testcase classname="backend.tests.test_sftp_monitor.TestSFTPLogs" name="test_get_sftp_logs" time="0.157" /><testcase classname="backend.tests.test_sftp_monitor.TestSFTPLogs" name="test_get_sftp_logs_with_filters" time="0.197" /><testcase classname="backend.tests.test_sftp_monitor.TestSFTPOperations" name="test_seed_demo_data" time="0.136" /><testcase classname="backend.tests.test_sftp_monitor.TestSFTPOperations" name="test_trigger_processing" time="0.107" /><testcase classname="backend.tests.test_sftp_monitor.TestSFTPOperations" name="test_retry_failed_files" time="0.097" /><testcase classname="backend.tests.test_sftp_monitor.TestSFTPScheduler" name="test_start_scheduler" time="0.102" /><testcase classname="backend.tests.test_sftp_monitor.TestSFTPScheduler" name="test_stop_scheduler" time="0.095" /><testcase classname="backend.tests.test_sftp_monitor.TestSFTPScheduler" name="test_scheduler_status_after_stop" time="0.213" /><testcase classname="backend.tests.test_sftp_monitor.TestSFTPTestConnection" name="test_connection_demo_mode" time="0.189" /></testsuite></testsuites>