<?xml version="1.0" encoding="utf-8"?><testsuites name="pytest tests"><testsuite name="pytest" errors="0" failures="0" skipped="0" tests="38" time="4.715" timestamp="2026-04-02T17:42:15.515058+00:00" hostname="agent-env-3e59b20a-f0c9-4931-a955-2afd0a2a107c"><testcase classname="backend.tests.test_upload_gaps_iter20.TestGapFixes" name="test_upload_03_txt_returns_400" time="0.139" /><testcase classname="backend.tests.test_upload_gaps_iter20.TestGapFixes" name="test_upload_05_file_size_limit_exists" time="0.172" /><testcase classname="backend.tests.test_upload_gaps_iter20.TestGapFixes" name="test_upload_09_text_in_numeric_field" time="0.143" /><testcase classname="backend.tests.test_upload_gaps_iter20.TestGapFixes" name="test_upload_11_null_in_required_column" time="0.168" /><testcase classname="backend.tests.test_upload_gaps_iter20.TestGapFixes" name="test_upload_12_duplicate_rows_deduplicated" time="0.106" /><testcase classname="backend.tests.test_upload_gaps_iter20.TestGapFixes" name="test_upload_20_future_date_rejected" time="0.114" /><testcase classname="backend.tests.test_upload_gaps_iter20.TestGapFixes" name="test_upload_23_negative_quantity_rejected" time="0.141" /><testcase classname="backend.tests.test_upload_gaps_iter20.TestGapFixes" name="test_upload_32_concurrent_upload_lock" time="0.148" /><testcase classname="backend.tests.test_upload_gaps_iter20.TestGapFixes" name="test_upload_34_bom_characters" time="0.106" /><testcase classname="backend.tests.test_upload_gaps_iter20.TestGapFixes" name="test_upload_35_latin1_encoding" time="0.120" /><testcase classname="backend.tests.test_upload_gaps_iter20.TestFileValidation" name="test_upload_01_valid_csv" time="0.127" /><testcase classname="backend.tests.test_upload_gaps_iter20.TestFileValidation" name="test_upload_02_valid_xlsx" time="0.101" /><testcase classname="backend.tests.test_upload_gaps_iter20.TestFileValidation" name="test_upload_04_empty_file" time="0.113" /><testcase classname="backend.tests.test_upload_gaps_iter20.TestFileValidation" name="test_upload_06_special_characters_filename" time="0.116" /><testcase classname="backend.tests.test_upload_gaps_iter20.TestDataFormat" name="test_upload_07_missing_required_column" time="0.123" /><testcase classname="backend.tests.test_upload_gaps_iter20.TestDataFormat" name="test_upload_08_extra_columns" time="0.128" /><testcase classname="backend.tests.test_upload_gaps_iter20.TestDataFormat" name="test_upload_10_date_format_dd_mm_yyyy" time="0.111" /><testcase classname="backend.tests.test_upload_gaps_iter20.TestMasterDataUpload" name="test_upload_13_style_master" time="0.103" /><testcase classname="backend.tests.test_upload_gaps_iter20.TestMasterDataUpload" name="test_upload_14_style_master_upsert" time="0.460" /><testcase classname="backend.tests.test_upload_gaps_iter20.TestMasterDataUpload" name="test_upload_15_store_master" time="0.116" /><testcase classname="backend.tests.test_upload_gaps_iter20.TestMasterDataUpload" name="test_upload_16_sku_ean_master" time="0.106" /><testcase classname="backend.tests.test_upload_gaps_iter20.TestMasterDataUpload" name="test_upload_17_warehouse_master" time="0.101" /><testcase classname="backend.tests.test_upload_gaps_iter20.TestDailyDataUpload" name="test_upload_18_daily_sales_today" time="0.128" /><testcase classname="backend.tests.test_upload_gaps_iter20.TestDailyDataUpload" name="test_upload_19_daily_sales_past_date" time="0.126" /><testcase classname="backend.tests.test_upload_gaps_iter20.TestDailyDataUpload" name="test_upload_21_daily_sales_overwrite" time="0.230" /><testcase classname="backend.tests.test_upload_gaps_iter20.TestDailyDataUpload" name="test_upload_22_store_inventory" time="0.108" /><testcase classname="backend.tests.test_upload_gaps_iter20.TestDailyDataUpload" name="test_upload_24_warehouse_inventory" time="0.113" /><testcase classname="backend.tests.test_upload_gaps_iter20.TestSFTPUpload" name="test_upload_25_sftp_status" time="0.107" /><testcase classname="backend.tests.test_upload_gaps_iter20.TestSFTPUpload" name="test_upload_26_sftp_timeout" time="0.000" /><testcase classname="backend.tests.test_upload_gaps_iter20.TestSFTPUpload" name="test_upload_27_sftp_invalid_credentials" time="0.115" /><testcase classname="backend.tests.test_upload_gaps_iter20.TestSFTPUpload" name="test_upload_28_sftp_partial_upload" time="0.000" /><testcase classname="backend.tests.test_upload_gaps_iter20.TestSFTPUpload" name="test_upload_29_sftp_multiple_files" time="0.169" /><testcase classname="backend.tests.test_upload_gaps_iter20.TestSFTPUpload" name="test_upload_30_sftp_no_files" time="0.000" /><testcase classname="backend.tests.test_upload_gaps_iter20.TestEdgeCases" name="test_upload_31_large_file_processing" time="0.163" /><testcase classname="backend.tests.test_upload_gaps_iter20.TestEdgeCases" name="test_upload_33_network_interruption" time="0.000" /><testcase classname="backend.tests.test_upload_gaps_iter20.TestRegressionAndCleanup" name="test_regression_upload_status" time="0.126" /><testcase classname="backend.tests.test_upload_gaps_iter20.TestRegressionAndCleanup" name="test_regression_executive_dashboard" time="0.151" /><testcase classname="backend.tests.test_upload_gaps_iter20.TestRegressionAndCleanup" name="test_zz_final_report" time="0.001" /></testsuite></testsuites>