<?xml version="1.0" encoding="utf-8"?><testsuites name="pytest tests"><testsuite name="pytest" errors="0" failures="0" skipped="0" tests="77" time="4.551" timestamp="2026-04-24T11:51:07.109955+00:00" hostname="agent-env-3e59b20a-f0c9-4931-a955-2afd0a2a107c"><testcase classname="backend.tests.test_size_curve_iter114" name="test_categories" time="0.606" /><testcase classname="backend.tests.test_size_curve_iter114" name="test_corporate_curve_apparel" time="0.528" /><testcase classname="backend.tests.test_size_curve_iter114" name="test_corporate_curve_bogus_400" time="0.469" /><testcase classname="backend.tests.test_size_curve_iter114" name="test_recommend" time="1.511" /><testcase classname="backend.tests.test_size_curve_iter114" name="test_allocate_corporate" time="0.467" /><testcase classname="backend.tests.test_size_curve_iter114" name="test_allocate_store" time="0.425" /><testcase classname="backend.tests.test_size_curve_iter114" name="test_allocate_zero_422" time="0.108" /><testcase classname="backend.tests.test_size_curve_iter114" name="test_save_and_list_recommendation" time="0.243" /><testcase classname="backend.tests.test_size_curve_domain" name="test_normalize_empty" time="0.000" /><testcase classname="backend.tests.test_size_curve_domain" name="test_normalize_basic" time="0.000" /><testcase classname="backend.tests.test_size_curve_domain" name="test_normalize_zero_total_returns_all_zero" time="0.000" /><testcase classname="backend.tests.test_size_curve_domain" name="test_build_ignores_skus_without_size_or_category" time="0.000" /><testcase classname="backend.tests.test_size_curve_domain" name="test_build_aggregates_across_skus_same_size" time="0.000" /><testcase classname="backend.tests.test_size_curve_domain" name="test_corporate_curve_sums_across_stores" time="0.000" /><testcase classname="backend.tests.test_size_curve_domain" name="test_corporate_curve_empty_when_no_match" time="0.000" /><testcase classname="backend.tests.test_size_curve_domain" name="test_deviation_flags_over_and_under_and_sorts_by_abs" time="0.000" /><testcase classname="backend.tests.test_size_curve_domain" name="test_deviation_handles_size_missing_in_one_side" time="0.000" /><testcase classname="backend.tests.test_size_curve_domain" name="test_classify_separates_outliers_by_threshold" time="0.000" /><testcase classname="backend.tests.test_size_curve_domain" name="test_classify_skips_stores_below_min_units" time="0.000" /><testcase classname="backend.tests.test_size_curve_domain" name="test_allocate_sum_always_equals_total_qty" time="0.000" /><testcase classname="backend.tests.test_size_curve_domain" name="test_allocate_respects_dominant_size" time="0.000" /><testcase classname="backend.tests.test_size_curve_domain" name="test_allocate_handles_zero_total" time="0.000" /><testcase classname="backend.tests.test_size_curve_domain" name="test_allocate_handles_empty_curve" time="0.000" /><testcase classname="backend.tests.test_attribute_grouping_domain" name="test_parse_sku_tokens_two_tokens" time="0.000" /><testcase classname="backend.tests.test_attribute_grouping_domain" name="test_parse_sku_tokens_three_tokens" time="0.000" /><testcase classname="backend.tests.test_attribute_grouping_domain" name="test_parse_sku_tokens_five_tokens" time="0.000" /><testcase classname="backend.tests.test_attribute_grouping_domain" name="test_parse_sku_tokens_single_token" time="0.000" /><testcase classname="backend.tests.test_attribute_grouping_domain" name="test_parse_sku_tokens_empty_and_none" time="0.000" /><testcase classname="backend.tests.test_attribute_grouping_domain" name="test_merge_pulls_scalars_from_style_master" time="0.000" /><testcase classname="backend.tests.test_attribute_grouping_domain" name="test_merge_with_no_style_doc" time="0.000" /><testcase classname="backend.tests.test_attribute_grouping_domain" name="test_merge_attributes_subobject_overrides" time="0.000" /><testcase classname="backend.tests.test_attribute_grouping_domain" name="test_discover_levels_orders_base_then_extras" time="0.000" /><testcase classname="backend.tests.test_attribute_grouping_domain" name="test_discover_levels_skips_empty" time="0.000" /><testcase classname="backend.tests.test_attribute_grouping_domain" name="test_discover_levels_sample_values" time="0.000" /><testcase classname="backend.tests.test_attribute_grouping_domain" name="test_group_sales_sums_and_averages" time="0.000" /><testcase classname="backend.tests.test_attribute_grouping_domain" name="test_group_sales_ignores_empty_attribute" time="0.000" /><testcase classname="backend.tests.test_attribute_grouping_domain" name="test_trend_split_detects_growth_and_decline" time="0.000" /><testcase classname="backend.tests.test_attribute_grouping_domain" name="test_trend_split_new_value_caps_at_100" time="0.000" /><testcase classname="backend.tests.test_attribute_grouping_domain" name="test_compare_flags_best_performer_and_ratio" time="0.000" /><testcase classname="backend.tests.test_attribute_grouping_domain" name="test_compare_no_recommendation_when_ratio_under_threshold" time="0.000" /><testcase classname="backend.tests.test_attribute_grouping_domain" name="test_compare_missing_value_is_skipped" time="0.000" /><testcase classname="backend.tests.test_attribute_grouping_domain" name="test_forecast_requires_non_empty_combo" time="0.000" /><testcase classname="backend.tests.test_attribute_grouping_domain" name="test_forecast_finds_similar_and_averages" time="0.000" /><testcase classname="backend.tests.test_attribute_grouping_domain" name="test_forecast_zero_when_no_matches_meet_threshold" time="0.000" /><testcase classname="backend.tests.test_transfers_domain.TestComputeDos" name="test_normal" time="0.000" /><testcase classname="backend.tests.test_transfers_domain.TestComputeDos" name="test_zero_ros_is_infinite" time="0.000" /><testcase classname="backend.tests.test_transfers_domain.TestComputeDos" name="test_zero_soh_is_zero" time="0.000" /><testcase classname="backend.tests.test_transfers_domain.TestComputeDos" name="test_both_zero_is_infinite" time="0.000" /><testcase classname="backend.tests.test_transfers_domain.TestBuildStoreSkuMetrics" name="test_merges_both_sources" time="0.000" /><testcase classname="backend.tests.test_transfers_domain.TestBuildStoreSkuMetrics" name="test_zero_sales_row_has_inf_dos" time="0.000" /><testcase classname="backend.tests.test_transfers_domain.TestIdentifyDonors" name="test_picks_high_dos" time="0.000" /><testcase classname="backend.tests.test_transfers_domain.TestIdentifyDonors" name="test_ignores_zero_soh" time="0.000" /><testcase classname="backend.tests.test_transfers_domain.TestIdentifyRecipients" name="test_picks_low_dos_with_sales" time="0.000" /><testcase classname="backend.tests.test_transfers_domain.TestIdentifyRecipients" name="test_rejects_zero_sales_even_if_low_stock" time="0.000" /><testcase classname="backend.tests.test_transfers_domain.TestMatchTransfersGreedily" name="test_empty_when_no_donors" time="0.000" /><testcase classname="backend.tests.test_transfers_domain.TestMatchTransfersGreedily" name="test_empty_when_no_recipients" time="0.000" /><testcase classname="backend.tests.test_transfers_domain.TestMatchTransfersGreedily" name="test_happy_path_single_match" time="0.000" /><testcase classname="backend.tests.test_transfers_domain.TestMatchTransfersGreedily" name="test_donor_residual_respected" time="0.000" /><testcase classname="backend.tests.test_transfers_domain.TestMatchTransfersGreedily" name="test_min_transfer_qty_respected" time="0.000" /><testcase classname="backend.tests.test_transfers_domain.TestMatchTransfersGreedily" name="test_scoped_per_sku" time="0.000" /><testcase classname="backend.tests.test_transfers_domain.TestMatchTransfersGreedily" name="test_multiple_recipients_drain_donor" time="0.000" /><testcase classname="backend.tests.test_transfers_domain.TestRankByUplift" name="test_sorts_desc_by_value" time="0.000" /><testcase classname="backend.tests.test_transfers_domain.TestRankByUplift" name="test_missing_mrp_is_zero" time="0.000" /><testcase classname="backend.tests.test_transfers_domain" name="test_optimize_empty_inputs" time="0.001" /><testcase classname="backend.tests.test_transfers_domain" name="test_optimize_end_to_end" time="0.001" /><testcase classname="backend.tests.test_transfers_domain" name="test_generate_batch_persists" time="0.001" /><testcase classname="backend.tests.test_transfers_domain" name="test_transition_happy_path" time="0.001" /><testcase classname="backend.tests.test_transfers_domain" name="test_transition_illegal" time="0.001" /><testcase classname="backend.tests.test_transfers_domain" name="test_transition_unknown_status" time="0.000" /><testcase classname="backend.tests.test_transfers_domain" name="test_transition_not_found" time="0.000" /><testcase classname="backend.tests.test_transfers_domain" name="test_get_batch_not_found" time="0.000" /><testcase classname="backend.tests.test_display_minimums_domain" name="test_set_then_list" time="0.000" /><testcase classname="backend.tests.test_display_minimums_domain" name="test_update_same_key_overwrites" time="0.000" /><testcase classname="backend.tests.test_display_minimums_domain" name="test_delete_missing_raises" time="0.000" /><testcase classname="backend.tests.test_display_minimums_domain" name="test_delete_existing" time="0.000" /><testcase classname="backend.tests.test_display_minimums_domain" name="test_invalid_wedge_rejected" time="0.000" /><testcase classname="backend.tests.test_display_minimums_domain" name="test_negative_values_rejected" time="0.001" /></testsuite></testsuites>