<?xml version="1.0" encoding="utf-8"?><testsuites name="pytest tests"><testsuite name="pytest" errors="0" failures="0" skipped="0" tests="10" time="4.898" timestamp="2026-04-18T17:17:40.135337+00:00" hostname="agent-env-3e59b20a-f0c9-4931-a955-2afd0a2a107c"><testcase classname="backend.tests.test_approval_workflow_iter111.TestApprovalWorkflowIter111" name="test_01_get_buy_plans_with_status" time="0.462" /><testcase classname="backend.tests.test_approval_workflow_iter111.TestApprovalWorkflowIter111" name="test_02_get_draft_plan_for_approval" time="0.384" /><testcase classname="backend.tests.test_approval_workflow_iter111.TestApprovalWorkflowIter111" name="test_03_submit_draft_plan_for_approval" time="0.445" /><testcase classname="backend.tests.test_approval_workflow_iter111.TestApprovalWorkflowIter111" name="test_04_get_approval_history" time="0.449" /><testcase classname="backend.tests.test_approval_workflow_iter111.TestApprovalWorkflowIter111" name="test_05_count_plans_by_status" time="0.427" /><testcase classname="backend.tests.test_approval_workflow_iter111.TestExecutiveDashboardIter111" name="test_01_executive_dashboard_api" time="0.621" /><testcase classname="backend.tests.test_approval_workflow_iter111.TestExecutiveDashboardIter111" name="test_02_executive_kpis_api" time="0.616" /><testcase classname="backend.tests.test_approval_workflow_iter111.TestExecutiveDashboardIter111" name="test_03_executive_revenue_trend_api" time="0.631" /><testcase classname="backend.tests.test_approval_workflow_iter111.TestNotificationAPIs" name="test_01_unread_count_api" time="0.399" /><testcase classname="backend.tests.test_approval_workflow_iter111.TestNotificationAPIs" name="test_02_notifications_list_api" time="0.381" /></testsuite></testsuites>