<?xml version="1.0" encoding="utf-8"?><testsuites name="pytest tests"><testsuite name="pytest" errors="0" failures="0" skipped="0" tests="23" time="4.196" timestamp="2026-04-16T06:24:10.726718+00:00" hostname="agent-env-3e59b20a-f0c9-4931-a955-2afd0a2a107c"><testcase classname="backend.tests.test_anomaly_alerts_iter90.TestAlertEndpoints" name="test_01_get_alerts_returns_200" time="0.643" /><testcase classname="backend.tests.test_anomaly_alerts_iter90.TestAlertEndpoints" name="test_02_get_alerts_filter_by_severity_critical" time="0.112" /><testcase classname="backend.tests.test_anomaly_alerts_iter90.TestAlertEndpoints" name="test_03_get_alerts_filter_by_severity_warning" time="0.110" /><testcase classname="backend.tests.test_anomaly_alerts_iter90.TestAlertEndpoints" name="test_04_get_alerts_filter_by_status_active" time="0.123" /><testcase classname="backend.tests.test_anomaly_alerts_iter90.TestAlertEndpoints" name="test_05_get_alerts_filter_by_status_acknowledged" time="0.102" /><testcase classname="backend.tests.test_anomaly_alerts_iter90.TestAlertEndpoints" name="test_06_get_alerts_default_excludes_dismissed" time="0.100" /><testcase classname="backend.tests.test_anomaly_alerts_iter90.TestAlertEndpoints" name="test_07_get_alerts_401_without_token" time="0.110" /><testcase classname="backend.tests.test_anomaly_alerts_iter90.TestAlertEndpoints" name="test_08_get_alerts_403_for_regular_user" time="0.465" /><testcase classname="backend.tests.test_anomaly_alerts_iter90.TestAlertUnreadCount" name="test_09_get_unread_count_returns_200" time="0.109" /><testcase classname="backend.tests.test_anomaly_alerts_iter90.TestAlertUnreadCount" name="test_10_get_unread_count_401_without_token" time="0.101" /><testcase classname="backend.tests.test_anomaly_alerts_iter90.TestAlertUnreadCount" name="test_11_get_unread_count_403_for_regular_user" time="0.105" /><testcase classname="backend.tests.test_anomaly_alerts_iter90.TestAlertAcknowledge" name="test_12_acknowledge_alert_changes_status" time="0.356" /><testcase classname="backend.tests.test_anomaly_alerts_iter90.TestAlertAcknowledge" name="test_13_acknowledge_nonexistent_alert_returns_404" time="0.099" /><testcase classname="backend.tests.test_anomaly_alerts_iter90.TestAlertAcknowledge" name="test_14_acknowledge_alert_401_without_token" time="0.109" /><testcase classname="backend.tests.test_anomaly_alerts_iter90.TestAlertAcknowledge" name="test_15_acknowledge_alert_403_for_regular_user" time="0.109" /><testcase classname="backend.tests.test_anomaly_alerts_iter90.TestAlertDismiss" name="test_16_dismiss_alert_changes_status" time="0.327" /><testcase classname="backend.tests.test_anomaly_alerts_iter90.TestAlertDismiss" name="test_17_dismiss_nonexistent_alert_returns_404" time="0.108" /><testcase classname="backend.tests.test_anomaly_alerts_iter90.TestAlertDismiss" name="test_18_dismiss_alert_401_without_token" time="0.115" /><testcase classname="backend.tests.test_anomaly_alerts_iter90.TestAlertDismiss" name="test_19_dismiss_alert_403_for_regular_user" time="0.115" /><testcase classname="backend.tests.test_anomaly_alerts_iter90.TestAnomalyDetectionRules" name="test_20_role_flip_flop_rule_structure" time="0.229" /><testcase classname="backend.tests.test_anomaly_alerts_iter90.TestAnomalyDetectionRules" name="test_21_excessive_impersonations_rule_structure" time="0.216" /><testcase classname="backend.tests.test_anomaly_alerts_iter90.TestAnomalyDetectionRules" name="test_22_alert_has_actor_email" time="0.120" /><testcase classname="backend.tests.test_anomaly_alerts_iter90.TestAnomalyDetectionRules" name="test_23_alert_has_details_field" time="0.107" /></testsuite></testsuites>