<?xml version="1.0" encoding="utf-8"?><testsuites name="pytest tests"><testsuite name="pytest" errors="0" failures="0" skipped="0" tests="22" time="8.034" timestamp="2026-04-17T12:58:15.827557+00:00" hostname="agent-env-3e59b20a-f0c9-4931-a955-2afd0a2a107c"><testcase classname="backend.tests.test_dashboards_iter108.TestReadinessAPI" name="test_readiness_returns_200" time="1.019" /><testcase classname="backend.tests.test_dashboards_iter108.TestReadinessAPI" name="test_readiness_has_score" time="0.496" /><testcase classname="backend.tests.test_dashboards_iter108.TestReadinessAPI" name="test_readiness_has_checks_array" time="0.507" /><testcase classname="backend.tests.test_dashboards_iter108.TestReadinessAPI" name="test_readiness_check_structure" time="0.503" /><testcase classname="backend.tests.test_dashboards_iter108.TestReadinessAPI" name="test_readiness_check_ids" time="0.500" /><testcase classname="backend.tests.test_dashboards_iter108.TestReadinessAPI" name="test_readiness_has_recommendations" time="0.503" /><testcase classname="backend.tests.test_dashboards_iter108.TestReadinessAPI" name="test_readiness_recommendation_structure" time="0.491" /><testcase classname="backend.tests.test_dashboards_iter108.TestReadinessAPI" name="test_readiness_passed_total" time="0.485" /><testcase classname="backend.tests.test_dashboards_iter108.TestForecastAccuracyAPI" name="test_forecast_accuracy_returns_200" time="0.337" /><testcase classname="backend.tests.test_dashboards_iter108.TestForecastAccuracyAPI" name="test_forecast_accuracy_has_overall" time="0.342" /><testcase classname="backend.tests.test_dashboards_iter108.TestForecastAccuracyAPI" name="test_forecast_accuracy_overall_fields" time="0.370" /><testcase classname="backend.tests.test_dashboards_iter108.TestForecastAccuracyAPI" name="test_forecast_accuracy_has_monthly_comparison" time="0.448" /><testcase classname="backend.tests.test_dashboards_iter108.TestForecastAccuracyAPI" name="test_forecast_accuracy_has_category_accuracy" time="0.353" /><testcase classname="backend.tests.test_dashboards_iter108.TestForecastAccuracyAPI" name="test_forecast_accuracy_counts" time="0.340" /><testcase classname="backend.tests.test_dashboards_iter108.TestForecastAccuracyAPI" name="test_forecast_accuracy_empty_state" time="0.342" /><testcase classname="backend.tests.test_dashboards_iter108.TestModuleToggleAPI" name="test_get_modules_shows_ai_insights_disabled" time="0.122" /><testcase classname="backend.tests.test_dashboards_iter108.TestModuleToggleAPI" name="test_get_modules_shows_space_planning_enabled" time="0.115" /><testcase classname="backend.tests.test_dashboards_iter108.TestModuleToggleAPI" name="test_toggle_ai_insights_on" time="0.125" /><testcase classname="backend.tests.test_dashboards_iter108.TestModuleToggleAPI" name="test_verify_ai_insights_enabled" time="0.129" /><testcase classname="backend.tests.test_dashboards_iter108.TestModuleToggleAPI" name="test_toggle_ai_insights_off" time="0.178" /><testcase classname="backend.tests.test_dashboards_iter108.TestUnauthenticated" name="test_readiness_requires_auth" time="0.125" /><testcase classname="backend.tests.test_dashboards_iter108.TestUnauthenticated" name="test_forecast_accuracy_requires_auth" time="0.105" /></testsuite></testsuites>