<?xml version="1.0" encoding="utf-8"?><testsuites name="pytest tests"><testsuite name="pytest" errors="0" failures="0" skipped="0" tests="22" time="9.522" timestamp="2026-04-09T17:12:16.361045+00:00" hostname="agent-env-3e59b20a-f0c9-4931-a955-2afd0a2a107c"><testcase classname="backend.tests.test_phase3_integrations.TestAuth" name="test_login_success" time="0.487" /><testcase classname="backend.tests.test_phase3_integrations.TestCOGSExecutiveDashboard" name="test_executive_kpis_returns_margin_source" time="0.609" /><testcase classname="backend.tests.test_phase3_integrations.TestCOGSExecutiveDashboard" name="test_executive_kpis_returns_total_cogs" time="0.264" /><testcase classname="backend.tests.test_phase3_integrations.TestCOGSExecutiveDashboard" name="test_executive_kpis_returns_mrp_realisation" time="0.246" /><testcase classname="backend.tests.test_phase3_integrations.TestCOGSExecutiveDashboard" name="test_cogs_margin_calculation" time="0.251" /><testcase classname="backend.tests.test_phase3_integrations.TestCOGSExecutiveDashboard" name="test_mrp_realisation_fallback" time="0.307" /><testcase classname="backend.tests.test_phase3_integrations.TestPlanogramFillRate" name="test_planogram_analysis_returns_norm_source" time="0.839" /><testcase classname="backend.tests.test_phase3_integrations.TestPlanogramFillRate" name="test_planogram_uploaded_norm_source" time="0.329" /><testcase classname="backend.tests.test_phase3_integrations.TestPlanogramFillRate" name="test_fill_rate_calculation" time="0.314" /><testcase classname="backend.tests.test_phase3_integrations.TestOpenOrdersReplenishment" name="test_replenishment_returns_total_in_transit" time="0.744" /><testcase classname="backend.tests.test_phase3_integrations.TestOpenOrdersReplenishment" name="test_replenishment_returns_open_orders_source" time="0.350" /><testcase classname="backend.tests.test_phase3_integrations.TestOpenOrdersReplenishment" name="test_open_orders_uploaded_source" time="0.345" /><testcase classname="backend.tests.test_phase3_integrations.TestOpenOrdersReplenishment" name="test_detail_rows_include_in_transit_qty" time="0.359" /><testcase classname="backend.tests.test_phase3_integrations.TestOpenOrdersReplenishment" name="test_order_qty_formula" time="0.404" /><testcase classname="backend.tests.test_phase3_integrations.TestRegressionAnalytics" name="test_ros_endpoint" time="0.603" /><testcase classname="backend.tests.test_phase3_integrations.TestRegressionAnalytics" name="test_doh_analysis" time="0.348" /><testcase classname="backend.tests.test_phase3_integrations.TestRegressionAnalytics" name="test_ai_demand_forecast" time="1.185" /><testcase classname="backend.tests.test_phase3_integrations.TestRegressionAnalytics" name="test_stock_out_endpoint" time="0.381" /><testcase classname="backend.tests.test_phase3_integrations.TestRegressionAnalytics" name="test_bi_overview" time="0.208" /><testcase classname="backend.tests.test_phase3_integrations.TestUploadEndpoints" name="test_cogs_upload_endpoint" time="0.506" /><testcase classname="backend.tests.test_phase3_integrations.TestUploadEndpoints" name="test_planogram_upload_endpoint" time="0.117" /><testcase classname="backend.tests.test_phase3_integrations.TestUploadEndpoints" name="test_open_orders_upload_endpoint" time="0.124" /></testsuite></testsuites>