<?xml version="1.0" encoding="utf-8"?><testsuites name="pytest tests"><testsuite name="pytest" errors="0" failures="0" skipped="0" tests="18" time="6.881" timestamp="2026-04-09T18:05:39.490077+00:00" hostname="agent-env-3e59b20a-f0c9-4931-a955-2afd0a2a107c"><testcase classname="backend.tests.test_gap_analysis_ux_forecast_accuracy_iter63.TestAuth" name="test_01_login_success" time="0.523" /><testcase classname="backend.tests.test_gap_analysis_ux_forecast_accuracy_iter63.TestDataStatusEndpoint" name="test_02_data_status_endpoint_exists" time="0.564" /><testcase classname="backend.tests.test_gap_analysis_ux_forecast_accuracy_iter63.TestDataStatusEndpoint" name="test_03_data_status_returns_files_dict" time="0.145" /><testcase classname="backend.tests.test_gap_analysis_ux_forecast_accuracy_iter63.TestDataStatusEndpoint" name="test_04_data_status_returns_summary" time="0.194" /><testcase classname="backend.tests.test_gap_analysis_ux_forecast_accuracy_iter63.TestDataStatusEndpoint" name="test_05_data_status_demo_tenant_has_data" time="0.161" /><testcase classname="backend.tests.test_gap_analysis_ux_forecast_accuracy_iter63.TestForecastAccuracyEndpoint" name="test_06_forecast_accuracy_endpoint_exists" time="0.545" /><testcase classname="backend.tests.test_gap_analysis_ux_forecast_accuracy_iter63.TestForecastAccuracyEndpoint" name="test_07_forecast_accuracy_returns_snapshots" time="0.238" /><testcase classname="backend.tests.test_gap_analysis_ux_forecast_accuracy_iter63.TestForecastAccuracyEndpoint" name="test_08_forecast_accuracy_returns_summary" time="0.212" /><testcase classname="backend.tests.test_gap_analysis_ux_forecast_accuracy_iter63.TestForecastAccuracyEndpoint" name="test_09_forecast_accuracy_with_category_filter" time="0.185" /><testcase classname="backend.tests.test_gap_analysis_ux_forecast_accuracy_iter63.TestForecastAccuracyEndpoint" name="test_10_forecast_accuracy_empty_state_message" time="0.117" /><testcase classname="backend.tests.test_gap_analysis_ux_forecast_accuracy_iter63.TestForecastSnapshotCreation" name="test_11_generate_forecast_creates_snapshot" time="1.265" /><testcase classname="backend.tests.test_gap_analysis_ux_forecast_accuracy_iter63.TestForecastSnapshotCreation" name="test_12_forecast_snapshot_has_required_fields" time="0.538" /><testcase classname="backend.tests.test_gap_analysis_ux_forecast_accuracy_iter63.TestGapAnalysisEndpoints" name="test_13_ros_gap_endpoint" time="0.717" /><testcase classname="backend.tests.test_gap_analysis_ux_forecast_accuracy_iter63.TestGapAnalysisEndpoints" name="test_14_size_gap_endpoint" time="0.162" /><testcase classname="backend.tests.test_gap_analysis_ux_forecast_accuracy_iter63.TestGapAnalysisEndpoints" name="test_15_noos_endpoint" time="0.151" /><testcase classname="backend.tests.test_gap_analysis_ux_forecast_accuracy_iter63.TestAIDemandPlanningEndpoints" name="test_16_ai_demand_forecast" time="0.711" /><testcase classname="backend.tests.test_gap_analysis_ux_forecast_accuracy_iter63.TestAIDemandPlanningEndpoints" name="test_17_ai_demand_data_health" time="0.178" /><testcase classname="backend.tests.test_gap_analysis_ux_forecast_accuracy_iter63.TestAIDemandPlanningEndpoints" name="test_18_ai_demand_options" time="0.170" /></testsuite></testsuites>