<?xml version="1.0" encoding="utf-8"?><testsuites name="pytest tests"><testsuite name="pytest" errors="0" failures="0" skipped="0" tests="17" time="3.914" timestamp="2026-04-17T10:43:41.003381+00:00" hostname="agent-env-3e59b20a-f0c9-4931-a955-2afd0a2a107c"><testcase classname="backend.tests.test_buy_plans_crud_iter100.TestBuyPlanGenerate" name="test_generate_plan_success" time="0.803" /><testcase classname="backend.tests.test_buy_plans_crud_iter100.TestBuyPlanGenerate" name="test_generate_plan_with_60_days" time="0.350" /><testcase classname="backend.tests.test_buy_plans_crud_iter100.TestBuyPlanGenerate" name="test_generate_plan_with_notes" time="0.271" /><testcase classname="backend.tests.test_buy_plans_crud_iter100.TestBuyPlanList" name="test_list_plans_success" time="0.117" /><testcase classname="backend.tests.test_buy_plans_crud_iter100.TestBuyPlanList" name="test_list_plans_filter_by_status" time="0.150" /><testcase classname="backend.tests.test_buy_plans_crud_iter100.TestBuyPlanGet" name="test_get_plan_success" time="0.130" /><testcase classname="backend.tests.test_buy_plans_crud_iter100.TestBuyPlanGet" name="test_get_plan_invalid_id" time="0.115" /><testcase classname="backend.tests.test_buy_plans_crud_iter100.TestBuyPlanGet" name="test_get_plan_nonexistent_id" time="0.159" /><testcase classname="backend.tests.test_buy_plans_crud_iter100.TestBuyPlanUpdateItem" name="test_update_item_qty_success" time="0.420" /><testcase classname="backend.tests.test_buy_plans_crud_iter100.TestBuyPlanUpdateItem" name="test_update_item_invalid_index" time="0.110" /><testcase classname="backend.tests.test_buy_plans_crud_iter100.TestBuyPlanApprove" name="test_approve_draft_plan_success" time="0.265" /><testcase classname="backend.tests.test_buy_plans_crud_iter100.TestBuyPlanApprove" name="test_approve_already_approved_plan_fails" time="0.109" /><testcase classname="backend.tests.test_buy_plans_crud_iter100.TestBuyPlanDelete" name="test_delete_draft_plan_success" time="0.229" /><testcase classname="backend.tests.test_buy_plans_crud_iter100.TestBuyPlanDelete" name="test_delete_approved_plan_fails" time="0.108" /><testcase classname="backend.tests.test_buy_plans_crud_iter100.TestBuyPlanDelete" name="test_delete_nonexistent_plan" time="0.117" /><testcase classname="backend.tests.test_buy_plans_crud_iter100.TestBuyPlanUpdateApprovedPlan" name="test_update_approved_plan_fails" time="0.109" /><testcase classname="backend.tests.test_buy_plans_crud_iter100.TestCleanup" name="test_cleanup_remaining_test_plans" time="0.247" /></testsuite></testsuites>