<?xml version="1.0" encoding="utf-8"?><testsuites name="pytest tests"><testsuite name="pytest" errors="0" failures="0" skipped="0" tests="20" time="4.238" timestamp="2026-04-16T04:49:31.416789+00:00" hostname="agent-env-3e59b20a-f0c9-4931-a955-2afd0a2a107c"><testcase classname="backend.tests.test_user_management_admin_iter88.TestUserListEndpoint" name="test_01_list_users_returns_200" time="0.627" /><testcase classname="backend.tests.test_user_management_admin_iter88.TestUserListEndpoint" name="test_02_list_users_enriched_data" time="0.110" /><testcase classname="backend.tests.test_user_management_admin_iter88.TestUserListEndpoint" name="test_03_filter_by_tenant" time="0.126" /><testcase classname="backend.tests.test_user_management_admin_iter88.TestUserListEndpoint" name="test_04_list_users_401_without_token" time="0.106" /><testcase classname="backend.tests.test_user_management_admin_iter88.TestUserListEndpoint" name="test_05_list_users_403_for_regular_user" time="0.479" /><testcase classname="backend.tests.test_user_management_admin_iter88.TestUpdateUserRole" name="test_06_update_role_returns_200" time="0.391" /><testcase classname="backend.tests.test_user_management_admin_iter88.TestUpdateUserRole" name="test_07_update_role_401_without_token" time="0.126" /><testcase classname="backend.tests.test_user_management_admin_iter88.TestUpdateUserRole" name="test_08_update_role_403_for_regular_user" time="0.110" /><testcase classname="backend.tests.test_user_management_admin_iter88.TestUpdateUserRole" name="test_09_update_role_404_nonexistent_mapping" time="0.120" /><testcase classname="backend.tests.test_user_management_admin_iter88.TestUpdateUserStatus" name="test_10_toggle_status_returns_200" time="0.333" /><testcase classname="backend.tests.test_user_management_admin_iter88.TestUpdateUserStatus" name="test_11_toggle_status_401_without_token" time="0.111" /><testcase classname="backend.tests.test_user_management_admin_iter88.TestUpdateUserStatus" name="test_12_toggle_status_403_for_regular_user" time="0.111" /><testcase classname="backend.tests.test_user_management_admin_iter88.TestResetPassword" name="test_13_reset_password_returns_temp_password" time="0.345" /><testcase classname="backend.tests.test_user_management_admin_iter88.TestResetPassword" name="test_14_reset_password_401_without_token" time="0.107" /><testcase classname="backend.tests.test_user_management_admin_iter88.TestResetPassword" name="test_15_reset_password_403_for_regular_user" time="0.110" /><testcase classname="backend.tests.test_user_management_admin_iter88.TestResetPassword" name="test_16_reset_password_404_nonexistent_user" time="0.116" /><testcase classname="backend.tests.test_user_management_admin_iter88.TestCreateUser" name="test_17_create_user_returns_temp_password" time="0.335" /><testcase classname="backend.tests.test_user_management_admin_iter88.TestCreateUser" name="test_18_create_user_401_without_token" time="0.106" /><testcase classname="backend.tests.test_user_management_admin_iter88.TestCreateUser" name="test_19_create_user_403_for_regular_user" time="0.160" /><testcase classname="backend.tests.test_user_management_admin_iter88.TestCreateUser" name="test_20_create_user_404_nonexistent_tenant" time="0.113" /></testsuite></testsuites>