<?xml version="1.0" encoding="utf-8"?><testsuites name="pytest tests"><testsuite name="pytest" errors="0" failures="0" skipped="0" tests="21" time="5.034" timestamp="2026-04-02T11:13:05.269990+00:00" hostname="agent-env-3e59b20a-f0c9-4931-a955-2afd0a2a107c"><testcase classname="backend.tests.test_planogram_fill_rate.TestPlanogramFillRateAPI" name="test_planogram_endpoint_returns_200" time="0.378" /><testcase classname="backend.tests.test_planogram_fill_rate.TestPlanogramFillRateAPI" name="test_response_has_summary_field" time="0.212" /><testcase classname="backend.tests.test_planogram_fill_rate.TestPlanogramFillRateAPI" name="test_response_has_store_data" time="0.279" /><testcase classname="backend.tests.test_planogram_fill_rate.TestPlanogramFillRateAPI" name="test_response_has_category_data" time="0.253" /><testcase classname="backend.tests.test_planogram_fill_rate.TestPlanogramFillRateAPI" name="test_response_has_trend_data" time="0.223" /><testcase classname="backend.tests.test_planogram_fill_rate.TestPlanogramFillRateAPI" name="test_response_has_detail_data" time="0.216" /><testcase classname="backend.tests.test_planogram_fill_rate.TestPlanogramFillRateAPI" name="test_response_has_recommendations" time="0.216" /><testcase classname="backend.tests.test_planogram_fill_rate.TestPlanogramFillRateAPI" name="test_default_target_fill_rate" time="0.282" /><testcase classname="backend.tests.test_planogram_fill_rate.TestPlanogramFillRateAPI" name="test_custom_target_fill_rate" time="0.262" /><testcase classname="backend.tests.test_planogram_fill_rate.TestPlanogramFillRateAPI" name="test_compliance_classification" time="0.211" /><testcase classname="backend.tests.test_planogram_fill_rate.TestPlanogramFillRateAPI" name="test_summary_counts_match" time="0.216" /><testcase classname="backend.tests.test_planogram_fill_rate.TestPlanogramFillRateAPI" name="test_fill_rate_formula" time="0.251" /><testcase classname="backend.tests.test_planogram_fill_rate.TestPlanogramFillRateAPI" name="test_overall_fill_rate_formula" time="0.233" /><testcase classname="backend.tests.test_planogram_fill_rate.TestPlanogramFillRateAPI" name="test_detail_sorted_by_lowest_fill_rate" time="0.261" /><testcase classname="backend.tests.test_planogram_fill_rate.TestPlanogramFillRateAPI" name="test_date_filter_accepted" time="0.209" /><testcase classname="backend.tests.test_planogram_fill_rate.TestPlanogramFillRateAPI" name="test_channel_filter_accepted" time="0.226" /><testcase classname="backend.tests.test_planogram_fill_rate.TestPlanogramFillRateAPI" name="test_region_filter_accepted" time="0.212" /><testcase classname="backend.tests.test_planogram_fill_rate.TestRegressionExistingEndpoints" name="test_doh_endpoint_still_works" time="0.231" /><testcase classname="backend.tests.test_planogram_fill_rate.TestRegressionExistingEndpoints" name="test_replenishment_endpoint_still_works" time="0.182" /><testcase classname="backend.tests.test_planogram_fill_rate.TestRegressionExistingEndpoints" name="test_stock_out_endpoint_still_works" time="0.264" /><testcase classname="backend.tests.test_planogram_fill_rate.TestRegressionExistingEndpoints" name="test_filter_options_endpoint_still_works" time="0.123" /></testsuite></testsuites>