<?xml version="1.0" encoding="utf-8"?><testsuites name="pytest tests"><testsuite name="pytest" errors="0" failures="0" skipped="0" tests="14" time="2.428" timestamp="2026-04-24T11:35:34.949210+00:00" hostname="agent-env-3e59b20a-f0c9-4931-a955-2afd0a2a107c"><testcase classname="backend.tests.test_attribute_grouping_iter113" name="test_levels_returns_discovered_list" time="0.554" /><testcase classname="backend.tests.test_attribute_grouping_iter113" name="test_levels_sku_count_positive" time="0.061" /><testcase classname="backend.tests.test_attribute_grouping_iter113" name="test_sales_by_category" time="0.325" /><testcase classname="backend.tests.test_attribute_grouping_iter113" name="test_sales_unknown_key_returns_400" time="0.063" /><testcase classname="backend.tests.test_attribute_grouping_iter113" name="test_sales_invalid_days_clamped" time="0.049" /><testcase classname="backend.tests.test_attribute_grouping_iter113" name="test_trends_sku_color" time="0.235" /><testcase classname="backend.tests.test_attribute_grouping_iter113" name="test_trends_unknown_key_400" time="0.060" /><testcase classname="backend.tests.test_attribute_grouping_iter113" name="test_compare_two_categories" time="0.336" /><testcase classname="backend.tests.test_attribute_grouping_iter113" name="test_compare_single_value_fails_422" time="0.052" /><testcase classname="backend.tests.test_attribute_grouping_iter113" name="test_forecast_combination" time="0.337" /><testcase classname="backend.tests.test_attribute_grouping_iter113" name="test_forecast_empty_fails_422" time="0.050" /><testcase classname="backend.tests.test_attribute_grouping_iter113" name="test_regression_transfers_list" time="0.051" /><testcase classname="backend.tests.test_attribute_grouping_iter113" name="test_regression_dashboard_loads" time="0.055" /><testcase classname="backend.tests.test_attribute_grouping_iter113" name="test_regression_buy_planning" time="0.050" /></testsuite></testsuites>