<?xml version="1.0" encoding="utf-8"?><testsuites name="pytest tests"><testsuite name="pytest" errors="0" failures="0" skipped="0" tests="16" time="3.108" timestamp="2026-04-17T10:12:09.623801+00:00" hostname="agent-env-3e59b20a-f0c9-4931-a955-2afd0a2a107c"><testcase classname="backend.tests.test_sell_through_config_iter98.TestSellThroughConfigGet" name="test_get_sell_through_config_returns_200" time="0.569" /><testcase classname="backend.tests.test_sell_through_config_iter98.TestSellThroughConfigGet" name="test_get_sell_through_config_has_configs_array" time="0.111" /><testcase classname="backend.tests.test_sell_through_config_iter98.TestSellThroughConfigGet" name="test_get_sell_through_config_has_three_style_mixes" time="0.128" /><testcase classname="backend.tests.test_sell_through_config_iter98.TestSellThroughConfigGet" name="test_get_sell_through_config_has_required_fields" time="0.109" /><testcase classname="backend.tests.test_sell_through_config_iter98.TestSellThroughConfigGet" name="test_get_sell_through_config_default_values" time="0.207" /><testcase classname="backend.tests.test_sell_through_config_iter98.TestSellThroughConfigPut" name="test_put_sell_through_config_success" time="0.111" /><testcase classname="backend.tests.test_sell_through_config_iter98.TestSellThroughConfigPut" name="test_put_sell_through_config_persists" time="0.205" /><testcase classname="backend.tests.test_sell_through_config_iter98.TestSellThroughConfigPut" name="test_put_sell_through_config_sets_updated_by" time="0.207" /><testcase classname="backend.tests.test_sell_through_config_iter98.TestSellThroughConfigPut" name="test_put_sell_through_config_invalid_style_mix" time="0.101" /><testcase classname="backend.tests.test_sell_through_config_iter98.TestSellThroughConfigPut" name="test_put_sell_through_config_multiplier_too_high" time="0.113" /><testcase classname="backend.tests.test_sell_through_config_iter98.TestSellThroughConfigPut" name="test_put_sell_through_config_multiplier_negative" time="0.101" /><testcase classname="backend.tests.test_sell_through_config_iter98.TestSellThroughConfigReset" name="test_reset_sell_through_config_success" time="0.109" /><testcase classname="backend.tests.test_sell_through_config_iter98.TestSellThroughConfigReset" name="test_reset_sell_through_config_clears_custom" time="0.483" /><testcase classname="backend.tests.test_sell_through_config_iter98.TestSellThroughConfigAuth" name="test_get_requires_auth" time="0.103" /><testcase classname="backend.tests.test_sell_through_config_iter98.TestSellThroughConfigAuth" name="test_put_requires_auth" time="0.141" /><testcase classname="backend.tests.test_sell_through_config_iter98.TestSellThroughConfigAuth" name="test_reset_requires_auth" time="0.220" /></testsuite></testsuites>