<?xml version="1.0" encoding="utf-8"?><testsuites name="pytest tests"><testsuite name="pytest" errors="0" failures="0" skipped="0" tests="26" time="10.692" timestamp="2026-04-09T10:21:11.901432+00:00" hostname="agent-env-3e59b20a-f0c9-4931-a955-2afd0a2a107c"><testcase classname="backend.tests.test_ai_demand_p1_iter58.TestEOQCalculation" name="test_reorder_endpoint_returns_eoq_field" time="0.563" /><testcase classname="backend.tests.test_ai_demand_p1_iter58.TestEOQCalculation" name="test_reorder_accepts_ordering_cost_param" time="0.181" /><testcase classname="backend.tests.test_ai_demand_p1_iter58.TestEOQCalculation" name="test_reorder_accepts_holding_cost_pct_param" time="0.180" /><testcase classname="backend.tests.test_ai_demand_p1_iter58.TestEOQCalculation" name="test_eoq_formula_correctness" time="0.188" /><testcase classname="backend.tests.test_ai_demand_p1_iter58.TestEOQCalculation" name="test_recommended_order_is_eoq_multiple" time="0.183" /><testcase classname="backend.tests.test_ai_demand_p1_iter58.TestEOQCalculation" name="test_summary_includes_eoq_params" time="0.179" /><testcase classname="backend.tests.test_ai_demand_p1_iter58.TestEOQCalculation" name="test_items_show_annual_demand_and_holding_cost" time="0.182" /><testcase classname="backend.tests.test_ai_demand_p1_iter58.TestLeadTimes" name="test_sku_master_has_lead_time_days" time="0.192" /><testcase classname="backend.tests.test_ai_demand_p1_iter58.TestLeadTimes" name="test_reorder_uses_per_sku_lead_time" time="0.180" /><testcase classname="backend.tests.test_ai_demand_p1_iter58.TestLeadTimes" name="test_specific_sku_lead_times" time="0.198" /><testcase classname="backend.tests.test_ai_demand_p1_iter58.TestLeadTimes" name="test_reorder_items_show_lead_time_field" time="0.262" /><testcase classname="backend.tests.test_ai_demand_p1_iter58.TestLeadTimes" name="test_data_health_shows_lead_times_complete" time="0.190" /><testcase classname="backend.tests.test_ai_demand_p1_iter58.TestSkuForecast" name="test_sku_forecast_endpoint_exists" time="0.546" /><testcase classname="backend.tests.test_ai_demand_p1_iter58.TestSkuForecast" name="test_sku_forecast_response_structure" time="0.447" /><testcase classname="backend.tests.test_ai_demand_p1_iter58.TestSkuForecast" name="test_sku_forecast_all_3_models_active" time="0.437" /><testcase classname="backend.tests.test_ai_demand_p1_iter58.TestSkuForecast" name="test_sku_forecast_reorder_includes_eoq_and_lead_time" time="0.433" /><testcase classname="backend.tests.test_ai_demand_p1_iter58.TestSkuForecast" name="test_all_10_skus_return_valid_forecast" time="4.369" /><testcase classname="backend.tests.test_ai_demand_p1_iter58.TestSkuForecast" name="test_options_endpoint_returns_skus_list" time="0.169" /><testcase classname="backend.tests.test_ai_demand_p1_iter58.TestRegression" name="test_forecast_endpoint" time="0.391" /><testcase classname="backend.tests.test_ai_demand_p1_iter58.TestRegression" name="test_stockout_risk_endpoint" time="0.182" /><testcase classname="backend.tests.test_ai_demand_p1_iter58.TestRegression" name="test_topseller_prediction_endpoint" time="0.143" /><testcase classname="backend.tests.test_ai_demand_p1_iter58.TestRegression" name="test_supply_feasibility_endpoint" time="0.172" /><testcase classname="backend.tests.test_ai_demand_p1_iter58.TestRegression" name="test_options_endpoint" time="0.172" /><testcase classname="backend.tests.test_ai_demand_p1_iter58.TestRegression" name="test_plans_endpoint" time="0.066" /><testcase classname="backend.tests.test_ai_demand_p1_iter58.TestRegression" name="test_data_health_endpoint" time="0.187" /><testcase classname="backend.tests.test_ai_demand_p1_iter58.TestRegression" name="test_data_health_shows_real_ml_forecast" time="0.183" /></testsuite></testsuites>