<?xml version="1.0" encoding="utf-8"?><testsuites name="pytest tests"><testsuite name="pytest" errors="0" failures="0" skipped="0" tests="29" time="4.844" timestamp="2026-04-09T06:43:18.193041+00:00" hostname="agent-env-3e59b20a-f0c9-4931-a955-2afd0a2a107c"><testcase classname="backend.tests.test_upload_v2_iter51.TestDailyStatus" name="test_daily_status_returns_200" time="0.733" /><testcase classname="backend.tests.test_upload_v2_iter51.TestDailyStatus" name="test_daily_status_structure" time="0.114" /><testcase classname="backend.tests.test_upload_v2_iter51.TestUploadHistory" name="test_history_returns_200" time="0.123" /><testcase classname="backend.tests.test_upload_v2_iter51.TestUploadHistory" name="test_history_structure" time="0.112" /><testcase classname="backend.tests.test_upload_v2_iter51.TestUploadHistory" name="test_history_with_filter" time="0.125" /><testcase classname="backend.tests.test_upload_v2_iter51.TestTemplateDownload" name="test_template_download[daily_sales]" time="0.604" /><testcase classname="backend.tests.test_upload_v2_iter51.TestTemplateDownload" name="test_template_download[store_inventory]" time="0.113" /><testcase classname="backend.tests.test_upload_v2_iter51.TestTemplateDownload" name="test_template_download[warehouse_inventory]" time="0.194" /><testcase classname="backend.tests.test_upload_v2_iter51.TestTemplateDownload" name="test_template_download[sku_master]" time="0.146" /><testcase classname="backend.tests.test_upload_v2_iter51.TestTemplateDownload" name="test_template_download[store_master]" time="0.115" /><testcase classname="backend.tests.test_upload_v2_iter51.TestTemplateDownload" name="test_template_download[warehouse_master]" time="0.146" /><testcase classname="backend.tests.test_upload_v2_iter51.TestTemplateDownload" name="test_template_invalid_type" time="0.109" /><testcase classname="backend.tests.test_upload_v2_iter51.TestDailySalesUpload" name="test_upload_valid_csv" time="0.118" /><testcase classname="backend.tests.test_upload_v2_iter51.TestDailySalesUpload" name="test_upload_missing_columns" time="0.114" /><testcase classname="backend.tests.test_upload_v2_iter51.TestDailySalesUpload" name="test_upload_empty_file" time="0.109" /><testcase classname="backend.tests.test_upload_v2_iter51.TestDailySalesUpload" name="test_upload_with_invalid_skus" time="0.129" /><testcase classname="backend.tests.test_upload_v2_iter51.TestStoreInventoryUpload" name="test_upload_valid_csv" time="0.117" /><testcase classname="backend.tests.test_upload_v2_iter51.TestWarehouseInventoryUpload" name="test_upload_valid_csv" time="0.125" /><testcase classname="backend.tests.test_upload_v2_iter51.TestSKUMasterUpload" name="test_upload_valid_csv" time="0.118" /><testcase classname="backend.tests.test_upload_v2_iter51.TestStoreMasterUpload" name="test_upload_valid_csv" time="0.106" /><testcase classname="backend.tests.test_upload_v2_iter51.TestWarehouseMasterUpload" name="test_upload_valid_csv" time="0.131" /><testcase classname="backend.tests.test_upload_v2_iter51.TestValidationErrors" name="test_auto_corrections_applied" time="0.117" /><testcase classname="backend.tests.test_upload_v2_iter51.TestValidationErrors" name="test_negative_quantity_warning" time="0.113" /><testcase classname="backend.tests.test_upload_v2_iter51.TestValidationErrors" name="test_zero_revenue_with_quantity_warning" time="0.128" /><testcase classname="backend.tests.test_upload_v2_iter51.TestValidationErrors" name="test_duplicate_rows_warning" time="0.112" /><testcase classname="backend.tests.test_upload_v2_iter51.TestValidationErrors" name="test_test_data_detection" time="0.117" /><testcase classname="backend.tests.test_upload_v2_iter51.TestReplaceExisting" name="test_replace_existing_parameter" time="0.120" /><testcase classname="backend.tests.test_upload_v2_iter51.TestAuthentication" name="test_daily_status_without_auth" time="0.102" /><testcase classname="backend.tests.test_upload_v2_iter51.TestAuthentication" name="test_upload_without_auth" time="0.127" /></testsuite></testsuites>