<?xml version="1.0" encoding="utf-8"?><testsuites name="pytest tests"><testsuite name="pytest" errors="0" failures="0" skipped="0" tests="11" time="5.213" timestamp="2026-04-02T16:32:39.783877+00:00" hostname="agent-env-3e59b20a-f0c9-4931-a955-2afd0a2a107c"><testcase classname="backend.tests.test_rbac_integration.TestLoginPermissions" name="test_admin_login_returns_21_permissions" time="0.377" /><testcase classname="backend.tests.test_rbac_integration.TestLoginPermissions" name="test_merchandiser_login_returns_15_permissions" time="0.329" /><testcase classname="backend.tests.test_rbac_integration.TestLoginPermissions" name="test_store_manager_login_returns_5_permissions" time="0.375" /><testcase classname="backend.tests.test_rbac_integration.TestRBACEndpointAccess" name="test_admin_can_access_users_list" time="0.526" /><testcase classname="backend.tests.test_rbac_integration.TestRBACEndpointAccess" name="test_merchandiser_cannot_access_users_list" time="0.473" /><testcase classname="backend.tests.test_rbac_integration.TestRBACEndpointAccess" name="test_store_manager_cannot_access_users_list" time="0.505" /><testcase classname="backend.tests.test_rbac_integration.TestRegressionEndpoints" name="test_executive_dashboard_endpoint" time="0.476" /><testcase classname="backend.tests.test_rbac_integration.TestRegressionEndpoints" name="test_upload_status_endpoint" time="0.469" /><testcase classname="backend.tests.test_rbac_integration.TestRegressionEndpoints" name="test_filter_options_endpoint" time="0.486" /><testcase classname="backend.tests.test_rbac_integration.TestRegressionEndpoints" name="test_stock_out_endpoint" time="0.551" /><testcase classname="backend.tests.test_rbac_integration.TestRegressionEndpoints" name="test_ros_gap_analysis_endpoint" time="0.561" /></testsuite></testsuites>