<?xml version="1.0" encoding="utf-8"?><testsuites name="pytest tests"><testsuite name="pytest" errors="0" failures="0" skipped="0" tests="12" time="3.852" timestamp="2026-04-07T12:56:40.235420+00:00" hostname="agent-env-3e59b20a-f0c9-4931-a955-2afd0a2a107c"><testcase classname="tests.test_notifications_planguard.TestAuthWithPlanInfo" name="test_login_returns_plan_info" time="0.360" /><testcase classname="tests.test_notifications_planguard.TestNotificationEndpoints" name="test_get_notifications" time="0.454" /><testcase classname="tests.test_notifications_planguard.TestNotificationEndpoints" name="test_get_unread_count" time="0.442" /><testcase classname="tests.test_notifications_planguard.TestNotificationEndpoints" name="test_trigger_daily_summary" time="0.443" /><testcase classname="tests.test_notifications_planguard.TestNotificationEndpoints" name="test_mark_all_read" time="0.550" /><testcase classname="tests.test_notifications_planguard.TestNotificationEndpoints" name="test_clear_old_notifications" time="0.514" /><testcase classname="tests.test_notifications_planguard.TestNotificationEndpoints" name="test_notification_workflow" time="0.881" /><testcase classname="tests.test_notifications_planguard.TestPlanAccessControl" name="test_starter_plan_modules" time="0.001" /><testcase classname="tests.test_notifications_planguard.TestPlanAccessControl" name="test_professional_plan_modules" time="0.000" /><testcase classname="tests.test_notifications_planguard.TestPlanAccessControl" name="test_enterprise_plan_modules" time="0.000" /><testcase classname="tests.test_notifications_planguard.TestPlanAccessControl" name="test_trial_plan_modules" time="0.000" /><testcase classname="tests.test_notifications_planguard.TestHealthCheck" name="test_health_endpoint" time="0.127" /></testsuite></testsuites>