<?xml version="1.0" encoding="utf-8"?><testsuites name="pytest tests"><testsuite name="pytest" errors="0" failures="0" skipped="0" tests="16" time="8.746" timestamp="2026-04-03T04:56:51.292947+00:00" hostname="agent-env-3e59b20a-f0c9-4931-a955-2afd0a2a107c"><testcase classname="backend.tests.test_dash15_dash25_iter30.TestDASH15RevenueTrendAPI" name="test_revenue_trend_endpoint_exists" time="1.561" /><testcase classname="backend.tests.test_dash15_dash25_iter30.TestDASH15RevenueTrendAPI" name="test_revenue_trend_returns_correct_structure" time="0.199" /><testcase classname="backend.tests.test_dash15_dash25_iter30.TestDASH15RevenueTrendAPI" name="test_revenue_trend_arrays_same_length" time="0.206" /><testcase classname="backend.tests.test_dash15_dash25_iter30.TestDASH15RevenueTrendAPI" name="test_revenue_trend_has_data" time="0.201" /><testcase classname="backend.tests.test_dash15_dash25_iter30.TestDASH15RevenueTrendAPI" name="test_revenue_trend_labels_are_dates" time="0.302" /><testcase classname="backend.tests.test_dash15_dash25_iter30.TestDASH15RevenueTrendAPI" name="test_revenue_trend_revenue_values_numeric" time="0.263" /><testcase classname="backend.tests.test_dash15_dash25_iter30.TestDASH15RevenueTrendAPI" name="test_revenue_trend_units_values_numeric" time="0.205" /><testcase classname="backend.tests.test_dash15_dash25_iter30.TestDASH15RevenueTrendAPI" name="test_revenue_trend_with_date_filter" time="0.389" /><testcase classname="backend.tests.test_dash15_dash25_iter30.TestDASH15RevenueTrendAPI" name="test_revenue_trend_with_channel_filter" time="0.184" /><testcase classname="backend.tests.test_dash15_dash25_iter30.TestDASH15RevenueTrendAPI" name="test_revenue_trend_with_region_filter" time="0.205" /><testcase classname="backend.tests.test_dash15_dash25_iter30.TestDASH15RevenueTrendAPI" name="test_revenue_trend_with_category_filter" time="0.208" /><testcase classname="backend.tests.test_dash15_dash25_iter30.TestExecutiveDashboardIntegration" name="test_executive_dashboard_endpoint" time="1.655" /><testcase classname="backend.tests.test_dash15_dash25_iter30.TestExecutiveDashboardIntegration" name="test_executive_kpis_endpoint" time="0.304" /><testcase classname="backend.tests.test_dash15_dash25_iter30.TestExecutiveDashboardIntegration" name="test_all_executive_endpoints_together" time="2.191" /><testcase classname="backend.tests.test_dash15_dash25_iter30.TestDASH25OfflineBannerBackend" name="test_api_root_accessible" time="0.162" /><testcase classname="backend.tests.test_dash15_dash25_iter30.TestDASH25OfflineBannerBackend" name="test_upload_status_accessible" time="0.114" /></testsuite></testsuites>