<?xml version="1.0" encoding="utf-8"?><testsuites name="pytest tests"><testsuite name="pytest" errors="0" failures="0" skipped="0" tests="19" time="8.839" timestamp="2026-04-16T06:40:35.416027+00:00" hostname="agent-env-3e59b20a-f0c9-4931-a955-2afd0a2a107c"><testcase classname="backend.tests.test_platform_analytics_plan_limits_iter91.TestPlatformAnalyticsEndpoint" name="test_01_analytics_returns_200" time="0.429" /><testcase classname="backend.tests.test_platform_analytics_plan_limits_iter91.TestPlatformAnalyticsEndpoint" name="test_02_analytics_has_overview_section" time="0.384" /><testcase classname="backend.tests.test_platform_analytics_plan_limits_iter91.TestPlatformAnalyticsEndpoint" name="test_03_analytics_has_plan_distribution" time="0.384" /><testcase classname="backend.tests.test_platform_analytics_plan_limits_iter91.TestPlatformAnalyticsEndpoint" name="test_04_analytics_has_tenant_health" time="0.383" /><testcase classname="backend.tests.test_platform_analytics_plan_limits_iter91.TestPlatformAnalyticsEndpoint" name="test_05_analytics_has_signup_trend" time="0.415" /><testcase classname="backend.tests.test_platform_analytics_plan_limits_iter91.TestPlatformAnalyticsEndpoint" name="test_06_analytics_403_for_non_super_admin" time="0.708" /><testcase classname="backend.tests.test_platform_analytics_plan_limits_iter91.TestPlatformAnalyticsEndpoint" name="test_07_analytics_401_without_token" time="0.632" /><testcase classname="backend.tests.test_platform_analytics_plan_limits_iter91.TestPlanLimitsEnforcement" name="test_08_get_tenants_list" time="0.393" /><testcase classname="backend.tests.test_platform_analytics_plan_limits_iter91.TestPlanLimitsEnforcement" name="test_09_create_test_tenant_for_limit_testing" time="0.660" /><testcase classname="backend.tests.test_platform_analytics_plan_limits_iter91.TestPlanLimitsEnforcement" name="test_10_add_users_up_to_limit" time="0.886" /><testcase classname="backend.tests.test_platform_analytics_plan_limits_iter91.TestPlanLimitsEnforcement" name="test_11_exceed_user_limit_returns_400" time="0.418" /><testcase classname="backend.tests.test_platform_analytics_plan_limits_iter91.TestPlanLimitsEnforcement" name="test_12_cleanup_test_tenant" time="0.374" /><testcase classname="backend.tests.test_platform_analytics_plan_limits_iter91.TestPlanLimitsFunction" name="test_13_tenant_health_shows_user_limits" time="0.395" /><testcase classname="backend.tests.test_platform_analytics_plan_limits_iter91.TestPlanLimitsFunction" name="test_14_plan_mrr_values_correct" time="0.387" /><testcase classname="backend.tests.test_platform_analytics_plan_limits_iter91.TestTrialExpirationScheduler" name="test_15_trial_tenants_have_trial_days_left" time="0.384" /><testcase classname="backend.tests.test_platform_analytics_plan_limits_iter91.TestTrialExpirationScheduler" name="test_16_health_endpoint_returns_scheduler_info" time="0.370" /><testcase classname="backend.tests.test_platform_analytics_plan_limits_iter91.TestAnalyticsDataIntegrity" name="test_17_mrr_calculation_matches_tenant_sum" time="0.382" /><testcase classname="backend.tests.test_platform_analytics_plan_limits_iter91.TestAnalyticsDataIntegrity" name="test_18_tenant_counts_match" time="0.393" /><testcase classname="backend.tests.test_platform_analytics_plan_limits_iter91.TestAnalyticsDataIntegrity" name="test_19_plan_distribution_matches_tenant_health" time="0.384" /></testsuite></testsuites>