<?xml version="1.0" encoding="utf-8"?><testsuites name="pytest tests"><testsuite name="pytest" errors="0" failures="0" skipped="0" tests="30" time="4.936" timestamp="2026-04-09T07:30:06.031715+00:00" hostname="agent-env-3e59b20a-f0c9-4931-a955-2afd0a2a107c"><testcase classname="tests.test_upload_v2_iter52.TestMasterStatusEndpoint" name="test_master_status_returns_200" time="0.609" /><testcase classname="tests.test_upload_v2_iter52.TestMasterStatusEndpoint" name="test_master_status_structure" time="0.117" /><testcase classname="tests.test_upload_v2_iter52.TestMasterStatusEndpoint" name="test_master_status_fields" time="0.108" /><testcase classname="tests.test_upload_v2_iter52.TestDailyStatusEndpoint" name="test_daily_status_returns_200" time="0.122" /><testcase classname="tests.test_upload_v2_iter52.TestDailyStatusEndpoint" name="test_daily_status_structure" time="0.117" /><testcase classname="tests.test_upload_v2_iter52.TestDailyStatusEndpoint" name="test_daily_status_fields" time="0.149" /><testcase classname="tests.test_upload_v2_iter52.TestHistoryEndpoint" name="test_history_returns_200" time="0.111" /><testcase classname="tests.test_upload_v2_iter52.TestHistoryEndpoint" name="test_history_structure" time="0.177" /><testcase classname="tests.test_upload_v2_iter52.TestHistoryEndpoint" name="test_history_grouped_by_date" time="0.124" /><testcase classname="tests.test_upload_v2_iter52.TestHistoryEndpoint" name="test_history_filter_by_type" time="0.171" /><testcase classname="tests.test_upload_v2_iter52.TestTemplateEndpoint" name="test_template_download[daily_sales]" time="0.553" /><testcase classname="tests.test_upload_v2_iter52.TestTemplateEndpoint" name="test_template_download[store_inventory]" time="0.109" /><testcase classname="tests.test_upload_v2_iter52.TestTemplateEndpoint" name="test_template_download[warehouse_inventory]" time="0.113" /><testcase classname="tests.test_upload_v2_iter52.TestTemplateEndpoint" name="test_template_download[sku_master]" time="0.140" /><testcase classname="tests.test_upload_v2_iter52.TestTemplateEndpoint" name="test_template_download[store_master]" time="0.114" /><testcase classname="tests.test_upload_v2_iter52.TestTemplateEndpoint" name="test_template_download[warehouse_master]" time="0.117" /><testcase classname="tests.test_upload_v2_iter52.TestTemplateEndpoint" name="test_template_invalid_type" time="0.103" /><testcase classname="tests.test_upload_v2_iter52.TestDailySalesUpload" name="test_upload_valid_csv" time="0.122" /><testcase classname="tests.test_upload_v2_iter52.TestDailySalesUpload" name="test_upload_missing_columns" time="0.111" /><testcase classname="tests.test_upload_v2_iter52.TestDailySalesUpload" name="test_upload_empty_file" time="0.107" /><testcase classname="tests.test_upload_v2_iter52.TestStoreInventoryUpload" name="test_upload_valid_csv" time="0.146" /><testcase classname="tests.test_upload_v2_iter52.TestWarehouseInventoryUpload" name="test_upload_valid_csv" time="0.109" /><testcase classname="tests.test_upload_v2_iter52.TestSKUMasterUpload" name="test_upload_valid_csv" time="0.111" /><testcase classname="tests.test_upload_v2_iter52.TestStoreMasterUpload" name="test_upload_valid_csv" time="0.123" /><testcase classname="tests.test_upload_v2_iter52.TestWarehouseMasterUpload" name="test_upload_valid_csv" time="0.129" /><testcase classname="tests.test_upload_v2_iter52.TestValidationErrors" name="test_negative_quantity_warning" time="0.124" /><testcase classname="tests.test_upload_v2_iter52.TestValidationErrors" name="test_zero_revenue_warning" time="0.115" /><testcase classname="tests.test_upload_v2_iter52.TestValidationErrors" name="test_duplicate_rows_warning" time="0.111" /><testcase classname="tests.test_upload_v2_iter52.TestValidationErrors" name="test_test_data_warning" time="0.146" /><testcase classname="tests.test_upload_v2_iter52.TestMasterStatusAfterUpload" name="test_master_status_count_updates" time="0.242" /></testsuite></testsuites>