<?xml version="1.0" encoding="utf-8"?><testsuites name="pytest tests"><testsuite name="pytest" errors="0" failures="0" skipped="0" tests="19" time="4.713" timestamp="2026-04-17T11:34:46.949684+00:00" hostname="agent-env-3e59b20a-f0c9-4931-a955-2afd0a2a107c"><testcase classname="backend.tests.test_inventory_safety_stock_iter104.TestInventoryBulkUpload" name="test_bulk_upload_new_records" time="0.657" /><testcase classname="backend.tests.test_inventory_safety_stock_iter104.TestInventoryBulkUpload" name="test_bulk_upload_upsert_existing" time="0.385" /><testcase classname="backend.tests.test_inventory_safety_stock_iter104.TestInventoryBulkUpload" name="test_bulk_upload_flexible_field_names" time="0.118" /><testcase classname="backend.tests.test_inventory_safety_stock_iter104.TestInventoryBulkUpload" name="test_bulk_upload_empty_records" time="0.129" /><testcase classname="backend.tests.test_inventory_safety_stock_iter104.TestInventorySummary" name="test_inventory_summary_returns_stats" time="0.123" /><testcase classname="backend.tests.test_inventory_safety_stock_iter104.TestInventorySyncStatus" name="test_sync_status_returns_last_sync" time="0.143" /><testcase classname="backend.tests.test_inventory_safety_stock_iter104.TestInventoryList" name="test_list_inventory_all" time="0.121" /><testcase classname="backend.tests.test_inventory_safety_stock_iter104.TestInventoryList" name="test_list_inventory_filter_by_store" time="0.135" /><testcase classname="backend.tests.test_inventory_safety_stock_iter104.TestInventoryList" name="test_list_inventory_filter_by_sku" time="0.110" /><testcase classname="backend.tests.test_inventory_safety_stock_iter104.TestSafetyStockConfig" name="test_get_safety_config_returns_defaults_or_custom" time="0.106" /><testcase classname="backend.tests.test_inventory_safety_stock_iter104.TestSafetyStockConfig" name="test_update_safety_config_valid_service_level" time="0.263" /><testcase classname="backend.tests.test_inventory_safety_stock_iter104.TestSafetyStockConfig" name="test_update_safety_config_invalid_service_level" time="0.106" /><testcase classname="backend.tests.test_inventory_safety_stock_iter104.TestSafetyStockConfig" name="test_update_safety_config_all_valid_service_levels" time="0.805" /><testcase classname="backend.tests.test_inventory_safety_stock_iter104.TestSafetyStockConfig" name="test_reset_safety_config" time="0.255" /><testcase classname="backend.tests.test_inventory_safety_stock_iter104.TestSafetyStockCalculate" name="test_calculate_safety_stock_returns_formula_result" time="0.108" /><testcase classname="backend.tests.test_inventory_safety_stock_iter104.TestSafetyStockCalculate" name="test_calculate_safety_stock_different_lead_times" time="0.226" /><testcase classname="backend.tests.test_inventory_safety_stock_iter104.TestBuyFormulaStatisticalSafetyStock" name="test_buy_formula_uses_statistical_safety_method" time="0.345" /><testcase classname="backend.tests.test_inventory_safety_stock_iter104.TestBuyFormulaStatisticalSafetyStock" name="test_buy_formula_totals_include_safety_qty" time="0.355" /><testcase classname="backend.tests.test_inventory_safety_stock_iter104.TestInventoryCleanup" name="test_cleanup_test_inventory" time="0.114" /></testsuite></testsuites>