<?xml version="1.0" encoding="utf-8"?><testsuites name="pytest tests"><testsuite name="pytest" errors="0" failures="0" skipped="0" tests="36" time="9.504" timestamp="2026-04-03T08:54:37.295186+00:00" hostname="agent-env-3e59b20a-f0c9-4931-a955-2afd0a2a107c"><testcase classname="backend.tests.test_tenant_data_provider_iter37.TestAuth" name="test_login_success" time="0.449" /><testcase classname="backend.tests.test_tenant_data_provider_iter37.TestPhase3AIDemandOptions" name="test_ai_demand_options_endpoint_exists" time="0.515" /><testcase classname="backend.tests.test_tenant_data_provider_iter37.TestPhase3AIDemandOptions" name="test_ai_demand_options_has_categories" time="0.187" /><testcase classname="backend.tests.test_tenant_data_provider_iter37.TestPhase3AIDemandOptions" name="test_ai_demand_options_has_subcategories" time="0.166" /><testcase classname="backend.tests.test_tenant_data_provider_iter37.TestPhase3AIDemandOptions" name="test_ai_demand_options_has_channels" time="0.170" /><testcase classname="backend.tests.test_tenant_data_provider_iter37.TestPhase3AIDemandOptions" name="test_ai_demand_options_has_regions" time="0.165" /><testcase classname="backend.tests.test_tenant_data_provider_iter37.TestPhase3AIDemandOptions" name="test_ai_demand_options_has_brands" time="0.169" /><testcase classname="backend.tests.test_tenant_data_provider_iter37.TestPhase3AIDemandOptions" name="test_ai_demand_options_has_genders" time="0.164" /><testcase classname="backend.tests.test_tenant_data_provider_iter37.TestPhase3AIDemandOptions" name="test_ai_demand_options_has_seasons" time="0.162" /><testcase classname="backend.tests.test_tenant_data_provider_iter37.TestPhase3AIDemandOptions" name="test_ai_demand_options_has_data_status" time="0.165" /><testcase classname="backend.tests.test_tenant_data_provider_iter37.TestPhase3AIDemandOptions" name="test_ai_demand_options_has_has_data" time="0.170" /><testcase classname="backend.tests.test_tenant_data_provider_iter37.TestPhase3AIDemandDataSource" name="test_forecast_has_data_source" time="0.966" /><testcase classname="backend.tests.test_tenant_data_provider_iter37.TestPhase3AIDemandDataSource" name="test_stockout_risk_has_data_source" time="0.203" /><testcase classname="backend.tests.test_tenant_data_provider_iter37.TestPhase3AIDemandDataSource" name="test_topseller_prediction_has_data_source" time="0.190" /><testcase classname="backend.tests.test_tenant_data_provider_iter37.TestPhase3AIDemandDataSource" name="test_reorder_optimisation_has_data_source" time="0.174" /><testcase classname="backend.tests.test_tenant_data_provider_iter37.TestPhase3AIDemandDataSource" name="test_supply_feasibility_has_data_source" time="0.169" /><testcase classname="backend.tests.test_tenant_data_provider_iter37.TestPhase4GapAnalysisDataSource" name="test_ros_has_data_source" time="0.555" /><testcase classname="backend.tests.test_tenant_data_provider_iter37.TestPhase4GapAnalysisDataSource" name="test_ros_gap_has_data_source" time="0.292" /><testcase classname="backend.tests.test_tenant_data_provider_iter37.TestPhase4GapAnalysisDataSource" name="test_size_gap_has_data_source" time="0.256" /><testcase classname="backend.tests.test_tenant_data_provider_iter37.TestPhase4GapAnalysisDataSource" name="test_noos_has_data_source" time="0.237" /><testcase classname="backend.tests.test_tenant_data_provider_iter37.TestPhase5OtherAnalyticsDataSource" name="test_stock_out_has_data_source" time="0.584" /><testcase classname="backend.tests.test_tenant_data_provider_iter37.TestPhase5OtherAnalyticsDataSource" name="test_planogram_fill_rate_has_data_source" time="0.250" /><testcase classname="backend.tests.test_tenant_data_provider_iter37.TestPhase5OtherAnalyticsDataSource" name="test_bi_dashboard_has_data_source" time="0.171" /><testcase classname="backend.tests.test_tenant_data_provider_iter37.TestPhase5OtherAnalyticsDataSource" name="test_doh_has_data_source" time="0.222" /><testcase classname="backend.tests.test_tenant_data_provider_iter37.TestPhase5OtherAnalyticsDataSource" name="test_replenishment_has_data_source" time="0.298" /><testcase classname="backend.tests.test_tenant_data_provider_iter37.TestPhase5FilterOptions" name="test_filter_options_endpoint_exists" time="0.499" /><testcase classname="backend.tests.test_tenant_data_provider_iter37.TestPhase5FilterOptions" name="test_filter_options_has_subcategories" time="0.165" /><testcase classname="backend.tests.test_tenant_data_provider_iter37.TestPhase5FilterOptions" name="test_filter_options_has_brands" time="0.176" /><testcase classname="backend.tests.test_tenant_data_provider_iter37.TestPhase5FilterOptions" name="test_filter_options_has_genders" time="0.174" /><testcase classname="backend.tests.test_tenant_data_provider_iter37.TestPhase5FilterOptions" name="test_filter_options_has_seasons" time="0.184" /><testcase classname="backend.tests.test_tenant_data_provider_iter37.TestPhase5FilterOptions" name="test_filter_options_has_has_data" time="0.166" /><testcase classname="backend.tests.test_tenant_data_provider_iter37.TestPhase5FilterOptions" name="test_filter_options_has_data_status" time="0.159" /><testcase classname="backend.tests.test_tenant_data_provider_iter37.TestExistingEndpointsStillWork" name="test_upload_status_works" time="0.421" /><testcase classname="backend.tests.test_tenant_data_provider_iter37.TestExistingEndpointsStillWork" name="test_analytics_overview_works" time="0.131" /><testcase classname="backend.tests.test_tenant_data_provider_iter37.TestExistingEndpointsStillWork" name="test_executive_kpis_works" time="0.163" /><testcase classname="backend.tests.test_tenant_data_provider_iter37.TestExistingEndpointsStillWork" name="test_config_works" time="0.092" /></testsuite></testsuites>