<?xml version="1.0" encoding="utf-8"?><testsuites name="pytest tests"><testsuite name="pytest" errors="0" failures="0" skipped="0" tests="24" time="15.973" timestamp="2026-04-02T11:34:31.955800+00:00" hostname="agent-env-3e59b20a-f0c9-4931-a955-2afd0a2a107c"><testcase classname="backend.tests.test_executive_dashboard.TestExecutiveDashboardAPI" name="test_executive_dashboard_returns_200" time="3.277" /><testcase classname="backend.tests.test_executive_dashboard.TestExecutiveDashboardAPI" name="test_executive_dashboard_has_health_score" time="1.258" /><testcase classname="backend.tests.test_executive_dashboard.TestExecutiveDashboardAPI" name="test_executive_dashboard_has_modules" time="0.745" /><testcase classname="backend.tests.test_executive_dashboard.TestExecutiveDashboardAPI" name="test_ros_gap_module_fields" time="0.708" /><testcase classname="backend.tests.test_executive_dashboard.TestExecutiveDashboardAPI" name="test_stock_out_module_fields" time="0.753" /><testcase classname="backend.tests.test_executive_dashboard.TestExecutiveDashboardAPI" name="test_doh_module_fields" time="0.677" /><testcase classname="backend.tests.test_executive_dashboard.TestExecutiveDashboardAPI" name="test_planogram_module_fields" time="0.724" /><testcase classname="backend.tests.test_executive_dashboard.TestExecutiveDashboardAPI" name="test_replenishment_module_fields" time="0.743" /><testcase classname="backend.tests.test_executive_dashboard.TestExecutiveDashboardAPI" name="test_executive_dashboard_has_alerts" time="0.688" /><testcase classname="backend.tests.test_executive_dashboard.TestExecutiveDashboardAPI" name="test_alerts_have_required_fields" time="0.693" /><testcase classname="backend.tests.test_executive_dashboard.TestExecutiveDashboardAPI" name="test_alerts_priority_values" time="0.703" /><testcase classname="backend.tests.test_executive_dashboard.TestExecutiveDashboardAPI" name="test_alerts_sorted_by_priority" time="0.706" /><testcase classname="backend.tests.test_executive_dashboard.TestExecutiveDashboardAPI" name="test_alerts_have_valid_links" time="0.736" /><testcase classname="backend.tests.test_executive_dashboard.TestExecutiveDashboardAPI" name="test_executive_dashboard_with_date_filters" time="0.576" /><testcase classname="backend.tests.test_executive_dashboard.TestExecutiveDashboardAPI" name="test_executive_dashboard_with_category_filter" time="0.531" /><testcase classname="backend.tests.test_executive_dashboard.TestExecutiveDashboardAPI" name="test_executive_dashboard_with_channel_filter" time="0.380" /><testcase classname="backend.tests.test_executive_dashboard.TestExecutiveDashboardAPI" name="test_executive_dashboard_with_region_filter" time="0.564" /><testcase classname="backend.tests.test_executive_dashboard.TestExistingEndpointsRegression" name="test_ros_gap_endpoint_still_works" time="0.235" /><testcase classname="backend.tests.test_executive_dashboard.TestExistingEndpointsRegression" name="test_stock_out_endpoint_still_works" time="0.255" /><testcase classname="backend.tests.test_executive_dashboard.TestExistingEndpointsRegression" name="test_doh_endpoint_still_works" time="0.264" /><testcase classname="backend.tests.test_executive_dashboard.TestExistingEndpointsRegression" name="test_planogram_endpoint_still_works" time="0.223" /><testcase classname="backend.tests.test_executive_dashboard.TestExistingEndpointsRegression" name="test_replenishment_endpoint_still_works" time="0.203" /><testcase classname="backend.tests.test_executive_dashboard.TestExistingEndpointsRegression" name="test_filter_options_endpoint_still_works" time="0.139" /><testcase classname="backend.tests.test_executive_dashboard.TestExistingEndpointsRegression" name="test_upload_status_endpoint_still_works" time="0.102" /></testsuite></testsuites>