<?xml version="1.0" encoding="utf-8"?><testsuites name="pytest tests"><testsuite name="pytest" errors="0" failures="0" skipped="0" tests="21" time="5.872" timestamp="2026-04-09T11:46:58.517895+00:00" hostname="agent-env-3e59b20a-f0c9-4931-a955-2afd0a2a107c"><testcase classname="backend.tests.test_upload_v2_phase2_iter60.TestAuth" name="test_01_login_success" time="0.470" /><testcase classname="backend.tests.test_upload_v2_phase2_iter60.TestCOGSUpload" name="test_02_cogs_upload_success" time="0.457" /><testcase classname="backend.tests.test_upload_v2_phase2_iter60.TestCOGSUpload" name="test_03_cogs_validate_only" time="0.113" /><testcase classname="backend.tests.test_upload_v2_phase2_iter60.TestCOGSUpload" name="test_04_cogs_missing_column_error" time="0.117" /><testcase classname="backend.tests.test_upload_v2_phase2_iter60.TestCOGSUpload" name="test_05_cogs_template_download" time="0.236" /><testcase classname="backend.tests.test_upload_v2_phase2_iter60.TestPlanogramUpload" name="test_06_planogram_upload_success" time="0.442" /><testcase classname="backend.tests.test_upload_v2_phase2_iter60.TestPlanogramUpload" name="test_07_planogram_validate_only" time="0.123" /><testcase classname="backend.tests.test_upload_v2_phase2_iter60.TestPlanogramUpload" name="test_08_planogram_empty_file_error" time="0.113" /><testcase classname="backend.tests.test_upload_v2_phase2_iter60.TestPlanogramUpload" name="test_09_planogram_template_download" time="0.129" /><testcase classname="backend.tests.test_upload_v2_phase2_iter60.TestOpenOrdersUpload" name="test_10_open_orders_upload_success" time="0.451" /><testcase classname="backend.tests.test_upload_v2_phase2_iter60.TestOpenOrdersUpload" name="test_11_open_orders_validate_only" time="0.150" /><testcase classname="backend.tests.test_upload_v2_phase2_iter60.TestOpenOrdersUpload" name="test_12_open_orders_template_download" time="0.127" /><testcase classname="backend.tests.test_upload_v2_phase2_iter60.TestStyleMasterUpload" name="test_13_style_master_upload_success" time="0.476" /><testcase classname="backend.tests.test_upload_v2_phase2_iter60.TestStyleMasterUpload" name="test_14_style_master_validate_only" time="0.128" /><testcase classname="backend.tests.test_upload_v2_phase2_iter60.TestStyleMasterUpload" name="test_15_style_master_template_download" time="0.117" /><testcase classname="backend.tests.test_upload_v2_phase2_iter60.TestStatusEndpoints" name="test_16_master_status_includes_new_types" time="0.439" /><testcase classname="backend.tests.test_upload_v2_phase2_iter60.TestStatusEndpoints" name="test_17_daily_status_includes_new_types" time="0.120" /><testcase classname="backend.tests.test_upload_v2_phase2_iter60.TestStatusEndpoints" name="test_18_upload_history_includes_new_types" time="0.103" /><testcase classname="backend.tests.test_upload_v2_phase2_iter60.TestRegressionAnalytics" name="test_19_ros_endpoint_regression" time="0.585" /><testcase classname="backend.tests.test_upload_v2_phase2_iter60.TestRegressionAnalytics" name="test_20_doh_analysis_regression" time="0.304" /><testcase classname="backend.tests.test_upload_v2_phase2_iter60.TestRegressionAnalytics" name="test_21_ai_demand_forecast_regression" time="0.564" /></testsuite></testsuites>