<?xml version="1.0" encoding="utf-8"?><testsuites name="pytest tests"><testsuite name="pytest" errors="0" failures="0" skipped="0" tests="20" time="3.480" timestamp="2026-04-03T04:17:34.019790+00:00" hostname="agent-env-3e59b20a-f0c9-4931-a955-2afd0a2a107c"><testcase classname="tests.test_sftp_iter28.TestSFTPConnectionAndPool" name="test_sftp_03_connection_timeout_retry_backoff" time="0.251" /><testcase classname="tests.test_sftp_iter28.TestSFTPConnectionAndPool" name="test_sftp_03_connection_pool_retry_config" time="0.114" /><testcase classname="tests.test_sftp_iter28.TestSFTPConnectionAndPool" name="test_sftp_04_network_auto_reconnect" time="0.116" /><testcase classname="tests.test_sftp_iter28.TestSFTPConnectionAndPool" name="test_sftp_07_connection_pool_stats" time="0.114" /><testcase classname="tests.test_sftp_iter28.TestSFTPConnectionAndPool" name="test_sftp_08_ssl_tls_verification" time="0.140" /><testcase classname="tests.test_sftp_iter28.TestSFTPFileTransfer" name="test_sftp_09_upload_file" time="0.137" /><testcase classname="tests.test_sftp_iter28.TestSFTPFileTransfer" name="test_sftp_10_download_file" time="0.115" /><testcase classname="tests.test_sftp_iter28.TestSFTPFileTransfer" name="test_sftp_11_transfer_progress" time="0.241" /><testcase classname="tests.test_sftp_iter28.TestSFTPFileTransfer" name="test_sftp_12_partial_transfer_resume" time="0.226" /><testcase classname="tests.test_sftp_iter28.TestSFTPFileTransfer" name="test_sftp_14_file_overwrite_protection" time="0.113" /><testcase classname="tests.test_sftp_iter28.TestSFTPBatchAndMalformed" name="test_sftp_15_batch_file_upload" time="0.107" /><testcase classname="tests.test_sftp_iter28.TestSFTPBatchAndMalformed" name="test_sftp_20_malformed_file_handling" time="0.131" /><testcase classname="tests.test_sftp_iter28.TestSFTPBatchAndMalformed" name="test_sftp_22_duplicate_file_handling" time="0.225" /><testcase classname="tests.test_sftp_iter28.TestSFTPBatchAndMalformed" name="test_sftp_23_file_archive_after_processing" time="0.117" /><testcase classname="tests.test_sftp_iter28.TestSFTPLogsAndFiltering" name="test_sftp_25_filter_logs_by_date" time="0.126" /><testcase classname="tests.test_sftp_iter28.TestSFTPLogsAndFiltering" name="test_sftp_29_download_error_log" time="0.107" /><testcase classname="tests.test_sftp_iter28.TestSFTPScheduler" name="test_sftp_16_scheduler_start_stop" time="0.473" /><testcase classname="tests.test_sftp_iter28.TestSFTPSpeedAndSummary" name="test_sftp_30_transfer_speed_metrics" time="0.111" /><testcase classname="tests.test_sftp_iter28.TestSFTPSpeedAndSummary" name="test_sftp_35_daily_summary_report" time="0.116" /><testcase classname="tests.test_sftp_iter28.TestSFTPStats" name="test_sftp_stats_endpoint" time="0.122" /></testsuite></testsuites>