<?xml version="1.0" encoding="utf-8"?><testsuites name="pytest tests"><testsuite name="pytest" errors="0" failures="1" skipped="0" tests="22" time="9.929" timestamp="2026-04-17T12:44:24.366557+00:00" hostname="agent-env-3e59b20a-f0c9-4931-a955-2afd0a2a107c"><testcase classname="backend.tests.test_module_system_iter107.TestModuleSystemAPIs" name="test_get_modules_returns_all_5_modules" time="0.596" /><testcase classname="backend.tests.test_module_system_iter107.TestModuleSystemAPIs" name="test_get_modules_structure" time="0.399" /><testcase classname="backend.tests.test_module_system_iter107.TestModuleSystemAPIs" name="test_core_modules_identified" time="0.392" /><testcase classname="backend.tests.test_module_system_iter107.TestModuleSystemAPIs" name="test_toggle_non_core_module_enable" time="0.508" /><testcase classname="backend.tests.test_module_system_iter107.TestModuleSystemAPIs" name="test_toggle_non_core_module_disable" time="0.506" /><testcase classname="backend.tests.test_module_system_iter107.TestModuleSystemAPIs" name="test_cannot_disable_core_module" time="0.388" /><testcase classname="backend.tests.test_module_system_iter107.TestModuleSystemAPIs" name="test_toggle_invalid_module_returns_404" time="0.415" /><testcase classname="backend.tests.test_module_system_iter107.TestModuleSystemAPIs" name="test_toggle_feature_enable" time="0.539" /><testcase classname="backend.tests.test_module_system_iter107.TestModuleSystemAPIs" name="test_toggle_feature_disable" time="0.466" /><testcase classname="backend.tests.test_module_system_iter107.TestModuleSystemAPIs" name="test_cannot_disable_core_feature" time="0.441" /><testcase classname="backend.tests.test_module_system_iter107.TestModuleSystemAPIs" name="test_toggle_invalid_feature_returns_404" time="0.426" /><testcase classname="backend.tests.test_module_system_iter107.TestModuleSystemAPIs" name="test_get_usage_returns_limits" time="0.420" /><testcase classname="backend.tests.test_module_system_iter107.TestModuleSystemAPIs" name="test_get_usage_limits_structure" time="0.396" /><testcase classname="backend.tests.test_module_system_iter107.TestModuleSystemAPIs" name="test_get_usage_subscription_info" time="0.374" /><testcase classname="backend.tests.test_module_system_iter107.TestModuleSystemAPIs" name="test_get_user_module_access" time="0.382" /><testcase classname="backend.tests.test_module_system_iter107.TestModuleSystemAPIs" name="test_get_user_module_access_invalid_user" time="0.371" /><testcase classname="backend.tests.test_module_system_iter107.TestModuleSystemAPIs" name="test_update_user_module_access" time="0.528" /><testcase classname="backend.tests.test_module_system_iter107.TestModuleSystemAPIs" name="test_update_user_scope" time="0.448" /><testcase classname="backend.tests.test_module_system_iter107.TestModuleSystemAPIs" name="test_update_scope_invalid_user" time="0.424" /><testcase classname="backend.tests.test_module_system_iter107.TestModuleSystemEdgeCases" name="test_modules_ordered_correctly" time="0.424" /><testcase classname="backend.tests.test_module_system_iter107.TestModuleSystemEdgeCases" name="test_module_categories_present" time="0.508" /><testcase classname="backend.tests.test_module_system_iter107.TestModuleSystemEdgeCases" name="test_unauthenticated_request_fails" time="0.445"><failure message="AssertionError: Expected 401/403, got 400&#10;assert 400 in [401, 403]&#10; +  where 400 = &lt;Response [400]&gt;.status_code">backend/tests/test_module_system_iter107.py:465: in test_unauthenticated_request_fails
    assert resp.status_code in [401, 403], f"Expected 401/403, got {resp.status_code}"
E   AssertionError: Expected 401/403, got 400
E   assert 400 in [401, 403]
E    +  where 400 = &lt;Response [400]&gt;.status_code</failure></testcase></testsuite></testsuites>