<?xml version="1.0" encoding="utf-8"?><testsuites name="pytest tests"><testsuite name="pytest" errors="0" failures="0" skipped="0" tests="21" time="5.908" timestamp="2026-04-09T09:40:28.528026+00:00" hostname="agent-env-3e59b20a-f0c9-4931-a955-2afd0a2a107c"><testcase classname="tests.test_ai_demand_p0_iter55.TestV2DataBridge" name="test_forecast_endpoint_works" time="0.793" /><testcase classname="tests.test_ai_demand_p0_iter55.TestV2DataBridge" name="test_stockout_risk_returns_uploaded_data" time="0.206" /><testcase classname="tests.test_ai_demand_p0_iter55.TestV2DataBridge" name="test_reorder_optimisation_returns_uploaded_data" time="0.172" /><testcase classname="tests.test_ai_demand_p0_iter55.TestV2DataBridge" name="test_supply_feasibility_works" time="0.163" /><testcase classname="tests.test_ai_demand_p0_iter55.TestV2DataBridge" name="test_topseller_prediction_works" time="0.212" /><testcase classname="tests.test_ai_demand_p0_iter55.TestSeasonalDecompositionFix" name="test_forecast_includes_seasonal_decomposition" time="0.370" /><testcase classname="tests.test_ai_demand_p0_iter55.TestSeasonalDecompositionFix" name="test_forecast_no_crash_with_category_filter" time="0.364" /><testcase classname="tests.test_ai_demand_p0_iter55.TestV2CollectionIndexes" name="test_health_check_passes" time="0.122" /><testcase classname="tests.test_ai_demand_p0_iter55.TestAIDemandOptions" name="test_options_endpoint" time="0.178" /><testcase classname="tests.test_ai_demand_p0_iter55.TestAIDemandPlans" name="test_list_plans" time="0.112" /><testcase classname="tests.test_ai_demand_p0_iter55.TestAIDemandPlans" name="test_generate_plan" time="0.390" /><testcase classname="tests.test_ai_demand_p0_iter55.TestAllAIDemandEndpoints" name="test_forecast" time="0.344" /><testcase classname="tests.test_ai_demand_p0_iter55.TestAllAIDemandEndpoints" name="test_stockout_risk" time="0.201" /><testcase classname="tests.test_ai_demand_p0_iter55.TestAllAIDemandEndpoints" name="test_topseller_prediction" time="0.194" /><testcase classname="tests.test_ai_demand_p0_iter55.TestAllAIDemandEndpoints" name="test_reorder_optimisation" time="0.179" /><testcase classname="tests.test_ai_demand_p0_iter55.TestAllAIDemandEndpoints" name="test_supply_feasibility" time="0.165" /><testcase classname="tests.test_ai_demand_p0_iter55.TestAllAIDemandEndpoints" name="test_options" time="0.169" /><testcase classname="tests.test_ai_demand_p0_iter55.TestAllAIDemandEndpoints" name="test_plans_list" time="0.126" /><testcase classname="tests.test_ai_demand_p0_iter55.TestAllAIDemandEndpoints" name="test_generate_plan_endpoint" time="0.377" /><testcase classname="tests.test_ai_demand_p0_iter55.TestAllAIDemandEndpoints" name="test_get_plan_by_id" time="0.501" /><testcase classname="tests.test_ai_demand_p0_iter55.TestAllAIDemandEndpoints" name="test_update_plan" time="0.491" /></testsuite></testsuites>