<?xml version="1.0" encoding="utf-8"?><testsuites name="pytest tests"><testsuite name="pytest" errors="0" failures="0" skipped="0" tests="22" time="3.663" timestamp="2026-04-16T04:35:42.985890+00:00" hostname="agent-env-3e59b20a-f0c9-4931-a955-2afd0a2a107c"><testcase classname="backend.tests.test_super_admin_panel_iter86.TestTenantEndpoints" name="test_list_tenants_success" time="0.631" /><testcase classname="backend.tests.test_super_admin_panel_iter86.TestTenantEndpoints" name="test_list_tenants_403_for_non_super_admin" time="0.390" /><testcase classname="backend.tests.test_super_admin_panel_iter86.TestTenantEndpoints" name="test_create_tenant_success" time="0.336" /><testcase classname="backend.tests.test_super_admin_panel_iter86.TestTenantEndpoints" name="test_create_tenant_duplicate_fails" time="0.050" /><testcase classname="backend.tests.test_super_admin_panel_iter86.TestTenantEndpoints" name="test_create_tenant_403_for_non_super_admin" time="0.044" /><testcase classname="backend.tests.test_super_admin_panel_iter86.TestTenantEndpoints" name="test_update_tenant_status_suspend" time="0.383" /><testcase classname="backend.tests.test_super_admin_panel_iter86.TestTenantEndpoints" name="test_update_tenant_status_activate" time="0.436" /><testcase classname="backend.tests.test_super_admin_panel_iter86.TestTenantEndpoints" name="test_update_tenant_status_404_not_found" time="0.067" /><testcase classname="backend.tests.test_super_admin_panel_iter86.TestTenantEndpoints" name="test_delete_tenant_success" time="0.394" /><testcase classname="backend.tests.test_super_admin_panel_iter86.TestTenantEndpoints" name="test_delete_demo_tenant_fails" time="0.047" /><testcase classname="backend.tests.test_super_admin_panel_iter86.TestUserEndpoints" name="test_list_all_users_success" time="0.054" /><testcase classname="backend.tests.test_super_admin_panel_iter86.TestUserEndpoints" name="test_list_users_filter_by_tenant" time="0.051" /><testcase classname="backend.tests.test_super_admin_panel_iter86.TestUserEndpoints" name="test_list_users_403_for_non_super_admin" time="0.046" /><testcase classname="backend.tests.test_super_admin_panel_iter86.TestUserEndpoints" name="test_create_user_success" time="0.270" /><testcase classname="backend.tests.test_super_admin_panel_iter86.TestUserEndpoints" name="test_create_user_invalid_tenant_fails" time="0.046" /><testcase classname="backend.tests.test_super_admin_panel_iter86.TestUserEndpoints" name="test_create_user_403_for_non_super_admin" time="0.058" /><testcase classname="backend.tests.test_super_admin_panel_iter86.TestImpersonationEndpoint" name="test_impersonate_success" time="0.048" /><testcase classname="backend.tests.test_super_admin_panel_iter86.TestImpersonationEndpoint" name="test_impersonate_404_for_nonexistent_tenant" time="0.048" /><testcase classname="backend.tests.test_super_admin_panel_iter86.TestImpersonationEndpoint" name="test_impersonate_403_for_non_super_admin" time="0.046" /><testcase classname="backend.tests.test_super_admin_panel_iter86.TestAuthentication" name="test_tenants_401_without_token" time="0.047" /><testcase classname="backend.tests.test_super_admin_panel_iter86.TestAuthentication" name="test_users_401_without_token" time="0.046" /><testcase classname="backend.tests.test_super_admin_panel_iter86.TestAuthentication" name="test_impersonate_401_without_token" time="0.046" /></testsuite></testsuites>