<?xml version="1.0" encoding="utf-8"?><testsuites name="pytest tests"><testsuite name="pytest" errors="0" failures="0" skipped="0" tests="29" time="12.205" timestamp="2026-04-09T10:04:34.767977+00:00" hostname="agent-env-3e59b20a-f0c9-4931-a955-2afd0a2a107c"><testcase classname="tests.test_ai_demand_iter57.TestDataHealth" name="test_data_health_returns_200" time="0.793" /><testcase classname="tests.test_ai_demand_iter57.TestDataHealth" name="test_data_health_days_available" time="0.206" /><testcase classname="tests.test_ai_demand_iter57.TestDataHealth" name="test_data_health_using_demo_data_false" time="0.202" /><testcase classname="tests.test_ai_demand_iter57.TestDataHealth" name="test_data_health_progress_100" time="0.196" /><testcase classname="tests.test_ai_demand_iter57.TestDataHealth" name="test_data_health_row_counts" time="0.197" /><testcase classname="tests.test_ai_demand_iter57.TestForecast" name="test_forecast_returns_200" time="0.539" /><testcase classname="tests.test_ai_demand_iter57.TestForecast" name="test_forecast_data_source_uploaded" time="0.392" /><testcase classname="tests.test_ai_demand_iter57.TestForecast" name="test_forecast_insufficient_data_false" time="0.343" /><testcase classname="tests.test_ai_demand_iter57.TestForecast" name="test_forecast_all_3_models_active" time="0.362" /><testcase classname="tests.test_ai_demand_iter57.TestForecast" name="test_forecast_confidence_score_high" time="0.371" /><testcase classname="tests.test_ai_demand_iter57.TestForecast" name="test_forecast_12_months_predictions" time="0.361" /><testcase classname="tests.test_ai_demand_iter57.TestForecast" name="test_forecast_confidence_intervals" time="0.366" /><testcase classname="tests.test_ai_demand_iter57.TestForecast" name="test_forecast_seasonality_factors" time="0.349" /><testcase classname="tests.test_ai_demand_iter57.TestForecast" name="test_forecast_growth_trend" time="0.354" /><testcase classname="tests.test_ai_demand_iter57.TestStockoutRisk" name="test_stockout_risk_returns_200" time="0.202" /><testcase classname="tests.test_ai_demand_iter57.TestStockoutRisk" name="test_stockout_risk_data_source_uploaded" time="0.197" /><testcase classname="tests.test_ai_demand_iter57.TestStockoutRisk" name="test_stockout_risk_new_skus" time="0.191" /><testcase classname="tests.test_ai_demand_iter57.TestReorderOptimisation" name="test_reorder_returns_200" time="0.186" /><testcase classname="tests.test_ai_demand_iter57.TestReorderOptimisation" name="test_reorder_data_source_uploaded" time="0.189" /><testcase classname="tests.test_ai_demand_iter57.TestReorderOptimisation" name="test_reorder_10_skus" time="0.188" /><testcase classname="tests.test_ai_demand_iter57.TestTopsellerPrediction" name="test_topseller_returns_200" time="0.136" /><testcase classname="tests.test_ai_demand_iter57.TestTopsellerPrediction" name="test_topseller_data_source_uploaded" time="0.130" /><testcase classname="tests.test_ai_demand_iter57.TestTopsellerPrediction" name="test_topseller_identifies_topsellers" time="0.129" /><testcase classname="tests.test_ai_demand_iter57.TestSupplyFeasibility" name="test_supply_feasibility_returns_200" time="0.172" /><testcase classname="tests.test_ai_demand_iter57.TestSupplyFeasibility" name="test_supply_feasibility_data_source_uploaded" time="0.177" /><testcase classname="tests.test_ai_demand_iter57.TestOptions" name="test_options_returns_200" time="0.174" /><testcase classname="tests.test_ai_demand_iter57.TestOptions" name="test_options_correct_categories" time="0.172" /><testcase classname="tests.test_ai_demand_iter57.TestGeneratePlan" name="test_generate_plan_returns_200" time="2.430" /><testcase classname="tests.test_ai_demand_iter57.TestGeneratePlan" name="test_generate_plan_from_real_data" time="2.398" /></testsuite></testsuites>