<?xml version="1.0" encoding="utf-8"?><testsuites name="pytest tests"><testsuite name="pytest" errors="0" failures="0" skipped="0" tests="23" time="4.793" timestamp="2026-04-08T04:38:14.052607+00:00" hostname="agent-env-3e59b20a-f0c9-4931-a955-2afd0a2a107c"><testcase classname="tests.test_p2_features_iter49.TestScheduledJobsCRUD" name="test_list_jobs" time="0.523" /><testcase classname="tests.test_p2_features_iter49.TestScheduledJobsCRUD" name="test_create_job_daily" time="0.048" /><testcase classname="tests.test_p2_features_iter49.TestScheduledJobsCRUD" name="test_create_job_weekly" time="0.056" /><testcase classname="tests.test_p2_features_iter49.TestScheduledJobsCRUD" name="test_create_job_monthly" time="0.058" /><testcase classname="tests.test_p2_features_iter49.TestScheduledJobsCRUD" name="test_create_job_invalid_analysis_type" time="0.046" /><testcase classname="tests.test_p2_features_iter49.TestScheduledJobsCRUD" name="test_create_job_invalid_frequency" time="0.044" /><testcase classname="tests.test_p2_features_iter49.TestScheduledJobsCRUD" name="test_create_weekly_without_day_of_week" time="0.048" /><testcase classname="tests.test_p2_features_iter49.TestScheduledJobsCRUD" name="test_toggle_job" time="0.055" /><testcase classname="tests.test_p2_features_iter49.TestScheduledJobsCRUD" name="test_run_job_now" time="0.048" /><testcase classname="tests.test_p2_features_iter49.TestScheduledJobsCRUD" name="test_update_job" time="0.049" /><testcase classname="tests.test_p2_features_iter49.TestScheduledJobsCRUD" name="test_delete_job" time="0.045" /><testcase classname="tests.test_p2_features_iter49.TestScheduledJobsCRUD" name="test_delete_nonexistent_job" time="0.048" /><testcase classname="tests.test_p2_features_iter49.TestScheduledJobsCRUD" name="test_job_history" time="0.048" /><testcase classname="tests.test_p2_features_iter49.TestPlanUsage" name="test_get_plan_usage" time="0.048" /><testcase classname="tests.test_p2_features_iter49.TestPlanUsage" name="test_plan_usage_trial_info" time="0.049" /><testcase classname="tests.test_p2_features_iter49.TestPlanUsage" name="test_plan_usage_nonexistent_tenant" time="0.047" /><testcase classname="tests.test_p2_features_iter49.TestForcePasswordChange" name="test_login_returns_must_change_password_flag" time="0.679" /><testcase classname="tests.test_p2_features_iter49.TestForcePasswordChange" name="test_admin_password_reset_sets_flag" time="0.609" /><testcase classname="tests.test_p2_features_iter49.TestForcePasswordChange" name="test_change_password_api" time="1.365" /><testcase classname="tests.test_p2_features_iter49.TestForcePasswordChange" name="test_change_password_wrong_current" time="0.278" /><testcase classname="tests.test_p2_features_iter49.TestForcePasswordChange" name="test_change_password_same_as_current" time="0.269" /><testcase classname="tests.test_p2_features_iter49.TestForcePasswordChange" name="test_change_password_too_short" time="0.047" /><testcase classname="tests.test_p2_features_iter49.TestCleanup" name="test_cleanup_test_jobs" time="0.146" /></testsuite></testsuites>