<?xml version="1.0" encoding="utf-8"?><testsuites name="pytest tests"><testsuite name="pytest" errors="0" failures="0" skipped="0" tests="26" time="19.473" timestamp="2026-04-17T11:24:07.275230+00:00" hostname="agent-env-3e59b20a-f0c9-4931-a955-2afd0a2a107c"><testcase classname="backend.tests.test_approval_workflow_iter103.TestApprovalWorkflow" name="test_01_submit_draft_to_submitted" time="0.868" /><testcase classname="backend.tests.test_approval_workflow_iter103.TestApprovalWorkflow" name="test_02_approve_category" time="0.769" /><testcase classname="backend.tests.test_approval_workflow_iter103.TestApprovalWorkflow" name="test_03_approve_senior" time="0.823" /><testcase classname="backend.tests.test_approval_workflow_iter103.TestApprovalWorkflow" name="test_04_approve_head" time="0.904" /><testcase classname="backend.tests.test_approval_workflow_iter103.TestApprovalWorkflow" name="test_05_finance_ack" time="0.864" /><testcase classname="backend.tests.test_approval_workflow_iter103.TestApprovalWorkflow" name="test_06_reject_requires_comment" time="0.706" /><testcase classname="backend.tests.test_approval_workflow_iter103.TestApprovalWorkflow" name="test_07_reject_with_comment" time="0.729" /><testcase classname="backend.tests.test_approval_workflow_iter103.TestApprovalWorkflow" name="test_08_request_changes_requires_comment" time="0.731" /><testcase classname="backend.tests.test_approval_workflow_iter103.TestApprovalWorkflow" name="test_09_request_changes_with_comment" time="0.769" /><testcase classname="backend.tests.test_approval_workflow_iter103.TestApprovalWorkflow" name="test_10_invalid_action_from_wrong_status" time="0.662" /><testcase classname="backend.tests.test_approval_workflow_iter103.TestApprovalWorkflow" name="test_11_invalid_action_approve_senior_from_submitted" time="0.687" /><testcase classname="backend.tests.test_approval_workflow_iter103.TestApprovalWorkflow" name="test_12_invalid_action_name" time="0.651" /><testcase classname="backend.tests.test_approval_workflow_iter103.TestApprovalWorkflow" name="test_13_approval_history" time="0.902" /><testcase classname="backend.tests.test_approval_workflow_iter103.TestApprovalWorkflow" name="test_14_approval_history_empty_for_new_plan" time="0.665" /><testcase classname="backend.tests.test_approval_workflow_iter103.TestApprovalWorkflow" name="test_15_get_plan_returns_approval_fields" time="0.820" /><testcase classname="backend.tests.test_approval_workflow_iter103.TestApprovalWorkflow" name="test_16_full_workflow_e2e" time="0.983" /><testcase classname="backend.tests.test_approval_workflow_iter103.TestApprovalWorkflow" name="test_17_backward_compat_approve_endpoint" time="0.655" /><testcase classname="backend.tests.test_approval_workflow_iter103.TestApprovalWorkflowEdgeCases" name="test_18_reject_from_category_approved" time="0.735" /><testcase classname="backend.tests.test_approval_workflow_iter103.TestApprovalWorkflowEdgeCases" name="test_19_reject_from_senior_approved" time="0.767" /><testcase classname="backend.tests.test_approval_workflow_iter103.TestApprovalWorkflowEdgeCases" name="test_20_reject_from_head_approved" time="0.798" /><testcase classname="backend.tests.test_approval_workflow_iter103.TestApprovalWorkflowEdgeCases" name="test_21_cannot_reject_from_draft" time="0.646" /><testcase classname="backend.tests.test_approval_workflow_iter103.TestApprovalWorkflowEdgeCases" name="test_22_request_changes_from_category_approved" time="0.749" /><testcase classname="backend.tests.test_approval_workflow_iter103.TestApprovalWorkflowEdgeCases" name="test_23_request_changes_from_senior_approved" time="0.824" /><testcase classname="backend.tests.test_approval_workflow_iter103.TestApprovalWorkflowEdgeCases" name="test_24_cannot_request_changes_from_head_approved" time="0.865" /><testcase classname="backend.tests.test_approval_workflow_iter103.TestApprovalWorkflowEdgeCases" name="test_25_invalid_plan_id" time="0.388" /><testcase classname="backend.tests.test_approval_workflow_iter103.TestApprovalWorkflowEdgeCases" name="test_26_nonexistent_plan_id" time="0.376" /></testsuite></testsuites>