<?xml version="1.0" encoding="utf-8"?><testsuites name="pytest tests"><testsuite name="pytest" errors="0" failures="0" skipped="0" tests="29" time="6.977" timestamp="2026-04-17T09:56:48.608979+00:00" hostname="agent-env-3e59b20a-f0c9-4931-a955-2afd0a2a107c"><testcase classname="backend.tests.test_buy_planning_features_bcf_iter97.TestFeatureB_StoreWedgeOverride" name="test_01_get_store_wedge_list" time="0.659" /><testcase classname="backend.tests.test_buy_planning_features_bcf_iter97.TestFeatureB_StoreWedgeOverride" name="test_02_override_store_wedge_success" time="0.246" /><testcase classname="backend.tests.test_buy_planning_features_bcf_iter97.TestFeatureB_StoreWedgeOverride" name="test_03_verify_override_sets_manual_flag" time="0.151" /><testcase classname="backend.tests.test_buy_planning_features_bcf_iter97.TestFeatureB_StoreWedgeOverride" name="test_04_override_creates_audit_record" time="0.106" /><testcase classname="backend.tests.test_buy_planning_features_bcf_iter97.TestFeatureB_StoreWedgeOverride" name="test_05_override_invalid_wedge_returns_400" time="0.109" /><testcase classname="backend.tests.test_buy_planning_features_bcf_iter97.TestFeatureB_StoreWedgeOverride" name="test_06_override_nonexistent_store_returns_404" time="0.142" /><testcase classname="backend.tests.test_buy_planning_features_bcf_iter97.TestFeatureB_StoreWedgeOverride" name="test_07_revert_store_wedge_override" time="0.141" /><testcase classname="backend.tests.test_buy_planning_features_bcf_iter97.TestFeatureB_StoreWedgeOverride" name="test_08_verify_revert_clears_manual_flag" time="0.123" /><testcase classname="backend.tests.test_buy_planning_features_bcf_iter97.TestFeatureB_StyleMixOverride" name="test_09_get_style_mix_list" time="0.473" /><testcase classname="backend.tests.test_buy_planning_features_bcf_iter97.TestFeatureB_StyleMixOverride" name="test_10_override_style_mix_success" time="0.219" /><testcase classname="backend.tests.test_buy_planning_features_bcf_iter97.TestFeatureB_StyleMixOverride" name="test_11_verify_style_override_sets_manual_flag" time="0.121" /><testcase classname="backend.tests.test_buy_planning_features_bcf_iter97.TestFeatureB_StyleMixOverride" name="test_12_style_override_creates_audit_record" time="0.104" /><testcase classname="backend.tests.test_buy_planning_features_bcf_iter97.TestFeatureB_StyleMixOverride" name="test_13_override_invalid_mix_returns_400" time="0.107" /><testcase classname="backend.tests.test_buy_planning_features_bcf_iter97.TestFeatureB_StyleMixOverride" name="test_14_override_nonexistent_style_returns_404" time="0.120" /><testcase classname="backend.tests.test_buy_planning_features_bcf_iter97.TestFeatureB_StyleMixOverride" name="test_15_revert_style_mix_override" time="0.109" /><testcase classname="backend.tests.test_buy_planning_features_bcf_iter97.TestFeatureB_OverrideHistory" name="test_16_get_override_history_all" time="0.461" /><testcase classname="backend.tests.test_buy_planning_features_bcf_iter97.TestFeatureB_OverrideHistory" name="test_17_get_override_history_filtered_by_entity_type" time="0.134" /><testcase classname="backend.tests.test_buy_planning_features_bcf_iter97.TestFeatureB_OverrideHistory" name="test_18_override_history_has_required_fields" time="0.158" /><testcase classname="backend.tests.test_buy_planning_features_bcf_iter97.TestFeatureC_CSVExport" name="test_19_export_csv_returns_file" time="0.644" /><testcase classname="backend.tests.test_buy_planning_features_bcf_iter97.TestFeatureC_CSVExport" name="test_20_export_csv_has_headers" time="0.314" /><testcase classname="backend.tests.test_buy_planning_features_bcf_iter97.TestFeatureC_CSVExport" name="test_21_export_csv_has_data_rows" time="0.306" /><testcase classname="backend.tests.test_buy_planning_features_bcf_iter97.TestFeatureC_CSVExport" name="test_22_export_csv_all_columns_present" time="0.304" /><testcase classname="backend.tests.test_buy_planning_features_bcf_iter97.TestFeatureC_CSVExport" name="test_23_export_csv_with_custom_params" time="0.288" /><testcase classname="backend.tests.test_buy_planning_features_bcf_iter97.TestFeatureF_WeeklyScheduler" name="test_24_scheduler_skips_manual_overrides" time="0.813" /><testcase classname="backend.tests.test_buy_planning_features_bcf_iter97.TestFeatureF_WeeklyScheduler" name="test_25_scheduler_code_exists" time="0.097" /><testcase classname="backend.tests.test_buy_planning_features_bcf_iter97.TestOverrideEndpointsAuth" name="test_26_store_wedge_override_requires_auth" time="0.098" /><testcase classname="backend.tests.test_buy_planning_features_bcf_iter97.TestOverrideEndpointsAuth" name="test_27_style_mix_override_requires_auth" time="0.099" /><testcase classname="backend.tests.test_buy_planning_features_bcf_iter97.TestOverrideEndpointsAuth" name="test_28_override_history_requires_auth" time="0.107" /><testcase classname="backend.tests.test_buy_planning_features_bcf_iter97.TestOverrideEndpointsAuth" name="test_29_csv_export_requires_auth" time="0.106" /></testsuite></testsuites>