<?xml version="1.0" encoding="utf-8"?><testsuites name="pytest tests"><testsuite name="pytest" errors="0" failures="0" skipped="0" tests="36" time="5.522" timestamp="2026-04-02T17:10:09.091039+00:00" hostname="agent-env-3e59b20a-f0c9-4931-a955-2afd0a2a107c"><testcase classname="backend.tests.test_executive_dashboard_comprehensive.TestDataValidation" name="test_dash_01_kpi_cards_load_within_3_seconds" time="0.343" /><testcase classname="backend.tests.test_executive_dashboard_comprehensive.TestDataValidation" name="test_dash_02_revenue_calculation" time="0.105" /><testcase classname="backend.tests.test_executive_dashboard_comprehensive.TestDataValidation" name="test_dash_03_margin_mrp_realisation" time="0.106" /><testcase classname="backend.tests.test_executive_dashboard_comprehensive.TestDataValidation" name="test_dash_04_zero_sales_data_shows_no_data" time="0.048" /><testcase classname="backend.tests.test_executive_dashboard_comprehensive.TestDataValidation" name="test_dash_05_partial_data_handling" time="0.634" /><testcase classname="backend.tests.test_executive_dashboard_comprehensive.TestDataValidation" name="test_dash_06_negative_revenue_handling" time="0.112" /><testcase classname="backend.tests.test_executive_dashboard_comprehensive.TestDataValidation" name="test_dash_07_large_numbers_formatting" time="0.106" /><testcase classname="backend.tests.test_executive_dashboard_comprehensive.TestFilters" name="test_dash_08_quick_date_preset_last_7_days" time="0.112" /><testcase classname="backend.tests.test_executive_dashboard_comprehensive.TestFilters" name="test_dash_09_custom_date_range" time="0.109" /><testcase classname="backend.tests.test_executive_dashboard_comprehensive.TestFilters" name="test_dash_10_category_filter" time="0.090" /><testcase classname="backend.tests.test_executive_dashboard_comprehensive.TestFilters" name="test_dash_11_multiple_filters" time="0.084" /><testcase classname="backend.tests.test_executive_dashboard_comprehensive.TestFilters" name="test_dash_12_invalid_date_range" time="0.078" /><testcase classname="backend.tests.test_executive_dashboard_comprehensive.TestFilters" name="test_dash_13_filter_no_matching_data" time="0.077" /><testcase classname="backend.tests.test_executive_dashboard_comprehensive.TestFilters" name="test_dash_14_reset_all_filters" time="0.074" /><testcase classname="backend.tests.test_executive_dashboard_comprehensive.TestCharts" name="test_dash_15_revenue_trend_chart" time="0.000" /><testcase classname="backend.tests.test_executive_dashboard_comprehensive.TestCharts" name="test_dash_16_hover_tooltip_on_charts" time="0.000" /><testcase classname="backend.tests.test_executive_dashboard_comprehensive.TestCharts" name="test_dash_17_legend_click_toggles_visibility" time="0.000" /><testcase classname="backend.tests.test_executive_dashboard_comprehensive.TestCharts" name="test_dash_18_chart_responsiveness" time="0.000" /><testcase classname="backend.tests.test_executive_dashboard_comprehensive.TestCharts" name="test_dash_19_single_data_point_chart" time="0.000" /><testcase classname="backend.tests.test_executive_dashboard_comprehensive.TestCharts" name="test_dash_20_365_days_data_load_time" time="0.329" /><testcase classname="backend.tests.test_executive_dashboard_comprehensive.TestPerformance" name="test_dash_21_50_stores_load_time" time="0.641" /><testcase classname="backend.tests.test_executive_dashboard_comprehensive.TestPerformance" name="test_dash_22_500k_records_load_time" time="0.113" /><testcase classname="backend.tests.test_executive_dashboard_comprehensive.TestPerformance" name="test_dash_23_concurrent_users" time="0.780" /><testcase classname="backend.tests.test_executive_dashboard_comprehensive.TestPerformance" name="test_dash_24_auto_refresh_toggle" time="0.000" /><testcase classname="backend.tests.test_executive_dashboard_comprehensive.TestEdgeCases" name="test_dash_25_offline_detection" time="0.000" /><testcase classname="backend.tests.test_executive_dashboard_comprehensive.TestEdgeCases" name="test_dash_26_session_timeout_redirect" time="0.053" /><testcase classname="backend.tests.test_executive_dashboard_comprehensive.TestEdgeCases" name="test_dash_27_api_500_error_handling" time="0.000" /><testcase classname="backend.tests.test_executive_dashboard_comprehensive.TestEdgeCases" name="test_dash_28_api_403_access_denied" time="0.595" /><testcase classname="backend.tests.test_executive_dashboard_comprehensive.TestEdgeCases" name="test_dash_29_timezone_handling" time="0.000" /><testcase classname="backend.tests.test_executive_dashboard_comprehensive.TestEdgeCases" name="test_dash_30_leap_year_date" time="0.079" /><testcase classname="backend.tests.test_executive_dashboard_comprehensive.TestEdgeCases" name="test_dash_31_daylight_savings" time="0.000" /><testcase classname="backend.tests.test_executive_dashboard_comprehensive.TestEdgeCases" name="test_dash_32_first_last_day_of_month" time="0.539" /><testcase classname="backend.tests.test_executive_dashboard_comprehensive.TestEdgeCases" name="test_dash_33_week_over_week_comparison" time="0.101" /><testcase classname="backend.tests.test_executive_dashboard_comprehensive.TestEdgeCases" name="test_dash_34_year_over_year_comparison" time="0.110" /><testcase classname="backend.tests.test_executive_dashboard_comprehensive.TestEdgeCases" name="test_dash_35_export_dashboard_to_pdf" time="0.000" /><testcase classname="backend.tests.test_executive_dashboard_comprehensive" name="test_print_summary" time="0.001" /></testsuite></testsuites>