<?xml version="1.0" encoding="utf-8"?><testsuites name="pytest tests"><testsuite name="pytest" errors="0" failures="0" skipped="0" tests="42" time="37.648" timestamp="2026-04-02T20:51:21.289734+00:00" hostname="agent-env-3e59b20a-f0c9-4931-a955-2afd0a2a107c"><testcase classname="backend.tests.test_doh_analysis_module.TestDOHCalculation" name="test_doh_01_analysis_returns_detail_with_doh_formula" time="1.111" /><testcase classname="backend.tests.test_doh_analysis_module.TestDOHCalculation" name="test_doh_02_zero_soh_has_doh_zero_and_stocked_out" time="0.978" /><testcase classname="backend.tests.test_doh_analysis_module.TestDOHCalculation" name="test_doh_03_zero_ros_has_doh_9999_and_no_sales" time="0.947" /><testcase classname="backend.tests.test_doh_analysis_module.TestDOHCalculation" name="test_doh_04_overall_doh_is_weighted_average" time="0.904" /><testcase classname="backend.tests.test_doh_analysis_module.TestDOHCalculation" name="test_doh_05_channel_data_array_present" time="0.919" /><testcase classname="backend.tests.test_doh_analysis_module.TestDOHCalculation" name="test_doh_06_category_data_array_present" time="0.974" /><testcase classname="backend.tests.test_doh_analysis_module.TestDOHCalculation" name="test_doh_07_include_wh_true_returns_higher_doh" time="1.513" /><testcase classname="backend.tests.test_doh_analysis_module.TestDOHCalculation" name="test_doh_08_include_wh_false_returns_store_only" time="1.624" /><testcase classname="backend.tests.test_doh_analysis_module.TestDOHClassification" name="test_doh_09_optimal_status_within_20_percent" time="1.029" /><testcase classname="backend.tests.test_doh_analysis_module.TestDOHClassification" name="test_doh_10_overstocked_status_above_120_percent" time="0.934" /><testcase classname="backend.tests.test_doh_analysis_module.TestDOHClassification" name="test_doh_11_understocked_status_below_80_percent" time="0.941" /><testcase classname="backend.tests.test_doh_analysis_module.TestDOHClassification" name="test_doh_12_stocked_out_inventory_zero_with_demand" time="0.934" /><testcase classname="backend.tests.test_doh_analysis_module.TestDOHClassification" name="test_doh_13_default_ideal_doh_is_9_days" time="0.878" /><testcase classname="backend.tests.test_doh_analysis_module.TestDOHClassification" name="test_doh_14_category_ideal_doh_crud" time="0.671" /><testcase classname="backend.tests.test_doh_analysis_module.TestDOHClassification" name="test_doh_15_topseller_skus_have_multiplied_ideal" time="0.934" /><testcase classname="backend.tests.test_doh_analysis_module.TestDOHHeatmap" name="test_doh_16_heatmap_store_view_returns_grid" time="0.933" /><testcase classname="backend.tests.test_doh_analysis_module.TestDOHHeatmap" name="test_doh_17_heatmap_category_view_returns_grid" time="0.960" /><testcase classname="backend.tests.test_doh_analysis_module.TestDOHHeatmap" name="test_doh_18_heatmap_detail_returns_sku_level" time="0.565" /><testcase classname="backend.tests.test_doh_analysis_module.TestDOHHeatmap" name="test_doh_19_heatmap_region_filter" time="0.715" /><testcase classname="backend.tests.test_doh_analysis_module.TestDOHHeatmap" name="test_doh_20_analysis_store_class_filter" time="0.872" /><testcase classname="backend.tests.test_doh_analysis_module.TestDOHHeatmap" name="test_doh_21_heatmap_export_data_structure" time="0.879" /><testcase classname="backend.tests.test_doh_analysis_module.TestDOHCorrelation" name="test_doh_22_correlation_coefficient_present" time="0.629" /><testcase classname="backend.tests.test_doh_analysis_module.TestDOHCorrelation" name="test_doh_23_correlation_interpretation_present" time="0.632" /><testcase classname="backend.tests.test_doh_analysis_module.TestDOHCorrelation" name="test_doh_24_trend_data_for_trendline" time="0.685" /><testcase classname="backend.tests.test_doh_analysis_module.TestDOHCorrelation" name="test_doh_25_correlation_coefficient_range" time="0.580" /><testcase classname="backend.tests.test_doh_analysis_module.TestDOHCorrelation" name="test_doh_26_optimal_doh_range_and_bucket_analysis" time="0.572" /><testcase classname="backend.tests.test_doh_analysis_module.TestDOHCorrelation" name="test_doh_27_store_correlation_array" time="0.665" /><testcase classname="backend.tests.test_doh_analysis_module.TestDOHRecommendations" name="test_doh_28_low_doh_recommendations" time="0.925" /><testcase classname="backend.tests.test_doh_analysis_module.TestDOHRecommendations" name="test_doh_29_high_doh_recommendations" time="0.937" /><testcase classname="backend.tests.test_doh_analysis_module.TestDOHRecommendations" name="test_doh_30_stockout_recommendations_critical" time="0.933" /><testcase classname="backend.tests.test_doh_analysis_module.TestDOHRecommendations" name="test_doh_31_bulk_low_doh_recommendations" time="0.915" /><testcase classname="backend.tests.test_doh_analysis_module.TestDOHRecommendations" name="test_doh_32_category_wide_recommendations" time="0.980" /><testcase classname="backend.tests.test_doh_analysis_module.TestDOHRecommendations" name="test_doh_33_store_wide_recommendations" time="0.914" /><testcase classname="backend.tests.test_doh_analysis_module.TestDOHRecommendations" name="test_doh_34_seasonal_recommendations" time="0.955" /><testcase classname="backend.tests.test_doh_analysis_module.TestDOHRecommendations" name="test_doh_35_target_setting_recommendations" time="0.960" /><testcase classname="backend.tests.test_doh_analysis_module.TestDOHRecommendations" name="test_recommendations_summary" time="0.913" /><testcase classname="backend.tests.test_doh_analysis_module.TestDOHRecommendations" name="test_recommendations_sorted_by_priority" time="0.889" /><testcase classname="backend.tests.test_doh_analysis_module.TestDOHRegressionAndEdgeCases" name="test_analysis_with_custom_ideal_doh" time="0.976" /><testcase classname="backend.tests.test_doh_analysis_module.TestDOHRegressionAndEdgeCases" name="test_analysis_with_custom_topseller_multiplier" time="0.917" /><testcase classname="backend.tests.test_doh_analysis_module.TestDOHRegressionAndEdgeCases" name="test_heatmap_with_invalid_view" time="0.946" /><testcase classname="backend.tests.test_doh_analysis_module.TestDOHRegressionAndEdgeCases" name="test_correlation_with_date_filter" time="0.559" /><testcase classname="backend.tests.test_doh_analysis_module.TestDOHRegressionAndEdgeCases" name="test_recommendations_with_filters" time="0.791" /></testsuite></testsuites>