<?xml version="1.0" encoding="utf-8"?><testsuites name="pytest tests"><testsuite name="pytest" errors="0" failures="0" skipped="0" tests="13" time="31.354" timestamp="2026-04-17T10:54:29.271904+00:00" hostname="agent-env-3e59b20a-f0c9-4931-a955-2afd0a2a107c"><testcase classname="backend.tests.test_audit_log_iter101.TestAuditLogEndpoint" name="test_get_audit_log_success" time="0.601" /><testcase classname="backend.tests.test_audit_log_iter101.TestAuditLogEndpoint" name="test_get_audit_log_filter_entity_type_store" time="0.157" /><testcase classname="backend.tests.test_audit_log_iter101.TestAuditLogEndpoint" name="test_get_audit_log_filter_entity_type_style" time="0.125" /><testcase classname="backend.tests.test_audit_log_iter101.TestAuditLogEndpoint" name="test_get_audit_log_filter_entity_type_config" time="0.123" /><testcase classname="backend.tests.test_audit_log_iter101.TestAuditLogEndpoint" name="test_get_audit_log_filter_source_auto" time="0.103" /><testcase classname="backend.tests.test_audit_log_iter101.TestAuditLogEndpoint" name="test_get_audit_log_filter_source_manual" time="0.110" /><testcase classname="backend.tests.test_audit_log_iter101.TestAuditLogEndpoint" name="test_get_audit_log_combined_filters" time="0.116" /><testcase classname="backend.tests.test_audit_log_iter101.TestStoreWedgeClassifyAudit" name="test_classify_store_wedge_logs_changes" time="0.589" /><testcase classname="backend.tests.test_audit_log_iter101.TestStyleMixClassifyAudit" name="test_classify_style_mix_logs_changes" time="27.628" /><testcase classname="backend.tests.test_audit_log_iter101.TestStoreWedgeOverrideAudit" name="test_override_store_wedge_logs_to_audit" time="0.506" /><testcase classname="backend.tests.test_audit_log_iter101.TestStyleMixOverrideAudit" name="test_override_style_mix_logs_to_audit" time="0.518" /><testcase classname="backend.tests.test_audit_log_iter101.TestSellThroughConfigAudit" name="test_sell_through_config_logs_to_audit" time="0.559" /><testcase classname="backend.tests.test_audit_log_iter101.TestAuditLogEntrySchema" name="test_audit_entry_has_required_fields" time="0.123" /></testsuite></testsuites>