<?xml version="1.0" encoding="utf-8"?><testsuites name="pytest tests"><testsuite name="pytest" errors="0" failures="0" skipped="0" tests="36" time="4.937" timestamp="2026-04-02T17:21:40.515273+00:00" hostname="agent-env-3e59b20a-f0c9-4931-a955-2afd0a2a107c"><testcase classname="backend.tests.test_data_upload_comprehensive.TestFileValidation" name="test_upload_01_valid_csv" time="0.133" /><testcase classname="backend.tests.test_data_upload_comprehensive.TestFileValidation" name="test_upload_02_valid_xlsx" time="0.107" /><testcase classname="backend.tests.test_data_upload_comprehensive.TestFileValidation" name="test_upload_03_wrong_extension_txt" time="0.107" /><testcase classname="backend.tests.test_data_upload_comprehensive.TestFileValidation" name="test_upload_04_empty_file" time="0.130" /><testcase classname="backend.tests.test_data_upload_comprehensive.TestFileValidation" name="test_upload_05_file_size_limit" time="0.263" /><testcase classname="backend.tests.test_data_upload_comprehensive.TestFileValidation" name="test_upload_06_special_characters_filename" time="0.125" /><testcase classname="backend.tests.test_data_upload_comprehensive.TestDataFormat" name="test_upload_07_missing_required_column" time="0.134" /><testcase classname="backend.tests.test_data_upload_comprehensive.TestDataFormat" name="test_upload_08_extra_columns" time="0.119" /><testcase classname="backend.tests.test_data_upload_comprehensive.TestDataFormat" name="test_upload_09_wrong_data_type" time="0.112" /><testcase classname="backend.tests.test_data_upload_comprehensive.TestDataFormat" name="test_upload_10_date_format_mismatch" time="0.133" /><testcase classname="backend.tests.test_data_upload_comprehensive.TestDataFormat" name="test_upload_11_null_values_required_column" time="0.142" /><testcase classname="backend.tests.test_data_upload_comprehensive.TestDataFormat" name="test_upload_12_duplicate_rows" time="0.116" /><testcase classname="backend.tests.test_data_upload_comprehensive.TestMasterDataUpload" name="test_upload_13_style_master" time="0.257" /><testcase classname="backend.tests.test_data_upload_comprehensive.TestMasterDataUpload" name="test_upload_14_style_master_duplicate_style_code" time="0.373" /><testcase classname="backend.tests.test_data_upload_comprehensive.TestMasterDataUpload" name="test_upload_15_store_master" time="0.122" /><testcase classname="backend.tests.test_data_upload_comprehensive.TestMasterDataUpload" name="test_upload_16_sku_ean_master" time="0.119" /><testcase classname="backend.tests.test_data_upload_comprehensive.TestMasterDataUpload" name="test_upload_17_warehouse_master" time="0.168" /><testcase classname="backend.tests.test_data_upload_comprehensive.TestDailyDataUpload" name="test_upload_18_daily_sales_today" time="0.118" /><testcase classname="backend.tests.test_data_upload_comprehensive.TestDailyDataUpload" name="test_upload_19_daily_sales_past_date" time="0.138" /><testcase classname="backend.tests.test_data_upload_comprehensive.TestDailyDataUpload" name="test_upload_20_daily_sales_future_date" time="0.121" /><testcase classname="backend.tests.test_data_upload_comprehensive.TestDailyDataUpload" name="test_upload_21_daily_sales_overwrite" time="0.373" /><testcase classname="backend.tests.test_data_upload_comprehensive.TestDailyDataUpload" name="test_upload_22_store_inventory" time="0.111" /><testcase classname="backend.tests.test_data_upload_comprehensive.TestDailyDataUpload" name="test_upload_23_inventory_negative_quantity" time="0.137" /><testcase classname="backend.tests.test_data_upload_comprehensive.TestDailyDataUpload" name="test_upload_24_warehouse_inventory" time="0.118" /><testcase classname="backend.tests.test_data_upload_comprehensive.TestSFTPUpload" name="test_upload_25_sftp_status" time="0.107" /><testcase classname="backend.tests.test_data_upload_comprehensive.TestSFTPUpload" name="test_upload_26_sftp_connection_timeout" time="0.138" /><testcase classname="backend.tests.test_data_upload_comprehensive.TestSFTPUpload" name="test_upload_27_sftp_invalid_credentials" time="0.107" /><testcase classname="backend.tests.test_data_upload_comprehensive.TestSFTPUpload" name="test_upload_28_sftp_partial_upload" time="0.000" /><testcase classname="backend.tests.test_data_upload_comprehensive.TestSFTPUpload" name="test_upload_29_sftp_multiple_files_same_date" time="0.127" /><testcase classname="backend.tests.test_data_upload_comprehensive.TestSFTPUpload" name="test_upload_30_sftp_no_files" time="0.108" /><testcase classname="backend.tests.test_data_upload_comprehensive.TestEdgeCases" name="test_upload_31_large_file_processing" time="0.141" /><testcase classname="backend.tests.test_data_upload_comprehensive.TestEdgeCases" name="test_upload_32_concurrent_uploads" time="0.000" /><testcase classname="backend.tests.test_data_upload_comprehensive.TestEdgeCases" name="test_upload_33_network_interruption" time="0.000" /><testcase classname="backend.tests.test_data_upload_comprehensive.TestEdgeCases" name="test_upload_34_bom_characters" time="0.110" /><testcase classname="backend.tests.test_data_upload_comprehensive.TestEdgeCases" name="test_upload_35_utf16_encoding" time="0.112" /><testcase classname="backend.tests.test_data_upload_comprehensive.TestCleanupAndReport" name="test_zz_cleanup_test_data" time="0.107" /></testsuite></testsuites>