<?xml version="1.0" encoding="utf-8"?><testsuites name="pytest tests"><testsuite name="pytest" errors="0" failures="0" skipped="0" tests="31" time="6.832" timestamp="2026-04-03T04:34:07.162535+00:00" hostname="agent-env-3e59b20a-f0c9-4931-a955-2afd0a2a107c"><testcase classname="backend.tests.test_warehouse_iter29.TestWarehouseStock" name="test_wh01_stock_returns_required_fields" time="0.261" /><testcase classname="backend.tests.test_warehouse_iter29.TestWarehouseStock" name="test_wh02_stock_filter_by_warehouse" time="0.181" /><testcase classname="backend.tests.test_warehouse_iter29.TestWarehouseStock" name="test_wh03_stock_filter_by_category" time="0.203" /><testcase classname="backend.tests.test_warehouse_iter29.TestWarehouseStock" name="test_wh04_stock_search_sku" time="0.173" /><testcase classname="backend.tests.test_warehouse_iter29.TestWarehouseStock" name="test_wh05_stock_value_calculation" time="0.195" /><testcase classname="backend.tests.test_warehouse_iter29.TestWarehouseStock" name="test_wh06_low_stock_count" time="0.473" /><testcase classname="backend.tests.test_warehouse_iter29.TestWarehouseStock" name="test_wh07_out_of_stock_count" time="0.335" /><testcase classname="backend.tests.test_warehouse_iter29.TestWarehouseStock" name="test_wh08_overstock_count" time="0.214" /><testcase classname="backend.tests.test_warehouse_iter29.TestWarehouseMovements" name="test_wh09_movements_inbound" time="0.181" /><testcase classname="backend.tests.test_warehouse_iter29.TestWarehouseMovements" name="test_wh10_movements_outbound" time="0.142" /><testcase classname="backend.tests.test_warehouse_iter29.TestWarehouseMovements" name="test_wh11_movements_timeline" time="0.159" /><testcase classname="backend.tests.test_warehouse_iter29.TestWarehouseMovements" name="test_wh12_daily_change" time="0.145" /><testcase classname="backend.tests.test_warehouse_iter29.TestWarehouseMovements" name="test_wh13_reconciliation_get" time="0.139" /><testcase classname="backend.tests.test_warehouse_iter29.TestWarehouseMovements" name="test_wh13_reconciliation_post" time="0.123" /><testcase classname="backend.tests.test_warehouse_iter29.TestWarehouseMovements" name="test_wh14_adjustments" time="0.114" /><testcase classname="backend.tests.test_warehouse_iter29.TestWarehouseTransfers" name="test_wh15_create_transfer" time="0.118" /><testcase classname="backend.tests.test_warehouse_iter29.TestWarehouseTransfers" name="test_wh16_allocate_transfer" time="0.261" /><testcase classname="backend.tests.test_warehouse_iter29.TestWarehouseTransfers" name="test_wh17_approve_transfer" time="0.373" /><testcase classname="backend.tests.test_warehouse_iter29.TestWarehouseTransfers" name="test_wh18_in_transit_transfers" time="0.100" /><testcase classname="backend.tests.test_warehouse_iter29.TestWarehouseTransfers" name="test_wh19_receive_transfer" time="0.538" /><testcase classname="backend.tests.test_warehouse_iter29.TestWarehouseTransfers" name="test_wh20_transfer_history" time="0.113" /><testcase classname="backend.tests.test_warehouse_iter29.TestWarehousePerformance" name="test_wh21_fulfillment_rate" time="0.203" /><testcase classname="backend.tests.test_warehouse_iter29.TestWarehousePerformance" name="test_wh22_avg_dispatch_hours" time="0.214" /><testcase classname="backend.tests.test_warehouse_iter29.TestWarehousePerformance" name="test_wh23_turnover_ratio" time="0.281" /><testcase classname="backend.tests.test_warehouse_iter29.TestWarehousePerformance" name="test_wh24_utilization" time="0.221" /><testcase classname="backend.tests.test_warehouse_iter29.TestWarehousePerformance" name="test_wh25_slow_moving" time="0.202" /><testcase classname="backend.tests.test_warehouse_iter29.TestWarehouseDashboard" name="test_wh26_dashboard_kpis" time="0.140" /><testcase classname="backend.tests.test_warehouse_iter29.TestWarehouseDashboard" name="test_wh27_category_chart" time="0.139" /><testcase classname="backend.tests.test_warehouse_iter29.TestWarehouseDashboard" name="test_wh28_movement_trend" time="0.187" /><testcase classname="backend.tests.test_warehouse_iter29.TestWarehouseDashboard" name="test_wh30_warehouse_comparison" time="0.132" /><testcase classname="backend.tests.test_warehouse_iter29.TestSeedDemo" name="test_seed_demo" time="0.116" /></testsuite></testsuites>