<?xml version="1.0" encoding="utf-8"?><testsuites name="pytest tests"><testsuite name="pytest" errors="0" failures="0" skipped="0" tests="17" time="27.663" timestamp="2026-04-17T09:25:28.279682+00:00" hostname="agent-env-3e59b20a-f0c9-4931-a955-2afd0a2a107c"><testcase classname="backend.tests.test_buy_planning_iter95.TestBuyPlanningAuth" name="test_store_wedge_get_without_auth_returns_error" time="0.265" /><testcase classname="backend.tests.test_buy_planning_iter95.TestBuyPlanningAuth" name="test_store_wedge_classify_without_auth_returns_error" time="0.105" /><testcase classname="backend.tests.test_buy_planning_iter95.TestBuyPlanningAuth" name="test_style_mix_get_without_auth_returns_error" time="0.107" /><testcase classname="backend.tests.test_buy_planning_iter95.TestBuyPlanningAuth" name="test_style_mix_classify_without_auth_returns_error" time="0.108" /><testcase classname="backend.tests.test_buy_planning_iter95.TestBuyPlanningAuth" name="test_assortment_matrix_without_auth_returns_error" time="0.106" /><testcase classname="backend.tests.test_buy_planning_iter95.TestStoreWedgeClassification" name="test_get_store_wedge_returns_stores" time="0.485" /><testcase classname="backend.tests.test_buy_planning_iter95.TestStoreWedgeClassification" name="test_store_wedge_has_wedge_class" time="0.120" /><testcase classname="backend.tests.test_buy_planning_iter95.TestStoreWedgeClassification" name="test_classify_store_wedge" time="0.340" /><testcase classname="backend.tests.test_buy_planning_iter95.TestStoreWedgeClassification" name="test_store_wedge_a_stores_top_80_percent" time="0.120" /><testcase classname="backend.tests.test_buy_planning_iter95.TestStyleMixClassification" name="test_get_style_mix_returns_styles" time="0.119" /><testcase classname="backend.tests.test_buy_planning_iter95.TestStyleMixClassification" name="test_style_mix_has_stats" time="0.116" /><testcase classname="backend.tests.test_buy_planning_iter95.TestStyleMixClassification" name="test_classify_style_mix" time="24.868" /><testcase classname="backend.tests.test_buy_planning_iter95.TestAssortmentMatrix" name="test_get_assortment_matrix" time="0.160" /><testcase classname="backend.tests.test_buy_planning_iter95.TestAssortmentMatrix" name="test_assortment_matrix_a_full_b_standard_c_core" time="0.118" /><testcase classname="backend.tests.test_buy_planning_iter95.TestAssortmentMatrix" name="test_assortment_matrix_style_breakdown" time="0.106" /><testcase classname="backend.tests.test_buy_planning_iter95.TestDataIntegrity" name="test_store_wedge_total_matches_summary" time="0.104" /><testcase classname="backend.tests.test_buy_planning_iter95.TestDataIntegrity" name="test_style_mix_total_matches_summary" time="0.120" /></testsuite></testsuites>