<?xml version="1.0" encoding="utf-8"?><testsuites name="pytest tests"><testsuite name="pytest" errors="0" failures="0" skipped="0" tests="20" time="2.296" timestamp="2026-04-02T08:11:15.626026+00:00" hostname="agent-env-3e59b20a-f0c9-4931-a955-2afd0a2a107c"><testcase classname="backend.tests.test_data_quality.TestDataQualityEndpoints" name="test_store_uploads_returns_array" time="0.168" /><testcase classname="backend.tests.test_data_quality.TestDataQualityEndpoints" name="test_store_uploads_returns_10_stores" time="0.139" /><testcase classname="backend.tests.test_data_quality.TestDataQualityEndpoints" name="test_store_uploads_has_required_fields" time="0.102" /><testcase classname="backend.tests.test_data_quality.TestDataQualityEndpoints" name="test_store_uploads_status_values" time="0.100" /><testcase classname="backend.tests.test_data_quality.TestDataQualityEndpoints" name="test_store_uploads_quality_scores_range" time="0.103" /><testcase classname="backend.tests.test_data_quality.TestDataQualityEndpoints" name="test_store_uploads_different_date" time="0.102" /><testcase classname="backend.tests.test_data_quality.TestDataQualityEndpoints" name="test_sla_metrics_returns_200" time="0.099" /><testcase classname="backend.tests.test_data_quality.TestDataQualityEndpoints" name="test_sla_metrics_has_compliance_rate" time="0.097" /><testcase classname="backend.tests.test_data_quality.TestDataQualityEndpoints" name="test_sla_metrics_has_file_counts" time="0.102" /><testcase classname="backend.tests.test_data_quality.TestDataQualityEndpoints" name="test_sla_metrics_has_by_file_type" time="0.105" /><testcase classname="backend.tests.test_data_quality.TestDataQualityEndpoints" name="test_sla_metrics_has_trend" time="0.126" /><testcase classname="backend.tests.test_data_quality.TestDataQualityEndpoints" name="test_scorecard_returns_200" time="0.129" /><testcase classname="backend.tests.test_data_quality.TestDataQualityEndpoints" name="test_scorecard_has_overall_score" time="0.111" /><testcase classname="backend.tests.test_data_quality.TestDataQualityEndpoints" name="test_scorecard_has_five_metrics" time="0.095" /><testcase classname="backend.tests.test_data_quality.TestDataQualityEndpoints" name="test_scorecard_metric_values_valid" time="0.101" /><testcase classname="backend.tests.test_data_quality.TestDataQualityEndpoints" name="test_scorecard_has_recommendations" time="0.103" /><testcase classname="backend.tests.test_data_quality.TestExistingEndpoints" name="test_root_endpoint" time="0.096" /><testcase classname="backend.tests.test_data_quality.TestExistingEndpoints" name="test_upload_status" time="0.097" /><testcase classname="backend.tests.test_data_quality.TestExistingEndpoints" name="test_sftp_status" time="0.110" /><testcase classname="backend.tests.test_data_quality.TestExistingEndpoints" name="test_sftp_stats" time="0.109" /></testsuite></testsuites>