<?xml version="1.0" encoding="utf-8"?><testsuites name="pytest tests"><testsuite name="pytest" errors="0" failures="0" skipped="0" tests="22" time="15.618" timestamp="2026-04-03T06:45:12.226328+00:00" hostname="agent-env-3e59b20a-f0c9-4931-a955-2afd0a2a107c"><testcase classname="backend.tests.test_ai_demand_planning.TestAIDemandPlanningEndpoints" name="test_ml_forecast_returns_200" time="2.000" /><testcase classname="backend.tests.test_ai_demand_planning.TestAIDemandPlanningEndpoints" name="test_ml_forecast_response_structure" time="0.688" /><testcase classname="backend.tests.test_ai_demand_planning.TestAIDemandPlanningEndpoints" name="test_ml_forecast_with_category_filter" time="0.731" /><testcase classname="backend.tests.test_ai_demand_planning.TestAIDemandPlanningEndpoints" name="test_ml_forecast_horizon_parameter" time="1.714" /><testcase classname="backend.tests.test_ai_demand_planning.TestAIDemandPlanningEndpoints" name="test_ml_forecast_confidence_intervals" time="0.721" /><testcase classname="backend.tests.test_ai_demand_planning.TestAIDemandPlanningEndpoints" name="test_stockout_risk_returns_200" time="0.512" /><testcase classname="backend.tests.test_ai_demand_planning.TestAIDemandPlanningEndpoints" name="test_stockout_risk_response_structure" time="0.491" /><testcase classname="backend.tests.test_ai_demand_planning.TestAIDemandPlanningEndpoints" name="test_stockout_risk_items_structure" time="0.470" /><testcase classname="backend.tests.test_ai_demand_planning.TestAIDemandPlanningEndpoints" name="test_topseller_prediction_returns_200" time="0.432" /><testcase classname="backend.tests.test_ai_demand_planning.TestAIDemandPlanningEndpoints" name="test_topseller_prediction_response_structure" time="0.463" /><testcase classname="backend.tests.test_ai_demand_planning.TestAIDemandPlanningEndpoints" name="test_reorder_optimisation_returns_200" time="0.446" /><testcase classname="backend.tests.test_ai_demand_planning.TestAIDemandPlanningEndpoints" name="test_reorder_optimisation_response_structure" time="0.451" /><testcase classname="backend.tests.test_ai_demand_planning.TestAIDemandPlanningEndpoints" name="test_reorder_optimisation_items_structure" time="0.467" /><testcase classname="backend.tests.test_ai_demand_planning.TestAIDemandPlanningEndpoints" name="test_reorder_optimisation_parameters" time="0.469" /><testcase classname="backend.tests.test_ai_demand_planning.TestAIDemandPlanningEndpoints" name="test_generate_plan_returns_200" time="0.749" /><testcase classname="backend.tests.test_ai_demand_planning.TestAIDemandPlanningEndpoints" name="test_generate_plan_response_structure" time="0.785" /><testcase classname="backend.tests.test_ai_demand_planning.TestAIDemandPlanningEndpoints" name="test_generate_plan_with_category_and_target" time="0.721" /><testcase classname="backend.tests.test_ai_demand_planning.TestAIDemandPlanningEndpoints" name="test_filter_options_returns_categories" time="0.402" /><testcase classname="backend.tests.test_ai_demand_planning.TestMLForecastEngine" name="test_ensemble_uses_multiple_models" time="0.685" /><testcase classname="backend.tests.test_ai_demand_planning.TestMLForecastEngine" name="test_forecast_values_are_positive" time="0.681" /><testcase classname="backend.tests.test_ai_demand_planning.TestMLForecastEngine" name="test_seasonality_factors_valid" time="0.694" /><testcase classname="backend.tests.test_ai_demand_planning.TestMLForecastEngine" name="test_growth_trend_classification" time="0.610" /></testsuite></testsuites>