<?xml version="1.0" encoding="utf-8"?><testsuites name="pytest tests"><testsuite name="pytest" errors="0" failures="0" skipped="0" tests="24" time="35.905" timestamp="2026-04-03T05:37:16.911338+00:00" hostname="agent-env-3e59b20a-f0c9-4931-a955-2afd0a2a107c"><testcase classname="backend.tests.test_iter31_modules.TestDataQualityModule" name="test_dq_data_checks_endpoint" time="0.682" /><testcase classname="backend.tests.test_iter31_modules.TestDataQualityModule" name="test_dq_category_scorecard_endpoint" time="0.235" /><testcase classname="backend.tests.test_iter31_modules.TestDataQualityModule" name="test_dq_trend_endpoint" time="0.125" /><testcase classname="backend.tests.test_iter31_modules.TestDataQualityModule" name="test_dq_export_csv" time="0.233" /><testcase classname="backend.tests.test_iter31_modules.TestFAQChatbotModule" name="test_chat_basic_functionality" time="2.920" /><testcase classname="backend.tests.test_iter31_modules.TestFAQChatbotModule" name="test_chat_rate_limiting" time="24.585" /><testcase classname="backend.tests.test_iter31_modules.TestFAQChatbotModule" name="test_chat_export" time="3.445" /><testcase classname="backend.tests.test_iter31_modules.TestUserManagementModule" name="test_user_list" time="0.119" /><testcase classname="backend.tests.test_iter31_modules.TestUserManagementModule" name="test_user_roles_list" time="0.116" /><testcase classname="backend.tests.test_iter31_modules.TestUserManagementModule" name="test_user_invitations_list" time="0.114" /><testcase classname="backend.tests.test_iter31_modules.TestUserManagementModule" name="test_user_profile_update" time="0.247" /><testcase classname="backend.tests.test_iter31_modules.TestUserManagementModule" name="test_user_bulk_import" time="0.114" /><testcase classname="backend.tests.test_iter31_modules.TestUserManagementModule" name="test_user_bulk_role_update" time="0.210" /><testcase classname="backend.tests.test_iter31_modules.TestUserManagementModule" name="test_user_password_reset" time="0.442" /><testcase classname="backend.tests.test_iter31_modules.TestUserManagementModule" name="test_user_system_role_protection" time="0.435" /><testcase classname="backend.tests.test_iter31_modules.TestTenantManagementModule" name="test_tenant_metrics" time="0.103" /><testcase classname="backend.tests.test_iter31_modules.TestTenantManagementModule" name="test_tenant_plan_change" time="0.221" /><testcase classname="backend.tests.test_iter31_modules.TestTenantManagementModule" name="test_tenant_currency_update" time="0.233" /><testcase classname="backend.tests.test_iter31_modules.TestTenantManagementModule" name="test_tenant_currency_invalid" time="0.104" /><testcase classname="backend.tests.test_iter31_modules.TestTenantManagementModule" name="test_tenant_filtered_list" time="0.304" /><testcase classname="backend.tests.test_iter31_modules.TestTenantManagementModule" name="test_tenant_export_csv" time="0.106" /><testcase classname="backend.tests.test_iter31_modules.TestTenantManagementModule" name="test_tenant_api_keys_list" time="0.108" /><testcase classname="backend.tests.test_iter31_modules.TestIntegration" name="test_auth_flow" time="0.330" /><testcase classname="backend.tests.test_iter31_modules.TestIntegration" name="test_api_health" time="0.109" /></testsuite></testsuites>