<?xml version="1.0" encoding="utf-8"?><testsuites name="pytest tests"><testsuite name="pytest" errors="0" failures="0" skipped="0" tests="19" time="7.398" timestamp="2026-04-09T17:37:42.925987+00:00" hostname="agent-env-3e59b20a-f0c9-4931-a955-2afd0a2a107c"><testcase classname="tests.test_p1p2_features_iter62.TestAuth" name="test_login_success" time="0.402" /><testcase classname="tests.test_p1p2_features_iter62.TestBICSVExport" name="test_bi_csv_sales_detail" time="2.246" /><testcase classname="tests.test_p1p2_features_iter62.TestBICSVExport" name="test_bi_csv_store_ranking" time="0.211" /><testcase classname="tests.test_p1p2_features_iter62.TestBICSVExport" name="test_bi_csv_category_breakdown" time="0.278" /><testcase classname="tests.test_p1p2_features_iter62.TestBICSVExport" name="test_bi_csv_channel_breakdown" time="0.159" /><testcase classname="tests.test_p1p2_features_iter62.TestBICSVExport" name="test_bi_csv_with_date_filter" time="0.141" /><testcase classname="tests.test_p1p2_features_iter62.TestBICSVExport" name="test_bi_csv_invalid_report" time="0.173" /><testcase classname="tests.test_p1p2_features_iter62.TestExecutiveCSVExport" name="test_executive_csv_export" time="0.678" /><testcase classname="tests.test_p1p2_features_iter62.TestConcurrentUploadLocking" name="test_upload_locks_exist_in_code" time="0.000" /><testcase classname="tests.test_p1p2_features_iter62.TestISTExecute" name="test_ist_execute_endpoint_exists" time="0.603" /><testcase classname="tests.test_p1p2_features_iter62.TestISTExecute" name="test_ist_execute_with_valid_transfers" time="0.298" /><testcase classname="tests.test_p1p2_features_iter62.TestISTExecute" name="test_ist_execute_insufficient_stock" time="0.119" /><testcase classname="tests.test_p1p2_features_iter62.TestReorderSave" name="test_reorder_save_endpoint" time="0.485" /><testcase classname="tests.test_p1p2_features_iter62.TestRegressionAnalytics" name="test_ros_endpoint" time="0.477" /><testcase classname="tests.test_p1p2_features_iter62.TestRegressionAnalytics" name="test_doh_analysis" time="0.166" /><testcase classname="tests.test_p1p2_features_iter62.TestRegressionAnalytics" name="test_ai_demand_forecast" time="0.351" /><testcase classname="tests.test_p1p2_features_iter62.TestRegressionAnalytics" name="test_planogram_analysis" time="0.150" /><testcase classname="tests.test_p1p2_features_iter62.TestRegressionAnalytics" name="test_replenishment_order_quantity" time="0.168" /><testcase classname="tests.test_p1p2_features_iter62.TestRegressionAnalytics" name="test_bi_overview" time="0.208" /></testsuite></testsuites>