<?xml version="1.0" encoding="utf-8"?><testsuites name="pytest tests"><testsuite name="pytest" errors="0" failures="0" skipped="0" tests="17" time="4.030" timestamp="2026-04-02T10:28:23.437381+00:00" hostname="agent-env-3e59b20a-f0c9-4931-a955-2afd0a2a107c"><testcase classname="backend.tests.test_replenishment.TestReplenishmentAPI" name="test_replenishment_endpoint_returns_200" time="0.227" /><testcase classname="backend.tests.test_replenishment.TestReplenishmentAPI" name="test_replenishment_response_has_summary" time="0.204" /><testcase classname="backend.tests.test_replenishment.TestReplenishmentAPI" name="test_replenishment_response_has_by_priority" time="0.214" /><testcase classname="backend.tests.test_replenishment.TestReplenishmentAPI" name="test_replenishment_response_has_by_store" time="0.255" /><testcase classname="backend.tests.test_replenishment.TestReplenishmentAPI" name="test_replenishment_response_has_by_style" time="0.198" /><testcase classname="backend.tests.test_replenishment.TestReplenishmentAPI" name="test_replenishment_response_has_detail" time="0.202" /><testcase classname="backend.tests.test_replenishment.TestReplenishmentAPI" name="test_replenishment_with_lead_time_param" time="0.195" /><testcase classname="backend.tests.test_replenishment.TestReplenishmentAPI" name="test_replenishment_with_safety_days_param" time="0.193" /><testcase classname="backend.tests.test_replenishment.TestReplenishmentAPI" name="test_replenishment_with_both_params" time="0.253" /><testcase classname="backend.tests.test_replenishment.TestReplenishmentAPI" name="test_replenishment_po_value_increases_with_lead_time" time="0.383" /><testcase classname="backend.tests.test_replenishment.TestReplenishmentAPI" name="test_replenishment_priority_values_are_valid" time="0.192" /><testcase classname="backend.tests.test_replenishment.TestReplenishmentAPI" name="test_replenishment_summary_values_are_valid_numbers" time="0.206" /><testcase classname="backend.tests.test_replenishment.TestReplenishmentRegressionAPIs" name="test_stock_out_endpoint_still_works" time="0.254" /><testcase classname="backend.tests.test_replenishment.TestReplenishmentRegressionAPIs" name="test_ros_gap_endpoint_still_works" time="0.238" /><testcase classname="backend.tests.test_replenishment.TestReplenishmentRegressionAPIs" name="test_size_gap_endpoint_still_works" time="0.176" /><testcase classname="backend.tests.test_replenishment.TestReplenishmentRegressionAPIs" name="test_noos_endpoint_still_works" time="0.231" /><testcase classname="backend.tests.test_replenishment.TestReplenishmentRegressionAPIs" name="test_filter_options_endpoint_still_works" time="0.318" /></testsuite></testsuites>