<?xml version="1.0" encoding="utf-8"?><testsuites name="pytest tests"><testsuite name="pytest" errors="0" failures="0" skipped="0" tests="15" time="3.308" timestamp="2026-04-13T09:09:05.385809+00:00" hostname="agent-env-3e59b20a-f0c9-4931-a955-2afd0a2a107c"><testcase classname="backend.tests.test_resilience_iter84.TestHealthEndpoints" name="test_health_main_endpoint" time="0.467" /><testcase classname="backend.tests.test_resilience_iter84.TestHealthEndpoints" name="test_health_memory_endpoint" time="0.054" /><testcase classname="backend.tests.test_resilience_iter84.TestHealthEndpoints" name="test_health_ready_endpoint" time="0.055" /><testcase classname="backend.tests.test_resilience_iter84.TestHealthEndpoints" name="test_health_live_endpoint" time="0.048" /><testcase classname="backend.tests.test_resilience_iter84.TestUploadStatusAPI" name="test_upload_status_returns_200" time="0.050" /><testcase classname="backend.tests.test_resilience_iter84.TestUploadStatusAPI" name="test_upload_status_has_all_file_types" time="0.049" /><testcase classname="backend.tests.test_resilience_iter84.TestUploadStatusAPI" name="test_upload_status_files_have_uploaded_field" time="0.053" /><testcase classname="backend.tests.test_resilience_iter84.TestUploadStatusAPI" name="test_upload_count_for_demo_tenant" time="0.050" /><testcase classname="backend.tests.test_resilience_iter84.TestAIDemandPlanningAPI" name="test_ai_demand_options_returns_200" time="0.126" /><testcase classname="backend.tests.test_resilience_iter84.TestAIDemandPlanningAPI" name="test_ai_demand_data_health_returns_200" time="0.112" /><testcase classname="backend.tests.test_resilience_iter84.TestAIDemandPlanningAPI" name="test_ai_demand_plans_returns_200" time="0.076" /><testcase classname="backend.tests.test_resilience_iter84.TestAIDemandPlanningAPI" name="test_demo_tenant_has_existing_plan" time="0.080" /><testcase classname="backend.tests.test_resilience_iter84.TestStockOutRegression" name="test_stock_out_api_returns_200" time="1.431" /><testcase classname="backend.tests.test_resilience_iter84.TestStockOutRegression" name="test_stock_out_has_summary" time="0.278" /><testcase classname="backend.tests.test_resilience_iter84.TestStockOutRegression" name="test_stock_out_has_top_skus" time="0.279" /></testsuite></testsuites>