<?xml version="1.0" encoding="utf-8"?><testsuites name="pytest tests"><testsuite name="pytest" errors="0" failures="0" skipped="0" tests="27" time="5.867" timestamp="2026-04-02T16:05:13.677685+00:00" hostname="agent-env-3e59b20a-f0c9-4931-a955-2afd0a2a107c"><testcase classname="tests.test_multi_tenant.TestTenantManagement" name="test_list_tenants" time="0.228" /><testcase classname="tests.test_multi_tenant.TestTenantManagement" name="test_check_subdomain_available" time="0.113" /><testcase classname="tests.test_multi_tenant.TestTenantManagement" name="test_check_subdomain_taken" time="0.111" /><testcase classname="tests.test_multi_tenant.TestTenantManagement" name="test_tenant_status_demo" time="0.159" /><testcase classname="tests.test_multi_tenant.TestTenantManagement" name="test_tenant_status_acme" time="0.139" /><testcase classname="tests.test_multi_tenant.TestTenantManagement" name="test_tenant_not_found" time="0.173" /><testcase classname="tests.test_multi_tenant.TestAuthentication" name="test_login_demo_tenant" time="0.337" /><testcase classname="tests.test_multi_tenant.TestAuthentication" name="test_login_invalid_credentials" time="0.355" /><testcase classname="tests.test_multi_tenant.TestAuthentication" name="test_login_without_tenant_header" time="0.362" /><testcase classname="tests.test_multi_tenant.TestAuthentication" name="test_auth_me_endpoint" time="0.487" /><testcase classname="tests.test_multi_tenant.TestAuthentication" name="test_auth_me_without_token" time="0.105" /><testcase classname="tests.test_multi_tenant.TestTenantDataIsolation" name="test_demo_tenant_has_data" time="0.102" /><testcase classname="tests.test_multi_tenant.TestTenantDataIsolation" name="test_acme_tenant_no_data" time="0.127" /><testcase classname="tests.test_multi_tenant.TestTenantDataIsolation" name="test_analytics_with_demo_tenant" time="0.160" /><testcase classname="tests.test_multi_tenant.TestTenantDataIsolation" name="test_analytics_with_acme_tenant" time="0.116" /><testcase classname="tests.test_multi_tenant.TestBackwardCompatibility" name="test_upload_status_without_tenant" time="0.125" /><testcase classname="tests.test_multi_tenant.TestBackwardCompatibility" name="test_analytics_overview_without_tenant" time="0.160" /><testcase classname="tests.test_multi_tenant.TestBackwardCompatibility" name="test_executive_dashboard_without_tenant" time="0.714" /><testcase classname="tests.test_multi_tenant.TestBackwardCompatibility" name="test_ros_gap_analysis" time="0.245" /><testcase classname="tests.test_multi_tenant.TestBackwardCompatibility" name="test_stock_out_analysis" time="0.220" /><testcase classname="tests.test_multi_tenant.TestBackwardCompatibility" name="test_doh_analysis" time="0.280" /><testcase classname="tests.test_multi_tenant.TestBackwardCompatibility" name="test_planogram_fill_rate" time="0.261" /><testcase classname="tests.test_multi_tenant.TestBackwardCompatibility" name="test_replenishment_plan" time="0.242" /><testcase classname="tests.test_multi_tenant.TestBackwardCompatibility" name="test_filter_options" time="0.144" /><testcase classname="tests.test_multi_tenant.TestTenantCreation" name="test_create_tenant_validation" time="0.107" /><testcase classname="tests.test_multi_tenant.TestTenantCreation" name="test_create_tenant_subdomain_pattern" time="0.109" /><testcase classname="tests.test_multi_tenant.TestTenantCreation" name="test_create_tenant_duplicate_subdomain" time="0.110" /></testsuite></testsuites>