<?xml version="1.0" encoding="utf-8"?><testsuites name="pytest tests"><testsuite name="pytest" errors="0" failures="0" skipped="0" tests="25" time="4.174" timestamp="2026-04-06T06:42:36.218714+00:00" hostname="agent-env-3e59b20a-f0c9-4931-a955-2afd0a2a107c"><testcase classname="tests.test_security_hardening_iter44.TestEnhancedHealthCheck" name="test_health_check_returns_enhanced_response" time="0.251" /><testcase classname="tests.test_security_hardening_iter44.TestSecurityHeaders" name="test_security_headers_on_health_endpoint" time="0.104" /><testcase classname="tests.test_security_hardening_iter44.TestSecurityHeaders" name="test_security_headers_on_api_root" time="0.112" /><testcase classname="tests.test_security_hardening_iter44.TestSecurityHeaders" name="test_cache_control_header_on_api" time="0.102" /><testcase classname="tests.test_security_hardening_iter44.TestCorrelationIDs" name="test_correlation_id_in_response" time="0.096" /><testcase classname="tests.test_security_hardening_iter44.TestCorrelationIDs" name="test_request_duration_in_response" time="0.105" /><testcase classname="tests.test_security_hardening_iter44.TestCorrelationIDs" name="test_correlation_id_on_login_endpoint" time="0.319" /><testcase classname="tests.test_security_hardening_iter44.TestDemoTenantLogin" name="test_demo_login_success" time="0.365" /><testcase classname="tests.test_security_hardening_iter44.TestDemoTenantLogin" name="test_demo_login_invalid_credentials" time="0.319" /><testcase classname="tests.test_security_hardening_iter44.TestSignupValidation" name="test_signup_rejects_weak_password" time="0.100" /><testcase classname="tests.test_security_hardening_iter44.TestSignupValidation" name="test_signup_rejects_password_without_number" time="0.100" /><testcase classname="tests.test_security_hardening_iter44.TestSignupValidation" name="test_signup_rejects_reserved_subdomain" time="0.116" /><testcase classname="tests.test_security_hardening_iter44.TestSignupValidation" name="test_signup_rejects_short_subdomain" time="0.107" /><testcase classname="tests.test_security_hardening_iter44.TestNoSQLInjectionPrevention" name="test_signup_rejects_nosql_injection_in_email" time="0.095" /><testcase classname="tests.test_security_hardening_iter44.TestNoSQLInjectionPrevention" name="test_signup_rejects_nosql_ne_operator" time="0.097" /><testcase classname="tests.test_security_hardening_iter44.TestGlobalErrorHandler" name="test_error_response_has_correlation_id" time="0.097" /><testcase classname="tests.test_security_hardening_iter44.TestGlobalErrorHandler" name="test_error_response_no_stack_trace" time="0.103" /><testcase classname="tests.test_security_hardening_iter44.TestRequestSizeLimits" name="test_oversized_json_returns_413" time="0.256" /><testcase classname="tests.test_security_hardening_iter44.TestVerifyEmailEndpoint" name="test_verify_email_invalid_token" time="0.120" /><testcase classname="tests.test_security_hardening_iter44.TestRateLimitingDecorators" name="test_login_endpoint_responds" time="0.322" /><testcase classname="tests.test_security_hardening_iter44.TestRateLimitingDecorators" name="test_signup_endpoint_responds" time="0.384" /><testcase classname="tests.test_security_hardening_iter44.TestSecurityHeaderValues" name="test_xss_protection_header" time="0.097" /><testcase classname="tests.test_security_hardening_iter44.TestSecurityHeaderValues" name="test_referrer_policy_header" time="0.105" /><testcase classname="tests.test_security_hardening_iter44.TestSecurityHeaderValues" name="test_permissions_policy_header" time="0.101" /><testcase classname="tests.test_security_hardening_iter44.TestSecurityHeaderValues" name="test_csp_header" time="0.098" /></testsuite></testsuites>