<?xml version="1.0" encoding="utf-8"?><testsuites name="pytest tests"><testsuite name="pytest" errors="0" failures="0" skipped="0" tests="16" time="2.069" timestamp="2026-04-06T06:31:49.222615+00:00" hostname="agent-env-3e59b20a-f0c9-4931-a955-2afd0a2a107c"><testcase classname="backend.tests.test_branding_iter43.TestBrandingBackend" name="test_api_root_branding" time="0.157" /><testcase classname="backend.tests.test_branding_iter43.TestBrandingBackend" name="test_login_returns_no_increff" time="0.353" /><testcase classname="backend.tests.test_branding_iter43.TestBrandingBackend" name="test_signup_register_endpoint" time="0.722" /><testcase classname="backend.tests.test_branding_iter43.TestBrandingBackend" name="test_tenants_list_no_increff" time="0.098" /><testcase classname="backend.tests.test_branding_iter43.TestBrandingEnvConfig" name="test_from_name_env_var" time="0.000" /><testcase classname="backend.tests.test_branding_iter43.TestBrandingFrontendFiles" name="test_login_page_branding" time="0.000" /><testcase classname="backend.tests.test_branding_iter43.TestBrandingFrontendFiles" name="test_signup_page_branding" time="0.000" /><testcase classname="backend.tests.test_branding_iter43.TestBrandingFrontendFiles" name="test_core_logics_branding" time="0.000" /><testcase classname="backend.tests.test_branding_iter43.TestBrandingFrontendFiles" name="test_onboarding_wizard_branding" time="0.000" /><testcase classname="backend.tests.test_branding_iter43.TestBrandingFrontendFiles" name="test_executive_dashboard_branding" time="0.000" /><testcase classname="backend.tests.test_branding_iter43.TestBrandingFrontendFiles" name="test_app_js_sidebar_branding" time="0.000" /><testcase classname="backend.tests.test_branding_iter43.TestBrandingFrontendFiles" name="test_index_html_title" time="0.000" /><testcase classname="backend.tests.test_branding_iter43.TestBrandingBackendFiles" name="test_server_py_branding" time="0.000" /><testcase classname="backend.tests.test_branding_iter43.TestBrandingBackendFiles" name="test_smtp_email_service_branding" time="0.000" /><testcase classname="backend.tests.test_branding_iter43.TestExistingFlowsStillWork" name="test_demo_tenant_login" time="0.341" /><testcase classname="backend.tests.test_branding_iter43.TestExistingFlowsStillWork" name="test_acme_tenant_login" time="0.321" /></testsuite></testsuites>