<?xml version="1.0" encoding="utf-8"?><testsuites name="pytest tests"><testsuite name="pytest" errors="0" failures="0" skipped="0" tests="20" time="7.231" timestamp="2026-04-16T06:01:18.303153+00:00" hostname="agent-env-3e59b20a-f0c9-4931-a955-2afd0a2a107c"><testcase classname="backend.tests.test_audit_trail_iter89.TestAuditLogEndpoints" name="test_01_get_audit_logs_returns_200" time="0.470" /><testcase classname="backend.tests.test_audit_trail_iter89.TestAuditLogEndpoints" name="test_02_get_audit_logs_with_pagination" time="0.131" /><testcase classname="backend.tests.test_audit_trail_iter89.TestAuditLogEndpoints" name="test_03_get_audit_logs_filter_by_action" time="0.117" /><testcase classname="backend.tests.test_audit_trail_iter89.TestAuditLogEndpoints" name="test_04_get_audit_logs_filter_by_actor_email" time="0.128" /><testcase classname="backend.tests.test_audit_trail_iter89.TestAuditLogEndpoints" name="test_05_get_audit_logs_filter_by_tenant" time="0.139" /><testcase classname="backend.tests.test_audit_trail_iter89.TestAuditLogEndpoints" name="test_06_get_audit_logs_401_without_token" time="0.118" /><testcase classname="backend.tests.test_audit_trail_iter89.TestAuditLogEndpoints" name="test_07_get_audit_logs_403_for_regular_user" time="0.454" /><testcase classname="backend.tests.test_audit_trail_iter89.TestAuditLogActions" name="test_08_get_action_types_returns_200" time="0.105" /><testcase classname="backend.tests.test_audit_trail_iter89.TestAuditLogActions" name="test_09_get_action_types_401_without_token" time="0.123" /><testcase classname="backend.tests.test_audit_trail_iter89.TestAuditLogActions" name="test_10_get_action_types_403_for_regular_user" time="0.119" /><testcase classname="backend.tests.test_audit_trail_iter89.TestAuditLogExport" name="test_11_export_csv_returns_csv_file" time="0.110" /><testcase classname="backend.tests.test_audit_trail_iter89.TestAuditLogExport" name="test_12_export_csv_with_filters" time="0.108" /><testcase classname="backend.tests.test_audit_trail_iter89.TestAuditLogExport" name="test_13_export_csv_401_without_token" time="0.115" /><testcase classname="backend.tests.test_audit_trail_iter89.TestAuditLogExport" name="test_14_export_csv_403_for_regular_user" time="0.106" /><testcase classname="backend.tests.test_audit_trail_iter89.TestImpersonationAuditLogging" name="test_15_impersonation_start_logs_audit_event" time="0.859" /><testcase classname="backend.tests.test_audit_trail_iter89.TestImpersonationAuditLogging" name="test_16_impersonation_end_logs_audit_event" time="0.961" /><testcase classname="backend.tests.test_audit_trail_iter89.TestUserOperationsAuditLogging" name="test_17_user_role_change_logs_audit_event" time="0.966" /><testcase classname="backend.tests.test_audit_trail_iter89.TestUserOperationsAuditLogging" name="test_18_user_status_change_logs_audit_event" time="0.953" /><testcase classname="backend.tests.test_audit_trail_iter89.TestImpersonationMiddlewareAutoLogging" name="test_19_impersonated_request_auto_logged" time="0.956" /><testcase classname="backend.tests.test_audit_trail_iter89.TestAuditLogDataStructure" name="test_20_audit_log_has_required_fields" time="0.116" /></testsuite></testsuites>