<?xml version="1.0" encoding="utf-8"?><testsuites name="pytest tests"><testsuite name="pytest" errors="0" failures="0" skipped="0" tests="30" time="10.646" timestamp="2026-04-02T16:20:56.212996+00:00" hostname="agent-env-3e59b20a-f0c9-4931-a955-2afd0a2a107c"><testcase classname="tests.test_rbac.TestRBACSetup" name="test_login_returns_permissions" time="0.487" /><testcase classname="tests.test_rbac.TestRolesEndpoint" name="test_get_roles_admin" time="0.469" /><testcase classname="tests.test_rbac.TestRolesEndpoint" name="test_get_roles_no_auth" time="0.127" /><testcase classname="tests.test_rbac.TestUsersListEndpoint" name="test_list_users_admin" time="0.514" /><testcase classname="tests.test_rbac.TestUsersListEndpoint" name="test_list_users_no_auth" time="0.105" /><testcase classname="tests.test_rbac.TestInviteFlow" name="test_invite_user" time="0.449" /><testcase classname="tests.test_rbac.TestInviteFlow" name="test_invite_invalid_role" time="0.114" /><testcase classname="tests.test_rbac.TestInviteFlow" name="test_list_invitations" time="0.116" /><testcase classname="tests.test_rbac.TestInviteFlow" name="test_accept_invite" time="0.533" /><testcase classname="tests.test_rbac.TestInviteFlow" name="test_accept_invalid_token" time="0.101" /><testcase classname="tests.test_rbac.TestRoleUpdate" name="test_update_user_role" time="1.110" /><testcase classname="tests.test_rbac.TestRoleUpdate" name="test_cannot_change_own_role" time="0.118" /><testcase classname="tests.test_rbac.TestUserRemoval" name="test_remove_user" time="1.272" /><testcase classname="tests.test_rbac.TestUserRemoval" name="test_cannot_remove_self" time="0.111" /><testcase classname="tests.test_rbac.TestPermissionsEndpoint" name="test_get_my_permissions_admin" time="0.452" /><testcase classname="tests.test_rbac.TestAuditLog" name="test_get_audit_log" time="0.444" /><testcase classname="tests.test_rbac.TestAuditLog" name="test_audit_log_no_auth" time="0.113" /><testcase classname="tests.test_rbac.TestRBACEnforcement" name="test_non_admin_cannot_list_users" time="0.949" /><testcase classname="tests.test_rbac.TestRBACEnforcement" name="test_non_admin_cannot_list_roles" time="0.130" /><testcase classname="tests.test_rbac.TestRBACEnforcement" name="test_non_admin_cannot_invite" time="0.109" /><testcase classname="tests.test_rbac.TestRBACEnforcement" name="test_non_admin_cannot_list_invitations" time="0.119" /><testcase classname="tests.test_rbac.TestRBACEnforcement" name="test_non_admin_cannot_update_role" time="0.247" /><testcase classname="tests.test_rbac.TestRBACEnforcement" name="test_non_admin_cannot_remove_user" time="0.108" /><testcase classname="tests.test_rbac.TestRBACEnforcement" name="test_non_admin_cannot_view_audit_log" time="0.127" /><testcase classname="tests.test_rbac.TestRBACEnforcement" name="test_non_admin_can_view_own_permissions" time="0.112" /><testcase classname="tests.test_rbac.TestRegressionExistingEndpoints" name="test_executive_dashboard" time="1.040" /><testcase classname="tests.test_rbac.TestRegressionExistingEndpoints" name="test_analytics_overview" time="0.122" /><testcase classname="tests.test_rbac.TestRegressionExistingEndpoints" name="test_upload_status" time="0.109" /><testcase classname="tests.test_rbac.TestRegressionExistingEndpoints" name="test_filter_options" time="0.140" /><testcase classname="tests.test_rbac.TestRegressionExistingEndpoints" name="test_logout_flow" time="0.584" /></testsuite></testsuites>