<?xml version="1.0" encoding="utf-8"?><testsuites name="pytest tests"><testsuite name="pytest" errors="0" failures="0" skipped="0" tests="15" time="6.875" timestamp="2026-04-03T09:29:54.924611+00:00" hostname="agent-env-3e59b20a-f0c9-4931-a955-2afd0a2a107c"><testcase classname="tests.test_onboarding_fallback_iter39.TestDemoTenantWithCSVData" name="test_filter_options_returns_csv_data" time="0.568" /><testcase classname="tests.test_onboarding_fallback_iter39.TestDemoTenantWithCSVData" name="test_ai_demand_options_returns_csv_data" time="0.433" /><testcase classname="tests.test_onboarding_fallback_iter39.TestDemoTenantWithCSVData" name="test_validate_data_availability_includes_onboarding_fallback" time="0.438" /><testcase classname="tests.test_onboarding_fallback_iter39.TestAcmeTenantWithOnboardingData" name="test_filter_options_returns_onboarding_data" time="0.390" /><testcase classname="tests.test_onboarding_fallback_iter39.TestAcmeTenantWithOnboardingData" name="test_ai_demand_options_returns_onboarding_data" time="0.384" /><testcase classname="tests.test_onboarding_fallback_iter39.TestAcmeTenantWithOnboardingData" name="test_onboarding_fallback_is_true_for_acme" time="0.359" /><testcase classname="tests.test_onboarding_fallback_iter39.TestCSVPrecedenceOverOnboarding" name="test_csv_data_takes_precedence" time="0.433" /><testcase classname="tests.test_onboarding_fallback_iter39.TestRegressionExistingAnalyticsEndpoints" name="test_analytics_overview" time="0.404" /><testcase classname="tests.test_onboarding_fallback_iter39.TestRegressionExistingAnalyticsEndpoints" name="test_analytics_executive_kpis" time="0.452" /><testcase classname="tests.test_onboarding_fallback_iter39.TestRegressionExistingAnalyticsEndpoints" name="test_ai_demand_forecast" time="0.961" /><testcase classname="tests.test_onboarding_fallback_iter39.TestRegressionExistingAnalyticsEndpoints" name="test_ai_demand_stockout_risk" time="0.467" /><testcase classname="tests.test_onboarding_fallback_iter39.TestOnboardingDataStructure" name="test_get_categories_returns_onboarding_root_categories" time="0.380" /><testcase classname="tests.test_onboarding_fallback_iter39.TestOnboardingDataStructure" name="test_get_subcategories_returns_onboarding_child_categories" time="0.367" /><testcase classname="tests.test_onboarding_fallback_iter39.TestOnboardingDataStructure" name="test_get_channels_returns_onboarding_marketplaces" time="0.367" /><testcase classname="tests.test_onboarding_fallback_iter39.TestOnboardingDataStructure" name="test_get_regions_returns_onboarding_store_states" time="0.370" /></testsuite></testsuites>