<?xml version="1.0" encoding="utf-8"?><testsuites name="pytest tests"><testsuite name="pytest" errors="0" failures="0" skipped="0" tests="11" time="2.748" timestamp="2026-04-02T10:04:51.507886+00:00" hostname="agent-env-3e59b20a-f0c9-4931-a955-2afd0a2a107c"><testcase classname="backend.tests.test_ros_gap.TestROSGapAnalysis" name="test_ros_gap_endpoint_returns_200" time="0.291" /><testcase classname="backend.tests.test_ros_gap.TestROSGapAnalysis" name="test_ros_gap_has_summary" time="0.234" /><testcase classname="backend.tests.test_ros_gap.TestROSGapAnalysis" name="test_ros_gap_has_style_ros_gap" time="0.289" /><testcase classname="backend.tests.test_ros_gap.TestROSGapAnalysis" name="test_ros_gap_has_store_health" time="0.284" /><testcase classname="backend.tests.test_ros_gap.TestROSGapAnalysis" name="test_ros_gap_has_noos_styles" time="0.235" /><testcase classname="backend.tests.test_ros_gap.TestROSGapAnalysis" name="test_ros_gap_summary_values_valid" time="0.230" /><testcase classname="backend.tests.test_ros_gap.TestROSGapAnalysis" name="test_ros_gap_style_status_values" time="0.233" /><testcase classname="backend.tests.test_ros_gap.TestROSGapAnalysis" name="test_ros_gap_with_filters" time="0.336" /><testcase classname="backend.tests.test_ros_gap.TestExistingGapAnalysisEndpoints" name="test_noos_endpoint_still_works" time="0.246" /><testcase classname="backend.tests.test_ros_gap.TestExistingGapAnalysisEndpoints" name="test_size_gap_endpoint_still_works" time="0.163" /><testcase classname="backend.tests.test_ros_gap.TestExistingGapAnalysisEndpoints" name="test_filter_options_endpoint" time="0.143" /></testsuite></testsuites>